
CGRA - Modelling and Exploration (http://cgra-me.ece.utoronto.ca/)
Copyright (c) 2015-2023 University of Toronto. All Rights Reserved.
For research and academic purposes only. Commercial use is prohibited.
Please email questions to: Jason Anderson (janders@ece.utoronto.ca)
Compiled: Sep  8 2025 21:45:01

[INFO] Parsing DFG...
[INFO] Using C++ architecture ID 3
[INFO] Architecture description: Elastic RIKEN Architecture
[INFO] Creating "3" Architecture from C++...
[INFO] Creating MRRG...
[INFO] Creating Mapper 'ClusteredMapper'...
[INFO] Reducing MRRG...
[INFO] Mapping...
SEED: 10
Num of ops: 72Final Result
cluster
Const_54(const)
fmul_31(fmul)
fadd_47(fadd)
cluster
Const_55(const)
fmul_27(fmul)
fadd_44(fadd)
cluster
Const_56(const)
fmul_34(fmul)
fadd_50(fadd)
cluster
Const_57(const)
fmul_18(fmul)
fadd_36(fadd)
cluster
Const_58(const)
fmul_33(fmul)
fadd_49(fadd)
cluster
Const_59(const)
fmul_19(fmul)
cluster
Const_60(const)
fmul_29(fmul)
fadd_45(fadd)
cluster
Const_61(const)
fmul_22(fmul)
fadd_39(fadd)
cluster
Const_62(const)
fmul_32(fmul)
fadd_48(fadd)
cluster
Const_63(const)
fmul_24(fmul)
fadd_41(fadd)
cluster
Const_64(const)
fmul_26(fmul)
fadd_43(fadd)
cluster
Const_65(const)
fmul_28(fmul)
cluster
Const_66(const)
fmul_30(fmul)
fadd_46(fadd)
cluster
Const_67(const)
fmul_21(fmul)
fadd_38(fadd)
cluster
Const_68(const)
fmul_23(fmul)
fadd_40(fadd)
cluster
Const_69(const)
fmul_35(fmul)
fadd_51(fadd)
cluster
Const_70(const)
fmul_25(fmul)
fadd_42(fadd)
cluster
Const_71(const)
fmul_20(fmul)
fadd_37(fadd)
cluster
Load_0(input)
cluster
Load_1(input)
cluster
Load_10(input)
cluster
Load_11(input)
cluster
Load_12(input)
cluster
Load_13(input)
cluster
Load_14(input)
cluster
Load_15(input)
cluster
Load_16(input)
cluster
Load_17(input)
cluster
Load_2(input)
cluster
Load_3(input)
cluster
Load_4(input)
cluster
Load_5(input)
cluster
Load_6(input)
cluster
Load_7(input)
cluster
Load_8(input)
cluster
Load_9(input)
cluster
Store_52(output)
cluster
Store_53(output)
start of PCKM:Packing Mapper +0.000000 @0.000000
  end of PCKM:Packing Mapper +0.029998 @0.029998
start of PCKM:Packing Mapper +0.000000 @0.000000
  end of PCKM:Packing Mapper +0.030021 @0.030021
   start of CGRA-ME +0.000000 @0.000000
create architecture +0.045876 @0.045876
        create MRRG +0.023384 @0.069259
        reduce MRRG +0.186844 @0.256103
     end of CGRA-ME +0.040117 @0.296220
