
CGRA - Modelling and Exploration (http://cgra-me.ece.utoronto.ca/)
Copyright (c) 2015-2023 University of Toronto. All Rights Reserved.
For research and academic purposes only. Commercial use is prohibited.
Please email questions to: Jason Anderson (janders@ece.utoronto.ca)
Compiled: Sep  8 2025 21:45:01

[INFO] Parsing DFG...
[INFO] Using C++ architecture ID 3
[INFO] Architecture description: Elastic RIKEN Architecture
[INFO] Creating "3" Architecture from C++...
[INFO] Creating MRRG...
[INFO] Creating Mapper 'ClusteredMapper'...
[INFO] Reducing MRRG...
[INFO] Mapping...
SEED: 10
Num of ops: 62Final Result
cluster
Const_10(const)
fmul_26(fmul)
fsub_46(fadd)
cluster
Const_11(const)
fmul_28(fmul)
fsub_45(fadd)
cluster
Const_12(const)
fmul_30(fmul)
fadd_47(fadd)
cluster
Const_13(const)
fmul_32(fmul)
fadd_43(fadd)
cluster
Const_8(const)
fmul_22(fmul)
fsub_42(fadd)
cluster
Const_9(const)
fmul_24(fmul)
fadd_44(fadd)
cluster
Load_0(input)
cluster
Load_1(input)
cluster
Load_2(input)
cluster
Load_3(input)
cluster
Load_4(input)
cluster
Load_5(input)
cluster
Load_6(input)
cluster
Load_7(input)
cluster
Const_10_dup0(const)
fmul_27(fmul)
fadd_40(fadd)
cluster
Const_11_dup0(const)
fmul_29(fmul)
fsub_38(fadd)
cluster
Const_12_dup0(const)
fmul_31(fmul)
cluster
Const_13_dup0(const)
fmul_33(fmul)
fsub_41(fadd)
cluster
Const_8_dup0(const)
fmul_23(fmul)
cluster
Const_9_dup0(const)
fmul_25(fmul)
cluster
Store_54(output)
cluster
Store_53(output)
cluster
Store_55(output)
cluster
Store_51(output)
cluster
Store_50(output)
cluster
Store_52(output)
cluster
fsub_14(fadd)
cluster
fadd_15(fadd)
cluster
fadd_16(fadd)
cluster
fsub_17(fadd)
cluster
fadd_18(fadd)
cluster
fsub_19(fadd)
cluster
fadd_20(fadd)
cluster
fsub_21(fadd)
cluster
fsub_34(fadd)
cluster
fadd_35(fadd)
cluster
fsub_36(fadd)
cluster
fadd_37(fadd)
cluster
fadd_39(fadd)
cluster
Store_48(output)
cluster
Store_49(output)
start of PCKM:Packing Mapper +0.000000 @0.000000
  end of PCKM:Packing Mapper +0.016110 @0.016110
start of PCKM:Packing Mapper +0.000000 @0.000000
  end of PCKM:Packing Mapper +0.016128 @0.016128
   start of CGRA-ME +0.000000 @0.000000
create architecture +0.022334 @0.022334
        create MRRG +0.012979 @0.035313
        reduce MRRG +0.044213 @0.079526
     end of CGRA-ME +0.022953 @0.102479
