
CGRA - Modelling and Exploration (http://cgra-me.ece.utoronto.ca/)
Copyright (c) 2015-2023 University of Toronto. All Rights Reserved.
For research and academic purposes only. Commercial use is prohibited.
Please email questions to: Jason Anderson (janders@ece.utoronto.ca)
Compiled: Sep  8 2025 21:45:01

[INFO] Parsing DFG...
[INFO] Using C++ architecture ID 3
[INFO] Architecture description: Elastic RIKEN Architecture
[INFO] Creating "3" Architecture from C++...
[INFO] Creating MRRG...
[INFO] Creating Mapper 'ClusteredMapper'...
[INFO] Reducing MRRG...
[INFO] Mapping...
SEED: 10
Num of ops: 40Final Result
cluster
Const_30(const)
FMUL_16(fmul)
FADD_25(fadd)
cluster
Const_31(const)
FMUL_13(fmul)
FADD_20(fadd)
cluster
Const_32(const)
FMUL_14(fmul)
FADD_22(fadd)
cluster
Const_33(const)
FMUL_17(fmul)
FADD_26(fadd)
cluster
Const_34(const)
FMUL_11(fmul)
FADD_21(fadd)
cluster
Const_35(const)
FMUL_18(fmul)
FADD_24(fadd)
cluster
Const_36(const)
FMUL_15(fmul)
cluster
Const_37(const)
FMUL_12(fmul)
cluster
Const_38(const)
FMUL_10(fmul)
cluster
Const_39(const)
FMUL_19(fmul)
cluster
Load_0(input)
cluster
Load_1(input)
cluster
Load_2(input)
cluster
Load_3(input)
cluster
Load_4(input)
cluster
Load_5(input)
cluster
Load_6(input)
cluster
Load_7(input)
cluster
Load_8(input)
cluster
Load_9(input)
cluster
FADD_27(fadd)
cluster
FADD_23(fadd)
cluster
Store_29(output)
cluster
Store_28(output)
Finding delta Costs:
Total Cost: 104.985
ITERATION: 0
Initial Temperature is 99.2462
initial mapping: Operation Mapping Result:
Const_30(const):   0:pe_c0_r0.Imm_2.const

Const_31(const):   0:pe_c0_r2.Imm_2.const

Const_32(const):   0:pe_c3_r3.Imm_2.const

Const_33(const):   0:pe_c2_r1.Imm_2.const

Const_34(const):   0:pe_c0_r3.Imm_2.const

Const_35(const):   0:pe_c0_r1.Imm_2.const

Const_36(const):   0:pe_c1_r0.Imm_2.const

Const_37(const):   0:pe_c2_r0.Imm_2.const

Const_38(const):   0:pe_c3_r1.Imm_2.const

Const_39(const):   0:pe_c2_r3.Imm_2.const

FADD_20(fadd):   0:pe_c0_r2.FuncUnit.FuncUnit_FPALU.fpunit

FADD_21(fadd):   0:pe_c0_r3.FuncUnit.FuncUnit_FPALU.fpunit

FADD_22(fadd):   0:pe_c3_r3.FuncUnit.FuncUnit_FPALU.fpunit

FADD_23(fadd):   0:pe_c1_r1.FuncUnit.FuncUnit_FPALU.fpunit

FADD_24(fadd):   0:pe_c0_r1.FuncUnit.FuncUnit_FPALU.fpunit

FADD_25(fadd):   0:pe_c0_r0.FuncUnit.FuncUnit_FPALU.fpunit

FADD_26(fadd):   0:pe_c2_r1.FuncUnit.FuncUnit_FPALU.fpunit

FADD_27(fadd):   0:pe_c3_r1.FuncUnit.FuncUnit_FPALU.fpunit

FMUL_10(fmul):   0:pe_c3_r1.FuncUnit_2.FuncUnit_2_FPALU.fpunit

FMUL_11(fmul):   0:pe_c0_r3.FuncUnit_2.FuncUnit_2_FPALU.fpunit

FMUL_12(fmul):   0:pe_c2_r0.FuncUnit_2.FuncUnit_2_FPALU.fpunit

FMUL_13(fmul):   0:pe_c0_r2.FuncUnit_2.FuncUnit_2_FPALU.fpunit

FMUL_14(fmul):   0:pe_c3_r3.FuncUnit_2.FuncUnit_2_FPALU.fpunit

FMUL_15(fmul):   0:pe_c1_r0.FuncUnit_2.FuncUnit_2_FPALU.fpunit

FMUL_16(fmul):   0:pe_c0_r0.FuncUnit_2.FuncUnit_2_FPALU.fpunit

FMUL_17(fmul):   0:pe_c2_r1.FuncUnit_2.FuncUnit_2_FPALU.fpunit

FMUL_18(fmul):   0:pe_c0_r1.FuncUnit_2.FuncUnit_2_FPALU.fpunit

FMUL_19(fmul):   0:pe_c2_r3.FuncUnit_2.FuncUnit_2_FPALU.fpunit

Load_0(input):   0:io_bottom_2.IOPin.io

Load_1(input):   0:io_right_2.IOPin.io

Load_2(input):   0:io_top_0.IOPin.io

Load_3(input):   0:io_left_0.IOPin.io

Load_4(input):   0:io_bottom_3.IOPin.io

Load_5(input):   0:io_right_3.IOPin.io

Load_6(input):   0:io_left_1.IOPin.io

Load_7(input):   0:io_top_1.IOPin.io

Load_8(input):   0:io_bottom_0.IOPin.io

Load_9(input):   0:io_right_1.IOPin.io

Store_28(output):   0:io_top_2.IOPin.io

Store_29(output):   0:io_left_2.IOPin.io


Connection Mapping Result:
Const_30_out:
__NOT_MAPPED__
Const_31_out:
__NOT_MAPPED__
Const_32_out:
__NOT_MAPPED__
Const_33_out:
__NOT_MAPPED__
Const_34_out:
__NOT_MAPPED__
Const_35_out:
__NOT_MAPPED__
Const_36_out:
__NOT_MAPPED__
Const_37_out:
__NOT_MAPPED__
Const_38_out:
__NOT_MAPPED__
Const_39_out:
__NOT_MAPPED__
FADD_20_out:
__NOT_MAPPED__
FADD_21_out:
__NOT_MAPPED__
FADD_22_out:
__NOT_MAPPED__
FADD_23_out:
__NOT_MAPPED__
FADD_24_out:
__NOT_MAPPED__
FADD_25_out:
__NOT_MAPPED__
FADD_26_out:
__NOT_MAPPED__
FADD_27_out:
__NOT_MAPPED__
FMUL_10_out:
__NOT_MAPPED__
FMUL_11_out:
__NOT_MAPPED__
FMUL_12_out:
__NOT_MAPPED__
FMUL_13_out:
__NOT_MAPPED__
FMUL_14_out:
__NOT_MAPPED__
FMUL_15_out:
__NOT_MAPPED__
FMUL_16_out:
__NOT_MAPPED__
FMUL_17_out:
__NOT_MAPPED__
FMUL_18_out:
__NOT_MAPPED__
FMUL_19_out:
__NOT_MAPPED__
Load_0_out:
__NOT_MAPPED__
Load_1_out:
__NOT_MAPPED__
Load_2_out:
__NOT_MAPPED__
Load_3_out:
__NOT_MAPPED__
Load_4_out:
__NOT_MAPPED__
Load_5_out:
__NOT_MAPPED__
Load_6_out:
__NOT_MAPPED__
Load_7_out:
__NOT_MAPPED__
Load_8_out:
__NOT_MAPPED__
Load_9_out:
__NOT_MAPPED__
Begin annealing
Iteration start: temp=99.2462
Iteration start: temp=94.2839
Iteration start: temp=89.5697
Iteration start: temp=85.0912
Iteration start: temp=80.8367
Iteration start: temp=76.7948
Iteration start: temp=72.9551
Iteration start: temp=69.3073
Iteration start: temp=65.842
Iteration start: temp=62.5499
Iteration start: temp=59.4224
Iteration start: temp=56.4513
Iteration start: temp=53.6287
Iteration start: temp=50.9473
Iteration start: temp=48.3999
Iteration start: temp=45.9799
Iteration start: temp=43.6809
Iteration start: temp=41.4969
Iteration start: temp=39.422
Iteration start: temp=37.4509
Iteration start: temp=35.5784
Iteration start: temp=33.7995
Iteration start: temp=32.1095
Iteration start: temp=30.504
Iteration start: temp=28.9788
Iteration start: temp=27.5299
Iteration start: temp=26.1534
Iteration start: temp=24.8457
Iteration start: temp=23.6034
Iteration start: temp=22.4232
Iteration start: temp=21.3021
Iteration start: temp=20.237
Iteration start: temp=19.2251
Iteration start: temp=18.2639
Iteration start: temp=17.3507
Iteration start: temp=16.4831
Iteration start: temp=15.659
Iteration start: temp=14.876
Iteration start: temp=14.1322
Iteration start: temp=13.4256
Iteration start: temp=12.7543
Iteration start: temp=12.1166
Iteration start: temp=11.5108
Iteration start: temp=10.9353
Iteration start: temp=10.3885
Iteration start: temp=9.86907
Iteration start: temp=9.37562
Iteration start: temp=8.90684
Iteration start: temp=8.46149
Iteration start: temp=8.03842
Iteration start: temp=7.6365
Iteration start: temp=7.25467
Iteration start: temp=6.89194
Iteration start: temp=6.54734
Iteration start: temp=6.21998
Iteration start: temp=5.90898
Iteration start: temp=5.61353
Iteration start: temp=5.33285
Iteration start: temp=5.06621
Iteration start: temp=4.8129
Iteration start: temp=4.57225
Iteration start: temp=4.34364
Iteration start: temp=4.12646
Iteration start: temp=3.92014
Iteration start: temp=3.72413
Iteration start: temp=3.53792
Iteration start: temp=3.36103
Iteration start: temp=3.19298
Iteration start: temp=3.03333
Iteration start: temp=2.88166
Iteration start: temp=2.30533
Iteration start: temp=1.84426
Iteration start: temp=1.47541
Iteration start: temp=1.18033
Iteration start: temp=0.944262
Iteration start: temp=0.75541
Iteration start: temp=0.604328
Iteration start: temp=0.483462
Iteration start: temp=0.38677
Iteration start: temp=0.309416
Iteration start: temp=0.247533
Iteration start: temp=0.198026
Iteration start: temp=0.158421
Iteration start: temp=0.126737
Iteration start: temp=0.101389
Iteration start: temp=0.0811115
Iteration start: temp=0.0648892
Operation Mapping Result:
Const_30(const):   0:pe_c0_r0.Imm_2.const

Const_31(const):   0:pe_c3_r1.Imm_2.const

Const_32(const):   0:pe_c3_r2.Imm_2.const

Const_33(const):   0:pe_c0_r3.Imm_2.const

Const_34(const):   0:pe_c2_r0.Imm_2.const

Const_35(const):   0:pe_c0_r2.Imm_2.const

Const_36(const):   0:pe_c1_r0.Imm_2.const

Const_37(const):   0:pe_c3_r3.Imm_2.const

Const_38(const):   0:pe_c3_r0.Imm_2.const

Const_39(const):   0:pe_c1_r3.Imm_2.const

FADD_20(fadd):   0:pe_c3_r1.FuncUnit.FuncUnit_FPALU.fpunit

FADD_21(fadd):   0:pe_c2_r0.FuncUnit.FuncUnit_FPALU.fpunit

FADD_22(fadd):   0:pe_c3_r2.FuncUnit.FuncUnit_FPALU.fpunit

FADD_23(fadd):   0:pe_c3_r0.FuncUnit.FuncUnit_FPALU.fpunit

FADD_24(fadd):   0:pe_c0_r2.FuncUnit.FuncUnit_FPALU.fpunit

FADD_25(fadd):   0:pe_c0_r0.FuncUnit.FuncUnit_FPALU.fpunit

FADD_26(fadd):   0:pe_c0_r3.FuncUnit.FuncUnit_FPALU.fpunit

FADD_27(fadd):   0:pe_c0_r1.FuncUnit.FuncUnit_FPALU.fpunit

FMUL_10(fmul):   0:pe_c3_r0.FuncUnit_2.FuncUnit_2_FPALU.fpunit

FMUL_11(fmul):   0:pe_c2_r0.FuncUnit_2.FuncUnit_2_FPALU.fpunit

FMUL_12(fmul):   0:pe_c3_r3.FuncUnit_2.FuncUnit_2_FPALU.fpunit

FMUL_13(fmul):   0:pe_c3_r1.FuncUnit_2.FuncUnit_2_FPALU.fpunit

FMUL_14(fmul):   0:pe_c3_r2.FuncUnit_2.FuncUnit_2_FPALU.fpunit

FMUL_15(fmul):   0:pe_c1_r0.FuncUnit_2.FuncUnit_2_FPALU.fpunit

FMUL_16(fmul):   0:pe_c0_r0.FuncUnit_2.FuncUnit_2_FPALU.fpunit

FMUL_17(fmul):   0:pe_c0_r3.FuncUnit_2.FuncUnit_2_FPALU.fpunit

FMUL_18(fmul):   0:pe_c0_r2.FuncUnit_2.FuncUnit_2_FPALU.fpunit

FMUL_19(fmul):   0:pe_c1_r3.FuncUnit_2.FuncUnit_2_FPALU.fpunit

Load_0(input):   0:io_right_0.IOPin.io

Load_1(input):   0:io_top_2.IOPin.io

Load_2(input):   0:io_bottom_3.IOPin.io

Load_3(input):   0:io_right_1.IOPin.io

Load_4(input):   0:io_right_2.IOPin.io

Load_5(input):   0:io_top_1.IOPin.io

Load_6(input):   0:io_left_0.IOPin.io

Load_7(input):   0:io_bottom_0.IOPin.io

Load_8(input):   0:io_left_2.IOPin.io

Load_9(input):   0:io_bottom_1.IOPin.io

Store_28(output):   0:io_top_3.IOPin.io

Store_29(output):   0:io_left_1.IOPin.io


Connection Mapping Result:
Const_30_out:
__NOT_MAPPED__
Const_31_out:
__NOT_MAPPED__
Const_32_out:
__NOT_MAPPED__
Const_33_out:
__NOT_MAPPED__
Const_34_out:
__NOT_MAPPED__
Const_35_out:
__NOT_MAPPED__
Const_36_out:
__NOT_MAPPED__
Const_37_out:
__NOT_MAPPED__
Const_38_out:
__NOT_MAPPED__
Const_39_out:
__NOT_MAPPED__
FADD_20_out:
__NOT_MAPPED__
FADD_21_out:
__NOT_MAPPED__
FADD_22_out:
__NOT_MAPPED__
FADD_23_out:
__NOT_MAPPED__
FADD_24_out:
__NOT_MAPPED__
FADD_25_out:
__NOT_MAPPED__
FADD_26_out:
__NOT_MAPPED__
FADD_27_out:
__NOT_MAPPED__
FMUL_10_out:
__NOT_MAPPED__
FMUL_11_out:
__NOT_MAPPED__
FMUL_12_out:
__NOT_MAPPED__
FMUL_13_out:
__NOT_MAPPED__
FMUL_14_out:
__NOT_MAPPED__
FMUL_15_out:
__NOT_MAPPED__
FMUL_16_out:
__NOT_MAPPED__
FMUL_17_out:
__NOT_MAPPED__
FMUL_18_out:
__NOT_MAPPED__
FMUL_19_out:
__NOT_MAPPED__
Load_0_out:
__NOT_MAPPED__
Load_1_out:
__NOT_MAPPED__
Load_2_out:
__NOT_MAPPED__
Load_3_out:
__NOT_MAPPED__
Load_4_out:
__NOT_MAPPED__
Load_5_out:
__NOT_MAPPED__
Load_6_out:
__NOT_MAPPED__
Load_7_out:
__NOT_MAPPED__
Load_8_out:
__NOT_MAPPED__
Load_9_out:
__NOT_MAPPED__
MAPPING From: Const_30 FMUL_16 1  1
0:pe_c0_r0.FuncUnit_2.FuncUnit_2_FPALU.fpunit
Const_30 FMUL_16   -1any2input
cost 3.03
0:pe_c0_r0.Imm_2.out
0:pe_c0_r0.Imm_2.out
0:pe_c0_r0.Imm_fork_2.out0
0:pe_c0_r0.muxA_2.mux
MAPPING From: Const_31 FMUL_13 1  1
0:pe_c3_r1.FuncUnit_2.FuncUnit_2_FPALU.fpunit
Const_31 FMUL_13   -1any2input
cost 3.03
0:pe_c3_r1.Imm_2.out
0:pe_c3_r1.Imm_2.out
0:pe_c3_r1.Imm_fork_2.out0
0:pe_c3_r1.muxA_2.mux
MAPPING From: Const_32 FMUL_14 1  1
0:pe_c3_r2.FuncUnit_2.FuncUnit_2_FPALU.fpunit
Const_32 FMUL_14   -1any2input
cost 3.03
0:pe_c3_r2.Imm_2.out
0:pe_c3_r2.Imm_2.out
0:pe_c3_r2.Imm_fork_2.out0
0:pe_c3_r2.muxA_2.mux
MAPPING From: Const_33 FMUL_17 1  1
0:pe_c0_r3.FuncUnit_2.FuncUnit_2_FPALU.fpunit
Const_33 FMUL_17   -1any2input
cost 3.03
0:pe_c0_r3.Imm_2.out
0:pe_c0_r3.Imm_2.out
0:pe_c0_r3.Imm_fork_2.out0
0:pe_c0_r3.muxA_2.mux
MAPPING From: Const_34 FMUL_11 1  1
0:pe_c2_r0.FuncUnit_2.FuncUnit_2_FPALU.fpunit
Const_34 FMUL_11   -1any2input
cost 3.03
0:pe_c2_r0.Imm_2.out
0:pe_c2_r0.Imm_2.out
0:pe_c2_r0.Imm_fork_2.out0
0:pe_c2_r0.muxA_2.mux
MAPPING From: Const_35 FMUL_18 1  1
0:pe_c0_r2.FuncUnit_2.FuncUnit_2_FPALU.fpunit
Const_35 FMUL_18   -1any2input
cost 3.03
0:pe_c0_r2.Imm_2.out
0:pe_c0_r2.Imm_2.out
0:pe_c0_r2.Imm_fork_2.out0
0:pe_c0_r2.muxA_2.mux
MAPPING From: Const_36 FMUL_15 1  1
0:pe_c1_r0.FuncUnit_2.FuncUnit_2_FPALU.fpunit
Const_36 FMUL_15   -1any2input
cost 3.03
0:pe_c1_r0.Imm_2.out
0:pe_c1_r0.Imm_2.out
0:pe_c1_r0.Imm_fork_2.out0
0:pe_c1_r0.muxA_2.mux
MAPPING From: Const_37 FMUL_12 1  1
0:pe_c3_r3.FuncUnit_2.FuncUnit_2_FPALU.fpunit
Const_37 FMUL_12   -1any2input
cost 3.03
0:pe_c3_r3.Imm_2.out
0:pe_c3_r3.Imm_2.out
0:pe_c3_r3.Imm_fork_2.out0
0:pe_c3_r3.muxA_2.mux
MAPPING From: Const_38 FMUL_10 1  1
0:pe_c3_r0.FuncUnit_2.FuncUnit_2_FPALU.fpunit
Const_38 FMUL_10   -1any2input
cost 3.03
0:pe_c3_r0.Imm_2.out
0:pe_c3_r0.Imm_2.out
0:pe_c3_r0.Imm_fork_2.out0
0:pe_c3_r0.muxA_2.mux
MAPPING From: Const_39 FMUL_19 1  1
0:pe_c1_r3.FuncUnit_2.FuncUnit_2_FPALU.fpunit
Const_39 FMUL_19   -1any2input
cost 3.03
0:pe_c1_r3.Imm_2.out
0:pe_c1_r3.Imm_2.out
0:pe_c1_r3.Imm_fork_2.out0
0:pe_c1_r3.muxA_2.mux
MAPPING From: FADD_20 FADD_23 1  1
0:pe_c3_r0.FuncUnit.FuncUnit_FPALU.fpunit
FADD_20 FADD_23   -1any2input
cost 8.08
0:pe_c3_r1.FuncUnit.FuncUnit_FPALU.out
0:pe_c3_r1.FuncUnit.FuncUnit_FPALU.out
0:pe_c3_r1.crossbar.fork_crossbar6.out0
0:pe_c3_r1.crossbar.mux_0.mux
0:pe_c3_r0.reg2.reg
0:pe_c3_r0.crossbar.in2
0:pe_c3_r0.crossbar.fork_crossbar2.out5
0:pe_c3_r0.crossbar.mux_5.mux
0:pe_c3_r0.muxA.mux
MAPPING From: FADD_21 FADD_23 1  1
0:pe_c3_r0.FuncUnit.FuncUnit_FPALU.fpunit
FADD_21 FADD_23   -1any2input
cost 8.08
0:pe_c2_r0.FuncUnit.FuncUnit_FPALU.out
0:pe_c2_r0.FuncUnit.FuncUnit_FPALU.out
0:pe_c2_r0.crossbar.fork_crossbar6.out1
0:pe_c2_r0.crossbar.mux_1.mux
0:pe_c3_r0.reg3.reg
0:pe_c3_r0.crossbar.in3
0:pe_c3_r0.crossbar.fork_crossbar3.out6
0:pe_c3_r0.crossbar.mux_6.mux
0:pe_c3_r0.muxB.mux
MAPPING From: FADD_22 FADD_20 1  1
0:pe_c3_r1.FuncUnit.FuncUnit_FPALU.fpunit
FADD_22 FADD_20   -1any2input
cost 8.08
0:pe_c3_r2.FuncUnit.FuncUnit_FPALU.out
0:pe_c3_r2.FuncUnit.FuncUnit_FPALU.out
0:pe_c3_r2.crossbar.fork_crossbar6.out0
0:pe_c3_r2.crossbar.mux_0.mux
0:pe_c3_r1.reg2.reg
0:pe_c3_r1.crossbar.in2
0:pe_c3_r1.crossbar.fork_crossbar2.out6
0:pe_c3_r1.crossbar.mux_6.mux
0:pe_c3_r1.muxA.mux
MAPPING From: FADD_23 Store_28 1  1
0:io_top_3.IOPin.io
FADD_23 Store_28   -1
cost 5.05
0:pe_c3_r0.FuncUnit.FuncUnit_FPALU.out
0:pe_c3_r0.FuncUnit.FuncUnit_FPALU.out
0:pe_c3_r0.crossbar.fork_crossbar5.out0
0:pe_c3_r0.crossbar.mux_0.mux
0:io_top_3.reg_in.reg
0:io_top_3.IOPin.in
MAPPING From: FADD_24 FADD_27 1  1
0:pe_c0_r1.FuncUnit.FuncUnit_FPALU.fpunit
FADD_24 FADD_27   -1any2input
cost 8.08
0:pe_c0_r2.FuncUnit.FuncUnit_FPALU.out
0:pe_c0_r2.FuncUnit.FuncUnit_FPALU.out
0:pe_c0_r2.crossbar.fork_crossbar6.out0
0:pe_c0_r2.crossbar.mux_0.mux
0:pe_c0_r1.reg2.reg
0:pe_c0_r1.crossbar.in2
0:pe_c0_r1.crossbar.fork_crossbar2.out6
0:pe_c0_r1.crossbar.mux_6.mux
0:pe_c0_r1.muxA.mux
MAPPING From: FADD_25 FADD_27 1  1
0:pe_c0_r1.FuncUnit.FuncUnit_FPALU.fpunit
FADD_25 FADD_27   -1any2input
cost 8.08
0:pe_c0_r0.FuncUnit.FuncUnit_FPALU.out
0:pe_c0_r0.FuncUnit.FuncUnit_FPALU.out
0:pe_c0_r0.crossbar.fork_crossbar5.out2
0:pe_c0_r0.crossbar.mux_2.mux
0:pe_c0_r1.reg0.reg
0:pe_c0_r1.crossbar.in0
0:pe_c0_r1.crossbar.fork_crossbar0.out7
0:pe_c0_r1.crossbar.mux_7.mux
0:pe_c0_r1.muxB.mux
MAPPING From: FADD_26 FADD_24 1  1
0:pe_c0_r2.FuncUnit.FuncUnit_FPALU.fpunit
FADD_26 FADD_24   -1any2input
cost 8.08
0:pe_c0_r3.FuncUnit.FuncUnit_FPALU.out
0:pe_c0_r3.FuncUnit.FuncUnit_FPALU.out
0:pe_c0_r3.crossbar.fork_crossbar5.out0
0:pe_c0_r3.crossbar.mux_0.mux
0:pe_c0_r2.reg2.reg
0:pe_c0_r2.crossbar.in2
0:pe_c0_r2.crossbar.fork_crossbar2.out6
0:pe_c0_r2.crossbar.mux_6.mux
0:pe_c0_r2.muxA.mux
MAPPING From: FADD_27 Store_29 1  1
0:io_left_1.IOPin.io
FADD_27 Store_29   -1
cost 5.05
0:pe_c0_r1.FuncUnit.FuncUnit_FPALU.out
0:pe_c0_r1.FuncUnit.FuncUnit_FPALU.out
0:pe_c0_r1.crossbar.fork_crossbar6.out3
0:pe_c0_r1.crossbar.mux_3.mux
0:io_left_1.reg_in.reg
0:io_left_1.IOPin.in
MAPPING From: FMUL_10 FADD_21 1  1
0:pe_c2_r0.FuncUnit.FuncUnit_FPALU.fpunit
FMUL_10 FADD_21   -1any2input
cost 8.08
0:pe_c3_r0.FuncUnit_2.FuncUnit_2_FPALU.out
0:pe_c3_r0.FuncUnit_2.FuncUnit_2_FPALU.out
0:pe_c3_r0.crossbar.fork_crossbar6.out3
0:pe_c3_r0.crossbar.mux_3.mux
0:pe_c2_r0.reg1.reg
0:pe_c2_r0.crossbar.in1
0:pe_c2_r0.crossbar.fork_crossbar1.out7
0:pe_c2_r0.crossbar.mux_7.mux
0:pe_c2_r0.muxB.mux
MAPPING From: FMUL_11 FADD_21 1  1
0:pe_c2_r0.FuncUnit.FuncUnit_FPALU.fpunit
FMUL_11 FADD_21   -1any2input
cost 4.04
0:pe_c2_r0.FuncUnit_2.FuncUnit_2_FPALU.out
0:pe_c2_r0.FuncUnit_2.FuncUnit_2_FPALU.out
0:pe_c2_r0.crossbar.fork_crossbar7.out6
0:pe_c2_r0.crossbar.mux_6.mux
0:pe_c2_r0.muxA.mux
MAPPING From: FMUL_12 FADD_22 1  1
0:pe_c3_r2.FuncUnit.FuncUnit_FPALU.fpunit
FMUL_12 FADD_22   -1any2input
cost 8.08
0:pe_c3_r3.FuncUnit_2.FuncUnit_2_FPALU.out
0:pe_c3_r3.FuncUnit_2.FuncUnit_2_FPALU.out
0:pe_c3_r3.crossbar.fork_crossbar6.out0
0:pe_c3_r3.crossbar.mux_0.mux
0:pe_c3_r2.reg2.reg
0:pe_c3_r2.crossbar.in2
0:pe_c3_r2.crossbar.fork_crossbar2.out6
0:pe_c3_r2.crossbar.mux_6.mux
0:pe_c3_r2.muxA.mux
MAPPING From: FMUL_13 FADD_20 1  1
0:pe_c3_r1.FuncUnit.FuncUnit_FPALU.fpunit
FMUL_13 FADD_20   -1any2input
cost 4.04
0:pe_c3_r1.FuncUnit_2.FuncUnit_2_FPALU.out
0:pe_c3_r1.FuncUnit_2.FuncUnit_2_FPALU.out
0:pe_c3_r1.crossbar.fork_crossbar7.out7
0:pe_c3_r1.crossbar.mux_7.mux
0:pe_c3_r1.muxB.mux
MAPPING From: FMUL_14 FADD_22 1  1
0:pe_c3_r2.FuncUnit.FuncUnit_FPALU.fpunit
FMUL_14 FADD_22   -1any2input
cost 4.04
0:pe_c3_r2.FuncUnit_2.FuncUnit_2_FPALU.out
0:pe_c3_r2.FuncUnit_2.FuncUnit_2_FPALU.out
0:pe_c3_r2.crossbar.fork_crossbar7.out7
0:pe_c3_r2.crossbar.mux_7.mux
0:pe_c3_r2.muxB.mux
MAPPING From: FMUL_15 FADD_25 1  1
0:pe_c0_r0.FuncUnit.FuncUnit_FPALU.fpunit
FMUL_15 FADD_25   -1any2input
cost 8.08
0:pe_c1_r0.FuncUnit_2.FuncUnit_2_FPALU.out
0:pe_c1_r0.FuncUnit_2.FuncUnit_2_FPALU.out
0:pe_c1_r0.crossbar.fork_crossbar7.out3
0:pe_c1_r0.crossbar.mux_3.mux
0:pe_c0_r0.reg1.reg
0:pe_c0_r0.crossbar.in1
0:pe_c0_r0.crossbar.fork_crossbar1.out5
0:pe_c0_r0.crossbar.mux_5.mux
0:pe_c0_r0.muxA.mux
MAPPING From: FMUL_16 FADD_25 1  1
0:pe_c0_r0.FuncUnit.FuncUnit_FPALU.fpunit
FMUL_16 FADD_25   -1any2input
cost 4.04
0:pe_c0_r0.FuncUnit_2.FuncUnit_2_FPALU.out
0:pe_c0_r0.FuncUnit_2.FuncUnit_2_FPALU.out
0:pe_c0_r0.crossbar.fork_crossbar6.out6
0:pe_c0_r0.crossbar.mux_6.mux
0:pe_c0_r0.muxB.mux
MAPPING From: FMUL_17 FADD_26 1  1
0:pe_c0_r3.FuncUnit.FuncUnit_FPALU.fpunit
FMUL_17 FADD_26   -1any2input
cost 4.04
0:pe_c0_r3.FuncUnit_2.FuncUnit_2_FPALU.out
0:pe_c0_r3.FuncUnit_2.FuncUnit_2_FPALU.out
0:pe_c0_r3.crossbar.fork_crossbar6.out5
0:pe_c0_r3.crossbar.mux_5.mux
0:pe_c0_r3.muxA.mux
MAPPING From: FMUL_18 FADD_24 1  1
0:pe_c0_r2.FuncUnit.FuncUnit_FPALU.fpunit
FMUL_18 FADD_24   -1any2input
cost 4.04
0:pe_c0_r2.FuncUnit_2.FuncUnit_2_FPALU.out
0:pe_c0_r2.FuncUnit_2.FuncUnit_2_FPALU.out
0:pe_c0_r2.crossbar.fork_crossbar7.out7
0:pe_c0_r2.crossbar.mux_7.mux
0:pe_c0_r2.muxB.mux
MAPPING From: FMUL_19 FADD_26 1  1
0:pe_c0_r3.FuncUnit.FuncUnit_FPALU.fpunit
FMUL_19 FADD_26   -1any2input
cost 8.08
0:pe_c1_r3.FuncUnit_2.FuncUnit_2_FPALU.out
0:pe_c1_r3.FuncUnit_2.FuncUnit_2_FPALU.out
0:pe_c1_r3.crossbar.fork_crossbar7.out3
0:pe_c1_r3.crossbar.mux_3.mux
0:pe_c0_r3.reg1.reg
0:pe_c0_r3.crossbar.in1
0:pe_c0_r3.crossbar.fork_crossbar1.out6
0:pe_c0_r3.crossbar.mux_6.mux
0:pe_c0_r3.muxB.mux
MAPPING From: Load_0 FMUL_10 1  1
0:pe_c3_r0.FuncUnit_2.FuncUnit_2_FPALU.fpunit
Load_0 FMUL_10   -1any2input
cost 8.08
0:io_right_0.IOPin.out
0:io_right_0.IOPin.out
0:io_right_0.reg_out.reg
0:io_right_0.out
0:pe_c3_r0.reg1.reg
0:pe_c3_r0.crossbar.in1
0:pe_c3_r0.crossbar.fork_crossbar1.out8
0:pe_c3_r0.crossbar.mux_8.mux
0:pe_c3_r0.muxB_2.mux
MAPPING From: Load_1 FMUL_11 1  1
0:pe_c2_r0.FuncUnit_2.FuncUnit_2_FPALU.fpunit
Load_1 FMUL_11   -1any2input
cost 8.08
0:io_top_2.IOPin.out
0:io_top_2.IOPin.out
0:io_top_2.reg_out.reg
0:io_top_2.out
0:pe_c2_r0.reg0.reg
0:pe_c2_r0.crossbar.in0
0:pe_c2_r0.crossbar.fork_crossbar0.out9
0:pe_c2_r0.crossbar.mux_9.mux
0:pe_c2_r0.muxB_2.mux
MAPPING From: Load_2 FMUL_12 1  1
0:pe_c3_r3.FuncUnit_2.FuncUnit_2_FPALU.fpunit
Load_2 FMUL_12   -1any2input
cost 8.08
0:io_bottom_3.IOPin.out
0:io_bottom_3.IOPin.out
0:io_bottom_3.reg_out.reg
0:io_bottom_3.out
0:pe_c3_r3.reg2.reg
0:pe_c3_r3.crossbar.in2
0:pe_c3_r3.crossbar.fork_crossbar2.out8
0:pe_c3_r3.crossbar.mux_8.mux
0:pe_c3_r3.muxB_2.mux
MAPPING From: Load_3 FMUL_13 1  1
0:pe_c3_r1.FuncUnit_2.FuncUnit_2_FPALU.fpunit
Load_3 FMUL_13   -1any2input
cost 8.08
0:io_right_1.IOPin.out
0:io_right_1.IOPin.out
0:io_right_1.reg_out.reg
0:io_right_1.out
0:pe_c3_r1.reg1.reg
0:pe_c3_r1.crossbar.in1
0:pe_c3_r1.crossbar.fork_crossbar1.out9
0:pe_c3_r1.crossbar.mux_9.mux
0:pe_c3_r1.muxB_2.mux
MAPPING From: Load_4 FMUL_14 1  1
0:pe_c3_r2.FuncUnit_2.FuncUnit_2_FPALU.fpunit
Load_4 FMUL_14   -1any2input
cost 8.08
0:io_right_2.IOPin.out
0:io_right_2.IOPin.out
0:io_right_2.reg_out.reg
0:io_right_2.out
0:pe_c3_r2.reg1.reg
0:pe_c3_r2.crossbar.in1
0:pe_c3_r2.crossbar.fork_crossbar1.out9
0:pe_c3_r2.crossbar.mux_9.mux
0:pe_c3_r2.muxB_2.mux
MAPPING From: Load_5 FMUL_15 1  1
0:pe_c1_r0.FuncUnit_2.FuncUnit_2_FPALU.fpunit
Load_5 FMUL_15   -1any2input
cost 8.08
0:io_top_1.IOPin.out
0:io_top_1.IOPin.out
0:io_top_1.reg_out.reg
0:io_top_1.out
0:pe_c1_r0.reg0.reg
0:pe_c1_r0.crossbar.in0
0:pe_c1_r0.crossbar.fork_crossbar0.out9
0:pe_c1_r0.crossbar.mux_9.mux
0:pe_c1_r0.muxB_2.mux
MAPPING From: Load_6 FMUL_16 1  1
0:pe_c0_r0.FuncUnit_2.FuncUnit_2_FPALU.fpunit
Load_6 FMUL_16   -1any2input
cost 8.08
0:io_left_0.IOPin.out
0:io_left_0.IOPin.out
0:io_left_0.reg_out.reg
0:io_left_0.out
0:pe_c0_r0.reg3.reg
0:pe_c0_r0.crossbar.in3
0:pe_c0_r0.crossbar.fork_crossbar3.out8
0:pe_c0_r0.crossbar.mux_8.mux
0:pe_c0_r0.muxB_2.mux
MAPPING From: Load_7 FMUL_17 1  1
0:pe_c0_r3.FuncUnit_2.FuncUnit_2_FPALU.fpunit
Load_7 FMUL_17   -1any2input
cost 8.08
0:io_bottom_0.IOPin.out
0:io_bottom_0.IOPin.out
0:io_bottom_0.reg_out.reg
0:io_bottom_0.out
0:pe_c0_r3.reg2.reg
0:pe_c0_r3.crossbar.in2
0:pe_c0_r3.crossbar.fork_crossbar2.out8
0:pe_c0_r3.crossbar.mux_8.mux
0:pe_c0_r3.muxB_2.mux
MAPPING From: Load_8 FMUL_18 1  1
0:pe_c0_r2.FuncUnit_2.FuncUnit_2_FPALU.fpunit
Load_8 FMUL_18   -1any2input
cost 8.08
0:io_left_2.IOPin.out
0:io_left_2.IOPin.out
0:io_left_2.reg_out.reg
0:io_left_2.out
0:pe_c0_r2.reg3.reg
0:pe_c0_r2.crossbar.in3
0:pe_c0_r2.crossbar.fork_crossbar3.out9
0:pe_c0_r2.crossbar.mux_9.mux
0:pe_c0_r2.muxB_2.mux
MAPPING From: Load_9 FMUL_19 1  1
0:pe_c1_r3.FuncUnit_2.FuncUnit_2_FPALU.fpunit
Load_9 FMUL_19   -1any2input
cost 8.08
0:io_bottom_1.IOPin.out
0:io_bottom_1.IOPin.out
0:io_bottom_1.reg_out.reg
0:io_bottom_1.out
0:pe_c1_r3.reg2.reg
0:pe_c1_r3.crossbar.in2
0:pe_c1_r3.crossbar.fork_crossbar2.out9
0:pe_c1_r3.crossbar.mux_9.mux
0:pe_c1_r3.muxB_2.mux
GRAPH COVERED: 1   1
Number of routing resoucres used: 224
Finding delta Costs:
Total Cost: 31.43
start of PCKM:Packing Mapper +0.000000 @0.000000
  end of PCKM:Packing Mapper +0.302154 @0.302154
start of PCKM:Packing Mapper +0.000000 @0.000000
  end of PCKM:Packing Mapper +0.302166 @0.302166
[INFO] Mapping Success: 1
[INFO] Mapping Time: 0.302160
[INFO] Mapping Timeout: 0
Operation Mapping Result:
Const_30(const):   0:pe_c0_r0.Imm_2.const

Const_31(const):   0:pe_c3_r1.Imm_2.const

Const_32(const):   0:pe_c3_r2.Imm_2.const

Const_33(const):   0:pe_c0_r3.Imm_2.const

Const_34(const):   0:pe_c2_r0.Imm_2.const

Const_35(const):   0:pe_c0_r2.Imm_2.const

Const_36(const):   0:pe_c1_r0.Imm_2.const

Const_37(const):   0:pe_c3_r3.Imm_2.const

Const_38(const):   0:pe_c3_r0.Imm_2.const

Const_39(const):   0:pe_c1_r3.Imm_2.const

FADD_20(fadd):   0:pe_c3_r1.FuncUnit.FuncUnit_FPALU.fpunit

FADD_21(fadd):   0:pe_c2_r0.FuncUnit.FuncUnit_FPALU.fpunit

FADD_22(fadd):   0:pe_c3_r2.FuncUnit.FuncUnit_FPALU.fpunit

FADD_23(fadd):   0:pe_c3_r0.FuncUnit.FuncUnit_FPALU.fpunit

FADD_24(fadd):   0:pe_c0_r2.FuncUnit.FuncUnit_FPALU.fpunit

FADD_25(fadd):   0:pe_c0_r0.FuncUnit.FuncUnit_FPALU.fpunit

FADD_26(fadd):   0:pe_c0_r3.FuncUnit.FuncUnit_FPALU.fpunit

FADD_27(fadd):   0:pe_c0_r1.FuncUnit.FuncUnit_FPALU.fpunit

FMUL_10(fmul):   0:pe_c3_r0.FuncUnit_2.FuncUnit_2_FPALU.fpunit

FMUL_11(fmul):   0:pe_c2_r0.FuncUnit_2.FuncUnit_2_FPALU.fpunit

FMUL_12(fmul):   0:pe_c3_r3.FuncUnit_2.FuncUnit_2_FPALU.fpunit

FMUL_13(fmul):   0:pe_c3_r1.FuncUnit_2.FuncUnit_2_FPALU.fpunit

FMUL_14(fmul):   0:pe_c3_r2.FuncUnit_2.FuncUnit_2_FPALU.fpunit

FMUL_15(fmul):   0:pe_c1_r0.FuncUnit_2.FuncUnit_2_FPALU.fpunit

FMUL_16(fmul):   0:pe_c0_r0.FuncUnit_2.FuncUnit_2_FPALU.fpunit

FMUL_17(fmul):   0:pe_c0_r3.FuncUnit_2.FuncUnit_2_FPALU.fpunit

FMUL_18(fmul):   0:pe_c0_r2.FuncUnit_2.FuncUnit_2_FPALU.fpunit

FMUL_19(fmul):   0:pe_c1_r3.FuncUnit_2.FuncUnit_2_FPALU.fpunit

Load_0(input):   0:io_right_0.IOPin.io

Load_1(input):   0:io_top_2.IOPin.io

Load_2(input):   0:io_bottom_3.IOPin.io

Load_3(input):   0:io_right_1.IOPin.io

Load_4(input):   0:io_right_2.IOPin.io

Load_5(input):   0:io_top_1.IOPin.io

Load_6(input):   0:io_left_0.IOPin.io

Load_7(input):   0:io_bottom_0.IOPin.io

Load_8(input):   0:io_left_2.IOPin.io

Load_9(input):   0:io_bottom_1.IOPin.io

Store_28(output):   0:io_top_3.IOPin.io

Store_29(output):   0:io_left_1.IOPin.io


Connection Mapping Result:
Const_30_out:
  0:pe_c0_r0.muxA_2.mux
  0:pe_c0_r0.FuncUnit_2.FuncUnit_2_join.out0
  0:pe_c0_r0.muxA_2.out
  0:pe_c0_r0.FuncUnit_2.FuncUnit_2_FPALU.in_a
  0:pe_c0_r0.FuncUnit_2.FuncUnit_2_join.in0
  0:pe_c0_r0.FuncUnit_2.in_a
  0:pe_c0_r0.Imm_fork_2.out0
  0:pe_c0_r0.muxA_2.in1
  0:pe_c0_r0.Imm_2.out
  0:pe_c0_r0.Imm_fork_2.in
  0:pe_c0_r0.Imm_fork_2.fork

Const_31_out:
  0:pe_c3_r1.Imm_2.out
  0:pe_c3_r1.Imm_fork_2.in
  0:pe_c3_r1.Imm_fork_2.fork
  0:pe_c3_r1.Imm_fork_2.out0
  0:pe_c3_r1.muxA_2.in1
  0:pe_c3_r1.muxA_2.mux
  0:pe_c3_r1.muxA_2.out
  0:pe_c3_r1.FuncUnit_2.FuncUnit_2_FPALU.in_a
  0:pe_c3_r1.FuncUnit_2.FuncUnit_2_join.out0
  0:pe_c3_r1.FuncUnit_2.FuncUnit_2_join.in0
  0:pe_c3_r1.FuncUnit_2.in_a

Const_32_out:
  0:pe_c3_r2.Imm_2.out
  0:pe_c3_r2.Imm_fork_2.in
  0:pe_c3_r2.Imm_fork_2.fork
  0:pe_c3_r2.Imm_fork_2.out0
  0:pe_c3_r2.muxA_2.in1
  0:pe_c3_r2.muxA_2.mux
  0:pe_c3_r2.muxA_2.out
  0:pe_c3_r2.FuncUnit_2.FuncUnit_2_FPALU.in_a
  0:pe_c3_r2.FuncUnit_2.FuncUnit_2_join.out0
  0:pe_c3_r2.FuncUnit_2.FuncUnit_2_join.in0
  0:pe_c3_r2.FuncUnit_2.in_a

Const_33_out:
  0:pe_c0_r3.Imm_2.out
  0:pe_c0_r3.Imm_fork_2.in
  0:pe_c0_r3.Imm_fork_2.fork
  0:pe_c0_r3.Imm_fork_2.out0
  0:pe_c0_r3.muxA_2.in1
  0:pe_c0_r3.muxA_2.mux
  0:pe_c0_r3.muxA_2.out
  0:pe_c0_r3.FuncUnit_2.FuncUnit_2_join.out0
  0:pe_c0_r3.FuncUnit_2.FuncUnit_2_FPALU.in_a
  0:pe_c0_r3.FuncUnit_2.FuncUnit_2_join.in0
  0:pe_c0_r3.FuncUnit_2.in_a

Const_34_out:
  0:pe_c2_r0.Imm_2.out
  0:pe_c2_r0.Imm_fork_2.in
  0:pe_c2_r0.Imm_fork_2.fork
  0:pe_c2_r0.Imm_fork_2.out0
  0:pe_c2_r0.muxA_2.in1
  0:pe_c2_r0.muxA_2.mux
  0:pe_c2_r0.muxA_2.out
  0:pe_c2_r0.FuncUnit_2.FuncUnit_2_FPALU.in_a
  0:pe_c2_r0.FuncUnit_2.FuncUnit_2_join.out0
  0:pe_c2_r0.FuncUnit_2.FuncUnit_2_join.in0
  0:pe_c2_r0.FuncUnit_2.in_a

Const_35_out:
  0:pe_c0_r2.Imm_2.out
  0:pe_c0_r2.Imm_fork_2.in
  0:pe_c0_r2.Imm_fork_2.fork
  0:pe_c0_r2.Imm_fork_2.out0
  0:pe_c0_r2.muxA_2.in1
  0:pe_c0_r2.muxA_2.mux
  0:pe_c0_r2.muxA_2.out
  0:pe_c0_r2.FuncUnit_2.FuncUnit_2_join.out0
  0:pe_c0_r2.FuncUnit_2.FuncUnit_2_FPALU.in_a
  0:pe_c0_r2.FuncUnit_2.FuncUnit_2_join.in0
  0:pe_c0_r2.FuncUnit_2.in_a

Const_36_out:
  0:pe_c1_r0.Imm_2.out
  0:pe_c1_r0.Imm_fork_2.in
  0:pe_c1_r0.Imm_fork_2.fork
  0:pe_c1_r0.Imm_fork_2.out0
  0:pe_c1_r0.muxA_2.in1
  0:pe_c1_r0.muxA_2.mux
  0:pe_c1_r0.muxA_2.out
  0:pe_c1_r0.FuncUnit_2.FuncUnit_2_join.out0
  0:pe_c1_r0.FuncUnit_2.FuncUnit_2_FPALU.in_a
  0:pe_c1_r0.FuncUnit_2.FuncUnit_2_join.in0
  0:pe_c1_r0.FuncUnit_2.in_a

Const_37_out:
  0:pe_c3_r3.Imm_2.out
  0:pe_c3_r3.Imm_fork_2.in
  0:pe_c3_r3.Imm_fork_2.fork
  0:pe_c3_r3.Imm_fork_2.out0
  0:pe_c3_r3.muxA_2.in1
  0:pe_c3_r3.muxA_2.mux
  0:pe_c3_r3.muxA_2.out
  0:pe_c3_r3.FuncUnit_2.FuncUnit_2_FPALU.in_a
  0:pe_c3_r3.FuncUnit_2.FuncUnit_2_join.out0
  0:pe_c3_r3.FuncUnit_2.FuncUnit_2_join.in0
  0:pe_c3_r3.FuncUnit_2.in_a

Const_38_out:
  0:pe_c3_r0.Imm_2.out
  0:pe_c3_r0.Imm_fork_2.in
  0:pe_c3_r0.Imm_fork_2.fork
  0:pe_c3_r0.Imm_fork_2.out0
  0:pe_c3_r0.muxA_2.in1
  0:pe_c3_r0.muxA_2.mux
  0:pe_c3_r0.muxA_2.out
  0:pe_c3_r0.FuncUnit_2.FuncUnit_2_FPALU.in_a
  0:pe_c3_r0.FuncUnit_2.FuncUnit_2_join.out0
  0:pe_c3_r0.FuncUnit_2.FuncUnit_2_join.in0
  0:pe_c3_r0.FuncUnit_2.in_a

Const_39_out:
  0:pe_c1_r3.Imm_2.out
  0:pe_c1_r3.Imm_fork_2.in
  0:pe_c1_r3.Imm_fork_2.fork
  0:pe_c1_r3.muxA_2.mux
  0:pe_c1_r3.muxA_2.out
  0:pe_c1_r3.FuncUnit_2.FuncUnit_2_FPALU.in_a
  0:pe_c1_r3.FuncUnit_2.FuncUnit_2_join.out0
  0:pe_c1_r3.FuncUnit_2.FuncUnit_2_join.in0
  0:pe_c1_r3.FuncUnit_2.in_a
  0:pe_c1_r3.Imm_fork_2.out0
  0:pe_c1_r3.muxA_2.in1

FADD_20_out:
  0:pe_c3_r0.crossbar.fork_crossbar2.out5
  0:pe_c3_r0.crossbar.mux_5.in2
  0:pe_c3_r0.crossbar.in2
  0:pe_c3_r0.crossbar.fork_crossbar2.in
  0:pe_c3_r0.crossbar.fork_crossbar2.fork
  0:pe_c3_r0.crossbar.mux_5.mux
  0:pe_c3_r0.muxA.in0
  0:pe_c3_r0.crossbar.out5
  0:pe_c3_r0.buffA.buffer
  0:pe_c3_r0.buffA.data_in
  0:pe_c3_r0.buffA.data_out
  0:pe_c3_r0.crossbar.mux_5.out
  0:pe_c3_r0.FuncUnit.FuncUnit_join.out0
  0:pe_c3_r0.FuncUnit.FuncUnit_FPALU.in_a
  0:pe_c3_r0.muxA.out
  0:pe_c3_r0.FuncUnit.FuncUnit_join.in0
  0:pe_c3_r0.muxA.mux
  0:pe_c3_r0.FuncUnit.in_a
  0:pe_c3_r0.reg2.reg
  0:pe_c3_r0.reg2.out
  0:pe_c3_r0.reg2.m_out
  0:pe_c3_r1.crossbar.fork_crossbar6.fork
  0:pe_c3_r1.FuncUnit.FuncUnit_FPALU.out
  0:pe_c3_r1.buffOut.data_out
  0:pe_c3_r1.buffOut.data_in
  0:pe_c3_r1.buffOut.buffer
  0:pe_c3_r1.crossbar.in6
  0:pe_c3_r1.FuncUnit.out
  0:pe_c3_r1.FuncUnit.FuncUnit_token_inducer.data_out
  0:pe_c3_r1.crossbar.fork_crossbar6.in
  0:pe_c3_r1.FuncUnit.FuncUnit_token_inducer.data_in
  0:pe_c3_r1.crossbar.fork_crossbar6.out0
  0:pe_c3_r1.crossbar.mux_0.in6
  0:pe_c3_r1.crossbar.mux_0.mux
  0:pe_c3_r1.out0
  0:pe_c3_r0.in2
  0:pe_c3_r0.reg2.in
  0:pe_c3_r0.reg2.m_in
  0:pe_c3_r1.crossbar.out0
  0:pe_c3_r1.crossbar.mux_0.out

FADD_21_out:
  0:pe_c3_r0.reg3.m_in
  0:pe_c2_r0.crossbar.mux_1.mux
  0:pe_c3_r0.in3
  0:pe_c2_r0.out1
  0:pe_c2_r0.crossbar.out1
  0:pe_c3_r0.reg3.in
  0:pe_c2_r0.crossbar.mux_1.out
  0:pe_c2_r0.crossbar.fork_crossbar6.fork
  0:pe_c2_r0.FuncUnit.FuncUnit_FPALU.out
  0:pe_c2_r0.buffOut.data_out
  0:pe_c2_r0.buffOut.data_in
  0:pe_c2_r0.buffOut.buffer
  0:pe_c2_r0.crossbar.in6
  0:pe_c2_r0.FuncUnit.out
  0:pe_c2_r0.FuncUnit.FuncUnit_token_inducer.data_out
  0:pe_c2_r0.crossbar.fork_crossbar6.in
  0:pe_c2_r0.FuncUnit.FuncUnit_token_inducer.data_in
  0:pe_c2_r0.crossbar.fork_crossbar6.out1
  0:pe_c2_r0.crossbar.mux_1.in6
  0:pe_c3_r0.crossbar.fork_crossbar3.out6
  0:pe_c3_r0.crossbar.mux_6.in3
  0:pe_c3_r0.crossbar.in3
  0:pe_c3_r0.crossbar.fork_crossbar3.in
  0:pe_c3_r0.crossbar.fork_crossbar3.fork
  0:pe_c3_r0.crossbar.mux_6.mux
  0:pe_c3_r0.muxB.in0
  0:pe_c3_r0.buffB.buffer
  0:pe_c3_r0.buffB.data_in
  0:pe_c3_r0.buffB.data_out
  0:pe_c3_r0.crossbar.out6
  0:pe_c3_r0.crossbar.mux_6.out
  0:pe_c3_r0.muxB.mux
  0:pe_c3_r0.muxB.out
  0:pe_c3_r0.FuncUnit.FuncUnit_join.out1
  0:pe_c3_r0.FuncUnit.FuncUnit_FPALU.in_b
  0:pe_c3_r0.FuncUnit.FuncUnit_join.in1
  0:pe_c3_r0.FuncUnit.in_b
  0:pe_c3_r0.reg3.reg
  0:pe_c3_r0.reg3.out
  0:pe_c3_r0.reg3.m_out

FADD_22_out:
  0:pe_c3_r1.crossbar.fork_crossbar2.out6
  0:pe_c3_r1.crossbar.mux_6.in2
  0:pe_c3_r1.crossbar.in2
  0:pe_c3_r1.crossbar.fork_crossbar2.in
  0:pe_c3_r1.crossbar.fork_crossbar2.fork
  0:pe_c3_r1.muxA.in0
  0:pe_c3_r1.crossbar.out6
  0:pe_c3_r1.crossbar.mux_6.mux
  0:pe_c3_r1.buffA.buffer
  0:pe_c3_r1.buffA.data_in
  0:pe_c3_r1.buffA.data_out
  0:pe_c3_r1.crossbar.mux_6.out
  0:pe_c3_r1.muxA.mux
  0:pe_c3_r1.muxA.out
  0:pe_c3_r1.FuncUnit.FuncUnit_join.out0
  0:pe_c3_r1.FuncUnit.FuncUnit_FPALU.in_a
  0:pe_c3_r1.FuncUnit.FuncUnit_join.in0
  0:pe_c3_r1.FuncUnit.in_a
  0:pe_c3_r1.reg2.reg
  0:pe_c3_r1.reg2.out
  0:pe_c3_r1.reg2.m_out
  0:pe_c3_r2.crossbar.fork_crossbar6.fork
  0:pe_c3_r2.FuncUnit.FuncUnit_FPALU.out
  0:pe_c3_r2.buffOut.data_out
  0:pe_c3_r2.buffOut.data_in
  0:pe_c3_r2.buffOut.buffer
  0:pe_c3_r2.crossbar.in6
  0:pe_c3_r2.FuncUnit.out
  0:pe_c3_r2.FuncUnit.FuncUnit_token_inducer.data_out
  0:pe_c3_r2.crossbar.fork_crossbar6.in
  0:pe_c3_r2.FuncUnit.FuncUnit_token_inducer.data_in
  0:pe_c3_r2.crossbar.fork_crossbar6.out0
  0:pe_c3_r2.crossbar.mux_0.in6
  0:pe_c3_r2.crossbar.mux_0.mux
  0:pe_c3_r2.out0
  0:pe_c3_r1.in2
  0:pe_c3_r1.reg2.in
  0:pe_c3_r1.reg2.m_in
  0:pe_c3_r2.crossbar.out0
  0:pe_c3_r2.crossbar.mux_0.out

FADD_23_out:
  0:io_top_3.reg_in.reg
  0:io_top_3.reg_in.out
  0:io_top_3.reg_in.m_out
  0:io_top_3.IOPin.in
  0:pe_c3_r0.crossbar.in5
  0:pe_c3_r0.crossbar.fork_crossbar5.fork
  0:pe_c3_r0.FuncUnit.FuncUnit_FPALU.out
  0:pe_c3_r0.buffOut.data_out
  0:pe_c3_r0.buffOut.data_in
  0:pe_c3_r0.buffOut.buffer
  0:pe_c3_r0.FuncUnit.out
  0:pe_c3_r0.FuncUnit.FuncUnit_token_inducer.data_out
  0:pe_c3_r0.crossbar.fork_crossbar5.in
  0:pe_c3_r0.FuncUnit.FuncUnit_token_inducer.data_in
  0:pe_c3_r0.crossbar.fork_crossbar5.out0
  0:pe_c3_r0.crossbar.mux_0.in5
  0:pe_c3_r0.crossbar.mux_0.mux
  0:pe_c3_r0.out0
  0:io_top_3.reg_in.in
  0:io_top_3.reg_in.m_in
  0:pe_c3_r0.crossbar.out0
  0:io_top_3.in
  0:pe_c3_r0.crossbar.mux_0.out

FADD_24_out:
  0:pe_c0_r1.buffA.buffer
  0:pe_c0_r1.buffA.data_in
  0:pe_c0_r1.buffA.data_out
  0:pe_c0_r1.crossbar.mux_6.mux
  0:pe_c0_r1.muxA.in0
  0:pe_c0_r1.crossbar.out6
  0:pe_c0_r1.crossbar.mux_6.out
  0:pe_c0_r1.reg2.reg
  0:pe_c0_r1.reg2.out
  0:pe_c0_r1.reg2.m_out
  0:pe_c0_r1.crossbar.in2
  0:pe_c0_r1.crossbar.fork_crossbar2.in
  0:pe_c0_r1.crossbar.fork_crossbar2.fork
  0:pe_c0_r2.FuncUnit.FuncUnit_FPALU.out
  0:pe_c0_r2.crossbar.in6
  0:pe_c0_r2.crossbar.fork_crossbar6.fork
  0:pe_c0_r2.crossbar.fork_crossbar6.in
  0:pe_c0_r2.buffOut.data_out
  0:pe_c0_r2.buffOut.data_in
  0:pe_c0_r2.buffOut.buffer
  0:pe_c0_r2.FuncUnit.out
  0:pe_c0_r2.FuncUnit.FuncUnit_token_inducer.data_out
  0:pe_c0_r2.FuncUnit.FuncUnit_token_inducer.data_in
  0:pe_c0_r1.crossbar.fork_crossbar2.out6
  0:pe_c0_r1.crossbar.mux_6.in2
  0:pe_c0_r1.muxA.mux
  0:pe_c0_r1.muxA.out
  0:pe_c0_r1.FuncUnit.FuncUnit_join.out0
  0:pe_c0_r1.FuncUnit.FuncUnit_FPALU.in_a
  0:pe_c0_r1.FuncUnit.FuncUnit_join.in0
  0:pe_c0_r1.FuncUnit.in_a
  0:pe_c0_r2.crossbar.fork_crossbar6.out0
  0:pe_c0_r2.crossbar.mux_0.in6
  0:pe_c0_r1.in2
  0:pe_c0_r1.reg2.in
  0:pe_c0_r1.reg2.m_in
  0:pe_c0_r2.crossbar.mux_0.mux
  0:pe_c0_r2.out0
  0:pe_c0_r2.crossbar.out0
  0:pe_c0_r2.crossbar.mux_0.out

FADD_25_out:
  0:pe_c0_r1.muxB.mux
  0:pe_c0_r1.muxB.out
  0:pe_c0_r1.FuncUnit.FuncUnit_join.out1
  0:pe_c0_r1.FuncUnit.FuncUnit_FPALU.in_b
  0:pe_c0_r1.FuncUnit.FuncUnit_join.in1
  0:pe_c0_r1.FuncUnit.in_b
  0:pe_c0_r1.buffB.buffer
  0:pe_c0_r1.buffB.data_in
  0:pe_c0_r1.buffB.data_out
  0:pe_c0_r1.crossbar.mux_7.mux
  0:pe_c0_r1.muxB.in0
  0:pe_c0_r1.crossbar.out7
  0:pe_c0_r1.crossbar.mux_7.out
  0:pe_c0_r1.crossbar.fork_crossbar0.in
  0:pe_c0_r1.crossbar.in0
  0:pe_c0_r1.crossbar.fork_crossbar0.fork
  0:pe_c0_r1.reg0.reg
  0:pe_c0_r1.reg0.out
  0:pe_c0_r1.reg0.m_out
  0:pe_c0_r1.crossbar.fork_crossbar0.out7
  0:pe_c0_r1.crossbar.mux_7.in0
  0:pe_c0_r0.crossbar.mux_2.mux
  0:pe_c0_r1.reg0.m_in
  0:pe_c0_r1.reg0.in
  0:pe_c0_r1.in0
  0:pe_c0_r0.out2
  0:pe_c0_r0.crossbar.out2
  0:pe_c0_r0.crossbar.mux_2.out
  0:pe_c0_r0.crossbar.fork_crossbar5.out2
  0:pe_c0_r0.crossbar.mux_2.in5
  0:pe_c0_r0.crossbar.in5
  0:pe_c0_r0.buffOut.data_out
  0:pe_c0_r0.buffOut.data_in
  0:pe_c0_r0.FuncUnit.out
  0:pe_c0_r0.FuncUnit.FuncUnit_FPALU.out
  0:pe_c0_r0.crossbar.fork_crossbar5.in
  0:pe_c0_r0.FuncUnit.FuncUnit_token_inducer.data_out
  0:pe_c0_r0.crossbar.fork_crossbar5.fork
  0:pe_c0_r0.buffOut.buffer
  0:pe_c0_r0.FuncUnit.FuncUnit_token_inducer.data_in

FADD_26_out:
  0:pe_c0_r2.crossbar.fork_crossbar2.out6
  0:pe_c0_r2.crossbar.mux_6.in2
  0:pe_c0_r2.crossbar.in2
  0:pe_c0_r2.crossbar.fork_crossbar2.in
  0:pe_c0_r2.crossbar.fork_crossbar2.fork
  0:pe_c0_r3.FuncUnit.FuncUnit_FPALU.out
  0:pe_c0_r3.crossbar.in5
  0:pe_c0_r3.crossbar.fork_crossbar5.fork
  0:pe_c0_r3.crossbar.fork_crossbar5.in
  0:pe_c0_r3.buffOut.data_out
  0:pe_c0_r3.buffOut.data_in
  0:pe_c0_r3.buffOut.buffer
  0:pe_c0_r3.FuncUnit.out
  0:pe_c0_r3.FuncUnit.FuncUnit_token_inducer.data_out
  0:pe_c0_r3.FuncUnit.FuncUnit_token_inducer.data_in
  0:pe_c0_r3.crossbar.fork_crossbar5.out0
  0:pe_c0_r3.crossbar.mux_0.in5
  0:pe_c0_r2.crossbar.mux_6.mux
  0:pe_c0_r2.muxA.in0
  0:pe_c0_r2.crossbar.out6
  0:pe_c0_r2.buffA.buffer
  0:pe_c0_r2.buffA.data_in
  0:pe_c0_r2.buffA.data_out
  0:pe_c0_r2.crossbar.mux_6.out
  0:pe_c0_r3.crossbar.mux_0.mux
  0:pe_c0_r3.out0
  0:pe_c0_r2.in2
  0:pe_c0_r2.reg2.in
  0:pe_c0_r2.reg2.m_in
  0:pe_c0_r3.crossbar.out0
  0:pe_c0_r3.crossbar.mux_0.out
  0:pe_c0_r2.muxA.mux
  0:pe_c0_r2.muxA.out
  0:pe_c0_r2.FuncUnit.FuncUnit_join.out0
  0:pe_c0_r2.FuncUnit.FuncUnit_FPALU.in_a
  0:pe_c0_r2.FuncUnit.in_a
  0:pe_c0_r2.FuncUnit.FuncUnit_join.in0
  0:pe_c0_r2.reg2.reg
  0:pe_c0_r2.reg2.out
  0:pe_c0_r2.reg2.m_out

FADD_27_out:
  0:io_left_1.in
  0:io_left_1.reg_in.in
  0:io_left_1.reg_in.m_in
  0:pe_c0_r1.crossbar.mux_3.mux
  0:pe_c0_r1.out3
  0:pe_c0_r1.crossbar.out3
  0:pe_c0_r1.crossbar.mux_3.out
  0:pe_c0_r1.crossbar.fork_crossbar6.out3
  0:pe_c0_r1.crossbar.mux_3.in6
  0:pe_c0_r1.FuncUnit.FuncUnit_FPALU.out
  0:pe_c0_r1.buffOut.data_in
  0:pe_c0_r1.buffOut.buffer
  0:pe_c0_r1.crossbar.in6
  0:pe_c0_r1.crossbar.fork_crossbar6.fork
  0:pe_c0_r1.crossbar.fork_crossbar6.in
  0:pe_c0_r1.FuncUnit.FuncUnit_token_inducer.data_out
  0:pe_c0_r1.buffOut.data_out
  0:pe_c0_r1.FuncUnit.out
  0:pe_c0_r1.FuncUnit.FuncUnit_token_inducer.data_in
  0:io_left_1.reg_in.reg
  0:io_left_1.reg_in.out
  0:io_left_1.reg_in.m_out
  0:io_left_1.IOPin.in

FMUL_10_out:
  0:pe_c2_r0.crossbar.fork_crossbar1.out7
  0:pe_c2_r0.crossbar.mux_7.in1
  0:pe_c2_r0.crossbar.mux_7.mux
  0:pe_c2_r0.muxB.in0
  0:pe_c2_r0.buffB.buffer
  0:pe_c2_r0.buffB.data_in
  0:pe_c2_r0.crossbar.out7
  0:pe_c2_r0.buffB.data_out
  0:pe_c2_r0.crossbar.mux_7.out
  0:pe_c2_r0.crossbar.in1
  0:pe_c2_r0.crossbar.fork_crossbar1.in
  0:pe_c2_r0.crossbar.fork_crossbar1.fork
  0:pe_c2_r0.muxB.mux
  0:pe_c2_r0.muxB.out
  0:pe_c2_r0.FuncUnit.FuncUnit_join.out1
  0:pe_c2_r0.FuncUnit.FuncUnit_FPALU.in_b
  0:pe_c2_r0.FuncUnit.FuncUnit_join.in1
  0:pe_c2_r0.FuncUnit.in_b
  0:pe_c2_r0.reg1.reg
  0:pe_c2_r0.reg1.out
  0:pe_c2_r0.reg1.m_out
  0:pe_c3_r0.FuncUnit_2.FuncUnit_2_FPALU.out
  0:pe_c3_r0.crossbar.fork_crossbar6.in
  0:pe_c3_r0.buffOut_2.data_out
  0:pe_c3_r0.buffOut_2.data_in
  0:pe_c3_r0.buffOut_2.buffer
  0:pe_c3_r0.crossbar.in6
  0:pe_c3_r0.FuncUnit_2.out
  0:pe_c3_r0.crossbar.fork_crossbar6.fork
  0:pe_c3_r0.FuncUnit_2.FuncUnit_2_token_inducer.data_out
  0:pe_c3_r0.FuncUnit_2.FuncUnit_2_token_inducer.data_in
  0:pe_c3_r0.crossbar.fork_crossbar6.out3
  0:pe_c3_r0.crossbar.mux_3.in6
  0:pe_c2_r0.in1
  0:pe_c3_r0.crossbar.mux_3.mux
  0:pe_c2_r0.reg1.in
  0:pe_c3_r0.out3
  0:pe_c3_r0.crossbar.out3
  0:pe_c2_r0.reg1.m_in
  0:pe_c3_r0.crossbar.mux_3.out

FMUL_11_out:
  0:pe_c2_r0.muxA.in0
  0:pe_c2_r0.crossbar.out6
  0:pe_c2_r0.crossbar.mux_6.mux
  0:pe_c2_r0.buffA.buffer
  0:pe_c2_r0.buffA.data_in
  0:pe_c2_r0.buffA.data_out
  0:pe_c2_r0.crossbar.mux_6.out
  0:pe_c2_r0.FuncUnit_2.FuncUnit_2_FPALU.out
  0:pe_c2_r0.crossbar.in7
  0:pe_c2_r0.crossbar.fork_crossbar7.fork
  0:pe_c2_r0.crossbar.fork_crossbar7.in
  0:pe_c2_r0.buffOut_2.data_out
  0:pe_c2_r0.buffOut_2.data_in
  0:pe_c2_r0.buffOut_2.buffer
  0:pe_c2_r0.FuncUnit_2.out
  0:pe_c2_r0.FuncUnit_2.FuncUnit_2_token_inducer.data_out
  0:pe_c2_r0.FuncUnit_2.FuncUnit_2_token_inducer.data_in
  0:pe_c2_r0.crossbar.fork_crossbar7.out6
  0:pe_c2_r0.crossbar.mux_6.in7
  0:pe_c2_r0.muxA.mux
  0:pe_c2_r0.muxA.out
  0:pe_c2_r0.FuncUnit.FuncUnit_join.out0
  0:pe_c2_r0.FuncUnit.FuncUnit_FPALU.in_a
  0:pe_c2_r0.FuncUnit.FuncUnit_join.in0
  0:pe_c2_r0.FuncUnit.in_a

FMUL_12_out:
  0:pe_c3_r2.crossbar.fork_crossbar2.out6
  0:pe_c3_r2.crossbar.mux_6.in2
  0:pe_c3_r2.crossbar.in2
  0:pe_c3_r2.crossbar.fork_crossbar2.in
  0:pe_c3_r2.crossbar.fork_crossbar2.fork
  0:pe_c3_r2.muxA.in0
  0:pe_c3_r2.crossbar.out6
  0:pe_c3_r2.crossbar.mux_6.mux
  0:pe_c3_r2.buffA.buffer
  0:pe_c3_r2.buffA.data_in
  0:pe_c3_r2.buffA.data_out
  0:pe_c3_r2.crossbar.mux_6.out
  0:pe_c3_r2.muxA.mux
  0:pe_c3_r2.muxA.out
  0:pe_c3_r2.FuncUnit.FuncUnit_join.out0
  0:pe_c3_r2.FuncUnit.FuncUnit_FPALU.in_a
  0:pe_c3_r2.FuncUnit.FuncUnit_join.in0
  0:pe_c3_r2.FuncUnit.in_a
  0:pe_c3_r2.reg2.reg
  0:pe_c3_r2.reg2.out
  0:pe_c3_r2.reg2.m_out
  0:pe_c3_r3.FuncUnit_2.FuncUnit_2_FPALU.out
  0:pe_c3_r3.crossbar.fork_crossbar6.in
  0:pe_c3_r3.buffOut_2.data_out
  0:pe_c3_r3.buffOut_2.data_in
  0:pe_c3_r3.buffOut_2.buffer
  0:pe_c3_r3.crossbar.in6
  0:pe_c3_r3.FuncUnit_2.out
  0:pe_c3_r3.crossbar.fork_crossbar6.fork
  0:pe_c3_r3.FuncUnit_2.FuncUnit_2_token_inducer.data_out
  0:pe_c3_r3.FuncUnit_2.FuncUnit_2_token_inducer.data_in
  0:pe_c3_r3.crossbar.fork_crossbar6.out0
  0:pe_c3_r3.crossbar.mux_0.in6
  0:pe_c3_r3.out0
  0:pe_c3_r2.in2
  0:pe_c3_r2.reg2.in
  0:pe_c3_r3.crossbar.mux_0.mux
  0:pe_c3_r2.reg2.m_in
  0:pe_c3_r3.crossbar.out0
  0:pe_c3_r3.crossbar.mux_0.out

FMUL_13_out:
  0:pe_c3_r1.FuncUnit_2.FuncUnit_2_FPALU.out
  0:pe_c3_r1.crossbar.in7
  0:pe_c3_r1.crossbar.fork_crossbar7.fork
  0:pe_c3_r1.crossbar.fork_crossbar7.in
  0:pe_c3_r1.buffOut_2.data_out
  0:pe_c3_r1.buffOut_2.data_in
  0:pe_c3_r1.buffOut_2.buffer
  0:pe_c3_r1.FuncUnit_2.out
  0:pe_c3_r1.FuncUnit_2.FuncUnit_2_token_inducer.data_out
  0:pe_c3_r1.FuncUnit_2.FuncUnit_2_token_inducer.data_in
  0:pe_c3_r1.crossbar.fork_crossbar7.out7
  0:pe_c3_r1.crossbar.mux_7.in7
  0:pe_c3_r1.crossbar.mux_7.mux
  0:pe_c3_r1.muxB.in0
  0:pe_c3_r1.buffB.buffer
  0:pe_c3_r1.buffB.data_in
  0:pe_c3_r1.crossbar.out7
  0:pe_c3_r1.buffB.data_out
  0:pe_c3_r1.crossbar.mux_7.out
  0:pe_c3_r1.muxB.mux
  0:pe_c3_r1.muxB.out
  0:pe_c3_r1.FuncUnit.FuncUnit_join.out1
  0:pe_c3_r1.FuncUnit.FuncUnit_FPALU.in_b
  0:pe_c3_r1.FuncUnit.FuncUnit_join.in1
  0:pe_c3_r1.FuncUnit.in_b

FMUL_14_out:
  0:pe_c3_r2.FuncUnit_2.FuncUnit_2_FPALU.out
  0:pe_c3_r2.crossbar.in7
  0:pe_c3_r2.crossbar.fork_crossbar7.fork
  0:pe_c3_r2.crossbar.fork_crossbar7.in
  0:pe_c3_r2.buffOut_2.data_out
  0:pe_c3_r2.buffOut_2.data_in
  0:pe_c3_r2.buffOut_2.buffer
  0:pe_c3_r2.FuncUnit_2.out
  0:pe_c3_r2.FuncUnit_2.FuncUnit_2_token_inducer.data_out
  0:pe_c3_r2.FuncUnit_2.FuncUnit_2_token_inducer.data_in
  0:pe_c3_r2.crossbar.fork_crossbar7.out7
  0:pe_c3_r2.crossbar.mux_7.in7
  0:pe_c3_r2.crossbar.mux_7.mux
  0:pe_c3_r2.muxB.in0
  0:pe_c3_r2.buffB.buffer
  0:pe_c3_r2.buffB.data_in
  0:pe_c3_r2.crossbar.out7
  0:pe_c3_r2.buffB.data_out
  0:pe_c3_r2.crossbar.mux_7.out
  0:pe_c3_r2.muxB.mux
  0:pe_c3_r2.muxB.out
  0:pe_c3_r2.FuncUnit.FuncUnit_join.out1
  0:pe_c3_r2.FuncUnit.FuncUnit_FPALU.in_b
  0:pe_c3_r2.FuncUnit.FuncUnit_join.in1
  0:pe_c3_r2.FuncUnit.in_b

FMUL_15_out:
  0:pe_c0_r0.in1
  0:pe_c0_r0.reg1.in
  0:pe_c0_r0.reg1.m_in
  0:pe_c1_r0.crossbar.mux_3.mux
  0:pe_c1_r0.out3
  0:pe_c1_r0.crossbar.out3
  0:pe_c1_r0.crossbar.mux_3.out
  0:pe_c0_r0.reg1.reg
  0:pe_c0_r0.reg1.out
  0:pe_c0_r0.reg1.m_out
  0:pe_c0_r0.muxA.mux
  0:pe_c0_r0.muxA.out
  0:pe_c0_r0.FuncUnit.FuncUnit_join.out0
  0:pe_c0_r0.FuncUnit.FuncUnit_FPALU.in_a
  0:pe_c0_r0.FuncUnit.FuncUnit_join.in0
  0:pe_c0_r0.FuncUnit.in_a
  0:pe_c1_r0.crossbar.fork_crossbar7.out3
  0:pe_c1_r0.crossbar.mux_3.in7
  0:pe_c0_r0.crossbar.mux_5.mux
  0:pe_c0_r0.crossbar.out5
  0:pe_c0_r0.muxA.in0
  0:pe_c0_r0.buffA.buffer
  0:pe_c0_r0.buffA.data_in
  0:pe_c0_r0.buffA.data_out
  0:pe_c0_r0.crossbar.mux_5.out
  0:pe_c0_r0.crossbar.in1
  0:pe_c0_r0.crossbar.fork_crossbar1.in
  0:pe_c0_r0.crossbar.fork_crossbar1.fork
  0:pe_c1_r0.FuncUnit_2.FuncUnit_2_FPALU.out
  0:pe_c1_r0.crossbar.in7
  0:pe_c1_r0.crossbar.fork_crossbar7.fork
  0:pe_c1_r0.crossbar.fork_crossbar7.in
  0:pe_c1_r0.buffOut_2.data_out
  0:pe_c1_r0.buffOut_2.data_in
  0:pe_c1_r0.buffOut_2.buffer
  0:pe_c1_r0.FuncUnit_2.out
  0:pe_c1_r0.FuncUnit_2.FuncUnit_2_token_inducer.data_out
  0:pe_c1_r0.FuncUnit_2.FuncUnit_2_token_inducer.data_in
  0:pe_c0_r0.crossbar.fork_crossbar1.out5
  0:pe_c0_r0.crossbar.mux_5.in1

FMUL_16_out:
  0:pe_c0_r0.muxB.mux
  0:pe_c0_r0.muxB.out
  0:pe_c0_r0.FuncUnit.FuncUnit_FPALU.in_b
  0:pe_c0_r0.FuncUnit.FuncUnit_join.out1
  0:pe_c0_r0.FuncUnit.FuncUnit_join.in1
  0:pe_c0_r0.FuncUnit.in_b
  0:pe_c0_r0.muxB.in0
  0:pe_c0_r0.buffB.buffer
  0:pe_c0_r0.crossbar.mux_6.mux
  0:pe_c0_r0.buffB.data_in
  0:pe_c0_r0.crossbar.out6
  0:pe_c0_r0.buffB.data_out
  0:pe_c0_r0.crossbar.mux_6.out
  0:pe_c0_r0.crossbar.fork_crossbar6.out6
  0:pe_c0_r0.crossbar.mux_6.in6
  0:pe_c0_r0.crossbar.fork_crossbar6.in
  0:pe_c0_r0.buffOut_2.data_out
  0:pe_c0_r0.buffOut_2.data_in
  0:pe_c0_r0.buffOut_2.buffer
  0:pe_c0_r0.FuncUnit_2.out
  0:pe_c0_r0.FuncUnit_2.FuncUnit_2_FPALU.out
  0:pe_c0_r0.FuncUnit_2.FuncUnit_2_token_inducer.data_out
  0:pe_c0_r0.crossbar.in6
  0:pe_c0_r0.crossbar.fork_crossbar6.fork
  0:pe_c0_r0.FuncUnit_2.FuncUnit_2_token_inducer.data_in

FMUL_17_out:
  0:pe_c0_r3.FuncUnit_2.FuncUnit_2_FPALU.out
  0:pe_c0_r3.crossbar.in6
  0:pe_c0_r3.crossbar.fork_crossbar6.fork
  0:pe_c0_r3.crossbar.fork_crossbar6.in
  0:pe_c0_r3.buffOut_2.data_out
  0:pe_c0_r3.buffOut_2.data_in
  0:pe_c0_r3.buffOut_2.buffer
  0:pe_c0_r3.FuncUnit_2.out
  0:pe_c0_r3.FuncUnit_2.FuncUnit_2_token_inducer.data_out
  0:pe_c0_r3.FuncUnit_2.FuncUnit_2_token_inducer.data_in
  0:pe_c0_r3.muxA.mux
  0:pe_c0_r3.muxA.out
  0:pe_c0_r3.FuncUnit.FuncUnit_join.out0
  0:pe_c0_r3.FuncUnit.FuncUnit_FPALU.in_a
  0:pe_c0_r3.FuncUnit.FuncUnit_join.in0
  0:pe_c0_r3.FuncUnit.in_a
  0:pe_c0_r3.crossbar.fork_crossbar6.out5
  0:pe_c0_r3.crossbar.mux_5.in6
  0:pe_c0_r3.crossbar.mux_5.mux
  0:pe_c0_r3.muxA.in0
  0:pe_c0_r3.crossbar.out5
  0:pe_c0_r3.buffA.buffer
  0:pe_c0_r3.buffA.data_in
  0:pe_c0_r3.buffA.data_out
  0:pe_c0_r3.crossbar.mux_5.out

FMUL_18_out:
  0:pe_c0_r2.FuncUnit_2.FuncUnit_2_FPALU.out
  0:pe_c0_r2.crossbar.in7
  0:pe_c0_r2.crossbar.fork_crossbar7.fork
  0:pe_c0_r2.crossbar.fork_crossbar7.in
  0:pe_c0_r2.buffOut_2.data_out
  0:pe_c0_r2.buffOut_2.data_in
  0:pe_c0_r2.buffOut_2.buffer
  0:pe_c0_r2.FuncUnit_2.out
  0:pe_c0_r2.FuncUnit_2.FuncUnit_2_token_inducer.data_out
  0:pe_c0_r2.FuncUnit_2.FuncUnit_2_token_inducer.data_in
  0:pe_c0_r2.crossbar.fork_crossbar7.out7
  0:pe_c0_r2.crossbar.mux_7.in7
  0:pe_c0_r2.crossbar.mux_7.mux
  0:pe_c0_r2.muxB.in0
  0:pe_c0_r2.crossbar.out7
  0:pe_c0_r2.buffB.buffer
  0:pe_c0_r2.buffB.data_in
  0:pe_c0_r2.buffB.data_out
  0:pe_c0_r2.crossbar.mux_7.out
  0:pe_c0_r2.FuncUnit.FuncUnit_join.out1
  0:pe_c0_r2.FuncUnit.FuncUnit_FPALU.in_b
  0:pe_c0_r2.muxB.mux
  0:pe_c0_r2.muxB.out
  0:pe_c0_r2.FuncUnit.FuncUnit_join.in1
  0:pe_c0_r2.FuncUnit.in_b

FMUL_19_out:
  0:pe_c1_r3.crossbar.mux_3.mux
  0:pe_c0_r3.in1
  0:pe_c0_r3.reg1.in
  0:pe_c0_r3.reg1.m_in
  0:pe_c1_r3.out3
  0:pe_c1_r3.crossbar.out3
  0:pe_c1_r3.crossbar.mux_3.out
  0:pe_c0_r3.muxB.mux
  0:pe_c0_r3.muxB.out
  0:pe_c0_r3.FuncUnit.FuncUnit_join.out1
  0:pe_c0_r3.FuncUnit.FuncUnit_FPALU.in_b
  0:pe_c0_r3.FuncUnit.FuncUnit_join.in1
  0:pe_c0_r3.FuncUnit.in_b
  0:pe_c0_r3.crossbar.fork_crossbar1.out6
  0:pe_c0_r3.crossbar.mux_6.in1
  0:pe_c0_r3.reg1.reg
  0:pe_c0_r3.reg1.out
  0:pe_c0_r3.reg1.m_out
  0:pe_c1_r3.FuncUnit_2.FuncUnit_2_FPALU.out
  0:pe_c1_r3.crossbar.in7
  0:pe_c1_r3.crossbar.fork_crossbar7.fork
  0:pe_c1_r3.crossbar.fork_crossbar7.in
  0:pe_c1_r3.buffOut_2.data_out
  0:pe_c1_r3.buffOut_2.data_in
  0:pe_c1_r3.buffOut_2.buffer
  0:pe_c1_r3.FuncUnit_2.out
  0:pe_c1_r3.FuncUnit_2.FuncUnit_2_token_inducer.data_out
  0:pe_c1_r3.FuncUnit_2.FuncUnit_2_token_inducer.data_in
  0:pe_c0_r3.crossbar.in1
  0:pe_c0_r3.crossbar.fork_crossbar1.in
  0:pe_c0_r3.crossbar.fork_crossbar1.fork
  0:pe_c1_r3.crossbar.fork_crossbar7.out3
  0:pe_c1_r3.crossbar.mux_3.in7
  0:pe_c0_r3.crossbar.mux_6.mux
  0:pe_c0_r3.muxB.in0
  0:pe_c0_r3.crossbar.out6
  0:pe_c0_r3.buffB.buffer
  0:pe_c0_r3.buffB.data_in
  0:pe_c0_r3.buffB.data_out
  0:pe_c0_r3.crossbar.mux_6.out

Load_0_out:
  0:io_right_0.out
  0:pe_c3_r0.reg1.m_in
  0:pe_c3_r0.reg1.in
  0:pe_c3_r0.in1
  0:io_right_0.reg_out.reg
  0:io_right_0.reg_out.out
  0:io_right_0.reg_out.m_out
  0:io_right_0.IOPin.out
  0:io_right_0.reg_out.m_in
  0:io_right_0.reg_out.in
  0:pe_c3_r0.crossbar.fork_crossbar1.out8
  0:pe_c3_r0.crossbar.mux_8.in1
  0:pe_c3_r0.crossbar.in1
  0:pe_c3_r0.crossbar.fork_crossbar1.in
  0:pe_c3_r0.crossbar.fork_crossbar1.fork
  0:pe_c3_r0.crossbar.mux_8.mux
  0:pe_c3_r0.muxB_2.in0
  0:pe_c3_r0.crossbar.out8
  0:pe_c3_r0.buffB_2.buffer
  0:pe_c3_r0.buffB_2.data_in
  0:pe_c3_r0.buffB_2.data_out
  0:pe_c3_r0.crossbar.mux_8.out
  0:pe_c3_r0.muxB_2.mux
  0:pe_c3_r0.FuncUnit_2.FuncUnit_2_join.out1
  0:pe_c3_r0.FuncUnit_2.FuncUnit_2_FPALU.in_b
  0:pe_c3_r0.muxB_2.out
  0:pe_c3_r0.FuncUnit_2.FuncUnit_2_join.in1
  0:pe_c3_r0.FuncUnit_2.in_b
  0:pe_c3_r0.reg1.reg
  0:pe_c3_r0.reg1.out
  0:pe_c3_r0.reg1.m_out

Load_1_out:
  0:pe_c2_r0.crossbar.fork_crossbar0.out9
  0:pe_c2_r0.crossbar.mux_9.in0
  0:pe_c2_r0.crossbar.out9
  0:pe_c2_r0.buffB_2.buffer
  0:pe_c2_r0.crossbar.mux_9.mux
  0:pe_c2_r0.muxB_2.in0
  0:pe_c2_r0.buffB_2.data_in
  0:pe_c2_r0.buffB_2.data_out
  0:pe_c2_r0.crossbar.mux_9.out
  0:io_top_2.IOPin.out
  0:io_top_2.reg_out.m_in
  0:io_top_2.reg_out.in
  0:io_top_2.out
  0:pe_c2_r0.reg0.m_in
  0:pe_c2_r0.reg0.in
  0:pe_c2_r0.in0
  0:io_top_2.reg_out.reg
  0:io_top_2.reg_out.out
  0:io_top_2.reg_out.m_out
  0:pe_c2_r0.crossbar.in0
  0:pe_c2_r0.crossbar.fork_crossbar0.in
  0:pe_c2_r0.crossbar.fork_crossbar0.fork
  0:pe_c2_r0.muxB_2.mux
  0:pe_c2_r0.muxB_2.out
  0:pe_c2_r0.FuncUnit_2.FuncUnit_2_join.out1
  0:pe_c2_r0.FuncUnit_2.FuncUnit_2_FPALU.in_b
  0:pe_c2_r0.FuncUnit_2.FuncUnit_2_join.in1
  0:pe_c2_r0.FuncUnit_2.in_b
  0:pe_c2_r0.reg0.reg
  0:pe_c2_r0.reg0.out
  0:pe_c2_r0.reg0.m_out

Load_2_out:
  0:io_bottom_3.IOPin.out
  0:io_bottom_3.reg_out.m_in
  0:io_bottom_3.reg_out.in
  0:io_bottom_3.out
  0:pe_c3_r3.reg2.m_in
  0:pe_c3_r3.reg2.in
  0:pe_c3_r3.in2
  0:io_bottom_3.reg_out.reg
  0:io_bottom_3.reg_out.out
  0:io_bottom_3.reg_out.m_out
  0:pe_c3_r3.crossbar.fork_crossbar2.out8
  0:pe_c3_r3.crossbar.mux_8.in2
  0:pe_c3_r3.crossbar.in2
  0:pe_c3_r3.crossbar.fork_crossbar2.in
  0:pe_c3_r3.crossbar.fork_crossbar2.fork
  0:pe_c3_r3.crossbar.mux_8.mux
  0:pe_c3_r3.muxB_2.in0
  0:pe_c3_r3.crossbar.out8
  0:pe_c3_r3.buffB_2.buffer
  0:pe_c3_r3.buffB_2.data_in
  0:pe_c3_r3.buffB_2.data_out
  0:pe_c3_r3.crossbar.mux_8.out
  0:pe_c3_r3.muxB_2.mux
  0:pe_c3_r3.FuncUnit_2.FuncUnit_2_join.out1
  0:pe_c3_r3.FuncUnit_2.FuncUnit_2_FPALU.in_b
  0:pe_c3_r3.muxB_2.out
  0:pe_c3_r3.FuncUnit_2.FuncUnit_2_join.in1
  0:pe_c3_r3.FuncUnit_2.in_b
  0:pe_c3_r3.reg2.reg
  0:pe_c3_r3.reg2.out
  0:pe_c3_r3.reg2.m_out

Load_3_out:
  0:io_right_1.reg_out.reg
  0:io_right_1.reg_out.out
  0:io_right_1.reg_out.m_out
  0:io_right_1.out
  0:pe_c3_r1.reg1.m_in
  0:pe_c3_r1.reg1.in
  0:pe_c3_r1.in1
  0:io_right_1.IOPin.out
  0:io_right_1.reg_out.m_in
  0:io_right_1.reg_out.in
  0:pe_c3_r1.crossbar.fork_crossbar1.out9
  0:pe_c3_r1.crossbar.mux_9.in1
  0:pe_c3_r1.crossbar.in1
  0:pe_c3_r1.crossbar.fork_crossbar1.in
  0:pe_c3_r1.crossbar.fork_crossbar1.fork
  0:pe_c3_r1.crossbar.out9
  0:pe_c3_r1.buffB_2.buffer
  0:pe_c3_r1.crossbar.mux_9.mux
  0:pe_c3_r1.muxB_2.in0
  0:pe_c3_r1.buffB_2.data_in
  0:pe_c3_r1.buffB_2.data_out
  0:pe_c3_r1.crossbar.mux_9.out
  0:pe_c3_r1.muxB_2.mux
  0:pe_c3_r1.muxB_2.out
  0:pe_c3_r1.FuncUnit_2.FuncUnit_2_join.out1
  0:pe_c3_r1.FuncUnit_2.FuncUnit_2_FPALU.in_b
  0:pe_c3_r1.FuncUnit_2.FuncUnit_2_join.in1
  0:pe_c3_r1.FuncUnit_2.in_b
  0:pe_c3_r1.reg1.reg
  0:pe_c3_r1.reg1.out
  0:pe_c3_r1.reg1.m_out

Load_4_out:
  0:io_right_2.reg_out.reg
  0:io_right_2.reg_out.out
  0:io_right_2.reg_out.m_out
  0:io_right_2.out
  0:pe_c3_r2.reg1.m_in
  0:pe_c3_r2.reg1.in
  0:pe_c3_r2.in1
  0:io_right_2.IOPin.out
  0:io_right_2.reg_out.m_in
  0:io_right_2.reg_out.in
  0:pe_c3_r2.crossbar.fork_crossbar1.out9
  0:pe_c3_r2.crossbar.mux_9.in1
  0:pe_c3_r2.crossbar.in1
  0:pe_c3_r2.crossbar.fork_crossbar1.in
  0:pe_c3_r2.crossbar.fork_crossbar1.fork
  0:pe_c3_r2.crossbar.out9
  0:pe_c3_r2.buffB_2.buffer
  0:pe_c3_r2.crossbar.mux_9.mux
  0:pe_c3_r2.muxB_2.in0
  0:pe_c3_r2.buffB_2.data_in
  0:pe_c3_r2.buffB_2.data_out
  0:pe_c3_r2.crossbar.mux_9.out
  0:pe_c3_r2.muxB_2.mux
  0:pe_c3_r2.muxB_2.out
  0:pe_c3_r2.FuncUnit_2.FuncUnit_2_join.out1
  0:pe_c3_r2.FuncUnit_2.FuncUnit_2_FPALU.in_b
  0:pe_c3_r2.FuncUnit_2.FuncUnit_2_join.in1
  0:pe_c3_r2.FuncUnit_2.in_b
  0:pe_c3_r2.reg1.reg
  0:pe_c3_r2.reg1.out
  0:pe_c3_r2.reg1.m_out

Load_5_out:
  0:pe_c1_r0.reg0.reg
  0:pe_c1_r0.reg0.out
  0:pe_c1_r0.reg0.m_out
  0:pe_c1_r0.crossbar.in0
  0:pe_c1_r0.crossbar.fork_crossbar0.in
  0:pe_c1_r0.crossbar.fork_crossbar0.fork
  0:pe_c1_r0.crossbar.mux_9.mux
  0:pe_c1_r0.muxB_2.in0
  0:pe_c1_r0.crossbar.out9
  0:pe_c1_r0.buffB_2.buffer
  0:pe_c1_r0.buffB_2.data_in
  0:pe_c1_r0.buffB_2.data_out
  0:pe_c1_r0.crossbar.mux_9.out
  0:io_top_1.reg_out.reg
  0:io_top_1.reg_out.out
  0:io_top_1.reg_out.m_out
  0:io_top_1.out
  0:pe_c1_r0.reg0.m_in
  0:pe_c1_r0.reg0.in
  0:pe_c1_r0.in0
  0:io_top_1.IOPin.out
  0:io_top_1.reg_out.m_in
  0:io_top_1.reg_out.in
  0:pe_c1_r0.crossbar.fork_crossbar0.out9
  0:pe_c1_r0.crossbar.mux_9.in0
  0:pe_c1_r0.muxB_2.mux
  0:pe_c1_r0.muxB_2.out
  0:pe_c1_r0.FuncUnit_2.FuncUnit_2_join.out1
  0:pe_c1_r0.FuncUnit_2.FuncUnit_2_FPALU.in_b
  0:pe_c1_r0.FuncUnit_2.FuncUnit_2_join.in1
  0:pe_c1_r0.FuncUnit_2.in_b

Load_6_out:
  0:pe_c0_r0.reg3.reg
  0:pe_c0_r0.reg3.out
  0:pe_c0_r0.reg3.m_out
  0:pe_c0_r0.muxB_2.mux
  0:pe_c0_r0.FuncUnit_2.FuncUnit_2_join.out1
  0:pe_c0_r0.FuncUnit_2.FuncUnit_2_FPALU.in_b
  0:pe_c0_r0.FuncUnit_2.FuncUnit_2_join.in1
  0:pe_c0_r0.muxB_2.out
  0:pe_c0_r0.FuncUnit_2.in_b
  0:pe_c0_r0.crossbar.mux_8.mux
  0:pe_c0_r0.crossbar.out8
  0:pe_c0_r0.muxB_2.in0
  0:pe_c0_r0.buffB_2.buffer
  0:pe_c0_r0.buffB_2.data_in
  0:pe_c0_r0.buffB_2.data_out
  0:pe_c0_r0.crossbar.mux_8.out
  0:pe_c0_r0.crossbar.in3
  0:pe_c0_r0.crossbar.fork_crossbar3.in
  0:pe_c0_r0.crossbar.fork_crossbar3.fork
  0:pe_c0_r0.crossbar.fork_crossbar3.out8
  0:pe_c0_r0.crossbar.mux_8.in3
  0:io_left_0.reg_out.reg
  0:io_left_0.reg_out.out
  0:io_left_0.reg_out.m_out
  0:io_left_0.out
  0:pe_c0_r0.reg3.m_in
  0:pe_c0_r0.reg3.in
  0:pe_c0_r0.in3
  0:io_left_0.IOPin.out
  0:io_left_0.reg_out.m_in
  0:io_left_0.reg_out.in

Load_7_out:
  0:pe_c0_r3.crossbar.mux_8.mux
  0:pe_c0_r3.muxB_2.in0
  0:pe_c0_r3.crossbar.out8
  0:pe_c0_r3.buffB_2.buffer
  0:pe_c0_r3.buffB_2.data_in
  0:pe_c0_r3.buffB_2.data_out
  0:pe_c0_r3.crossbar.mux_8.out
  0:pe_c0_r3.reg2.reg
  0:pe_c0_r3.reg2.out
  0:pe_c0_r3.reg2.m_out
  0:pe_c0_r3.crossbar.fork_crossbar2.out8
  0:pe_c0_r3.crossbar.mux_8.in2
  0:pe_c0_r3.muxB_2.mux
  0:pe_c0_r3.muxB_2.out
  0:pe_c0_r3.FuncUnit_2.FuncUnit_2_join.out1
  0:pe_c0_r3.FuncUnit_2.FuncUnit_2_FPALU.in_b
  0:pe_c0_r3.FuncUnit_2.FuncUnit_2_join.in1
  0:pe_c0_r3.FuncUnit_2.in_b
  0:pe_c0_r3.crossbar.in2
  0:pe_c0_r3.crossbar.fork_crossbar2.in
  0:pe_c0_r3.crossbar.fork_crossbar2.fork
  0:io_bottom_0.reg_out.reg
  0:io_bottom_0.reg_out.out
  0:io_bottom_0.reg_out.m_out
  0:io_bottom_0.out
  0:pe_c0_r3.reg2.m_in
  0:pe_c0_r3.reg2.in
  0:pe_c0_r3.in2
  0:io_bottom_0.IOPin.out
  0:io_bottom_0.reg_out.m_in
  0:io_bottom_0.reg_out.in

Load_8_out:
  0:pe_c0_r2.crossbar.fork_crossbar3.out9
  0:pe_c0_r2.crossbar.mux_9.in3
  0:pe_c0_r2.crossbar.in3
  0:pe_c0_r2.crossbar.fork_crossbar3.in
  0:pe_c0_r2.crossbar.fork_crossbar3.fork
  0:pe_c0_r2.crossbar.mux_9.mux
  0:pe_c0_r2.muxB_2.in0
  0:pe_c0_r2.crossbar.out9
  0:pe_c0_r2.buffB_2.buffer
  0:pe_c0_r2.buffB_2.data_in
  0:pe_c0_r2.buffB_2.data_out
  0:pe_c0_r2.crossbar.mux_9.out
  0:pe_c0_r2.muxB_2.mux
  0:pe_c0_r2.muxB_2.out
  0:pe_c0_r2.FuncUnit_2.FuncUnit_2_join.out1
  0:pe_c0_r2.FuncUnit_2.FuncUnit_2_FPALU.in_b
  0:pe_c0_r2.FuncUnit_2.FuncUnit_2_join.in1
  0:pe_c0_r2.FuncUnit_2.in_b
  0:io_left_2.reg_out.reg
  0:io_left_2.reg_out.out
  0:io_left_2.reg_out.m_out
  0:io_left_2.IOPin.out
  0:io_left_2.reg_out.m_in
  0:io_left_2.reg_out.in
  0:io_left_2.out
  0:pe_c0_r2.reg3.m_in
  0:pe_c0_r2.reg3.in
  0:pe_c0_r2.in3
  0:pe_c0_r2.reg3.reg
  0:pe_c0_r2.reg3.out
  0:pe_c0_r2.reg3.m_out

Load_9_out:
  0:pe_c1_r3.crossbar.out9
  0:pe_c1_r3.buffB_2.buffer
  0:pe_c1_r3.crossbar.mux_9.mux
  0:pe_c1_r3.muxB_2.in0
  0:pe_c1_r3.buffB_2.data_in
  0:pe_c1_r3.buffB_2.data_out
  0:pe_c1_r3.crossbar.mux_9.out
  0:pe_c1_r3.reg2.reg
  0:pe_c1_r3.reg2.out
  0:pe_c1_r3.reg2.m_out
  0:pe_c1_r3.crossbar.fork_crossbar2.out9
  0:pe_c1_r3.crossbar.mux_9.in2
  0:pe_c1_r3.muxB_2.mux
  0:pe_c1_r3.muxB_2.out
  0:pe_c1_r3.FuncUnit_2.FuncUnit_2_join.out1
  0:pe_c1_r3.FuncUnit_2.FuncUnit_2_FPALU.in_b
  0:pe_c1_r3.FuncUnit_2.FuncUnit_2_join.in1
  0:pe_c1_r3.FuncUnit_2.in_b
  0:pe_c1_r3.crossbar.in2
  0:pe_c1_r3.crossbar.fork_crossbar2.in
  0:pe_c1_r3.crossbar.fork_crossbar2.fork
  0:io_bottom_1.reg_out.reg
  0:io_bottom_1.reg_out.out
  0:io_bottom_1.reg_out.m_out
  0:io_bottom_1.out
  0:pe_c1_r3.reg2.m_in
  0:pe_c1_r3.reg2.in
  0:pe_c1_r3.in2
  0:io_bottom_1.IOPin.out
  0:io_bottom_1.reg_out.m_in
  0:io_bottom_1.reg_out.in

No isolated found
                  start of CGRA-ME +0.000000 @0.000000
               create architecture +0.046266 @0.046266
                       create MRRG +0.024737 @0.071003
                       reduce MRRG +0.179946 @0.250949
                           mapping +0.302253 @0.553201
post mapping checks and transforms +0.016882 @0.570083
                    end of CGRA-ME +0.009570 @0.579653
