
CGRA - Modelling and Exploration (http://cgra-me.ece.utoronto.ca/)
Copyright (c) 2015-2023 University of Toronto. All Rights Reserved.
For research and academic purposes only. Commercial use is prohibited.
Please email questions to: Jason Anderson (janders@ece.utoronto.ca)
Compiled: Sep  8 2025 21:45:01

[INFO] Parsing DFG...
[INFO] Using C++ architecture ID 3
[INFO] Architecture description: Elastic RIKEN Architecture
[INFO] Creating "3" Architecture from C++...
[INFO] Creating MRRG...
[INFO] Creating Mapper 'ClusteredMapper'...
[INFO] Reducing MRRG...
[INFO] Mapping...
SEED: 10
Num of ops: 40Final Result
cluster
Const_30(const)
FMUL_16(fmul)
FADD_25(fadd)
cluster
Const_31(const)
FMUL_13(fmul)
FADD_20(fadd)
cluster
Const_32(const)
FMUL_14(fmul)
FADD_22(fadd)
cluster
Const_33(const)
FMUL_17(fmul)
FADD_26(fadd)
cluster
Const_34(const)
FMUL_11(fmul)
FADD_21(fadd)
cluster
Const_35(const)
FMUL_18(fmul)
FADD_24(fadd)
cluster
Const_36(const)
FMUL_15(fmul)
cluster
Const_37(const)
FMUL_12(fmul)
cluster
Const_38(const)
FMUL_10(fmul)
cluster
Const_39(const)
FMUL_19(fmul)
cluster
Load_0(input)
cluster
Load_1(input)
cluster
Load_2(input)
cluster
Load_3(input)
cluster
Load_4(input)
cluster
Load_5(input)
cluster
Load_6(input)
cluster
Load_7(input)
cluster
Load_8(input)
cluster
Load_9(input)
cluster
FADD_27(fadd)
cluster
FADD_23(fadd)
cluster
Store_29(output)
cluster
Store_28(output)
Finding delta Costs:
Total Cost: 175.41
ITERATION: 0
Initial Temperature is 165.486
initial mapping: Operation Mapping Result:
Const_30(const):   0:pe_c2_r0.Imm_2.const

Const_31(const):   0:pe_c2_r2.Imm_2.const

Const_32(const):   0:pe_c1_r3.Imm_2.const

Const_33(const):   0:pe_c2_r1.Imm_2.const

Const_34(const):   0:pe_c4_r3.Imm_2.const

Const_35(const):   0:pe_c3_r3.Imm_2.const

Const_36(const):   0:pe_c3_r0.Imm_2.const

Const_37(const):   0:pe_c1_r2.Imm_2.const

Const_38(const):   0:pe_c4_r1.Imm_2.const

Const_39(const):   0:pe_c2_r3.Imm_2.const

FADD_20(fadd):   0:pe_c2_r2.FuncUnit.FuncUnit_FPALU.fpunit

FADD_21(fadd):   0:pe_c4_r3.FuncUnit.FuncUnit_FPALU.fpunit

FADD_22(fadd):   0:pe_c1_r3.FuncUnit.FuncUnit_FPALU.fpunit

FADD_23(fadd):   0:pe_c0_r5.FuncUnit.FuncUnit_FPALU.fpunit

FADD_24(fadd):   0:pe_c3_r3.FuncUnit.FuncUnit_FPALU.fpunit

FADD_25(fadd):   0:pe_c2_r0.FuncUnit.FuncUnit_FPALU.fpunit

FADD_26(fadd):   0:pe_c2_r1.FuncUnit.FuncUnit_FPALU.fpunit

FADD_27(fadd):   0:pe_c3_r2.FuncUnit.FuncUnit_FPALU.fpunit

FMUL_10(fmul):   0:pe_c4_r1.FuncUnit_2.FuncUnit_2_FPALU.fpunit

FMUL_11(fmul):   0:pe_c4_r3.FuncUnit_2.FuncUnit_2_FPALU.fpunit

FMUL_12(fmul):   0:pe_c1_r2.FuncUnit_2.FuncUnit_2_FPALU.fpunit

FMUL_13(fmul):   0:pe_c2_r2.FuncUnit_2.FuncUnit_2_FPALU.fpunit

FMUL_14(fmul):   0:pe_c1_r3.FuncUnit_2.FuncUnit_2_FPALU.fpunit

FMUL_15(fmul):   0:pe_c3_r0.FuncUnit_2.FuncUnit_2_FPALU.fpunit

FMUL_16(fmul):   0:pe_c2_r0.FuncUnit_2.FuncUnit_2_FPALU.fpunit

FMUL_17(fmul):   0:pe_c2_r1.FuncUnit_2.FuncUnit_2_FPALU.fpunit

FMUL_18(fmul):   0:pe_c3_r3.FuncUnit_2.FuncUnit_2_FPALU.fpunit

FMUL_19(fmul):   0:pe_c2_r3.FuncUnit_2.FuncUnit_2_FPALU.fpunit

Load_0(input):   0:io_left_2.IOPin.io

Load_1(input):   0:io_bottom_2.IOPin.io

Load_2(input):   0:io_bottom_4.IOPin.io

Load_3(input):   0:io_right_5.IOPin.io

Load_4(input):   0:io_left_5.IOPin.io

Load_5(input):   0:io_bottom_3.IOPin.io

Load_6(input):   0:io_right_1.IOPin.io

Load_7(input):   0:io_right_0.IOPin.io

Load_8(input):   0:io_right_4.IOPin.io

Load_9(input):   0:io_bottom_5.IOPin.io

Store_28(output):   0:io_left_0.IOPin.io

Store_29(output):   0:io_top_4.IOPin.io


Connection Mapping Result:
Const_30_out:
__NOT_MAPPED__
Const_31_out:
__NOT_MAPPED__
Const_32_out:
__NOT_MAPPED__
Const_33_out:
__NOT_MAPPED__
Const_34_out:
__NOT_MAPPED__
Const_35_out:
__NOT_MAPPED__
Const_36_out:
__NOT_MAPPED__
Const_37_out:
__NOT_MAPPED__
Const_38_out:
__NOT_MAPPED__
Const_39_out:
__NOT_MAPPED__
FADD_20_out:
__NOT_MAPPED__
FADD_21_out:
__NOT_MAPPED__
FADD_22_out:
__NOT_MAPPED__
FADD_23_out:
__NOT_MAPPED__
FADD_24_out:
__NOT_MAPPED__
FADD_25_out:
__NOT_MAPPED__
FADD_26_out:
__NOT_MAPPED__
FADD_27_out:
__NOT_MAPPED__
FMUL_10_out:
__NOT_MAPPED__
FMUL_11_out:
__NOT_MAPPED__
FMUL_12_out:
__NOT_MAPPED__
FMUL_13_out:
__NOT_MAPPED__
FMUL_14_out:
__NOT_MAPPED__
FMUL_15_out:
__NOT_MAPPED__
FMUL_16_out:
__NOT_MAPPED__
FMUL_17_out:
__NOT_MAPPED__
FMUL_18_out:
__NOT_MAPPED__
FMUL_19_out:
__NOT_MAPPED__
Load_0_out:
__NOT_MAPPED__
Load_1_out:
__NOT_MAPPED__
Load_2_out:
__NOT_MAPPED__
Load_3_out:
__NOT_MAPPED__
Load_4_out:
__NOT_MAPPED__
Load_5_out:
__NOT_MAPPED__
Load_6_out:
__NOT_MAPPED__
Load_7_out:
__NOT_MAPPED__
Load_8_out:
__NOT_MAPPED__
Load_9_out:
__NOT_MAPPED__
Begin annealing
Iteration start: temp=165.486
Iteration start: temp=157.212
Iteration start: temp=149.352
Iteration start: temp=141.884
Iteration start: temp=134.79
Iteration start: temp=128.05
Iteration start: temp=121.648
Iteration start: temp=115.565
Iteration start: temp=109.787
Iteration start: temp=104.298
Iteration start: temp=99.0829
Iteration start: temp=94.1287
Iteration start: temp=89.4223
Iteration start: temp=84.9512
Iteration start: temp=80.7036
Iteration start: temp=76.6684
Iteration start: temp=72.835
Iteration start: temp=69.1933
Iteration start: temp=65.7336
Iteration start: temp=62.4469
Iteration start: temp=59.3246
Iteration start: temp=56.3583
Iteration start: temp=53.5404
Iteration start: temp=50.8634
Iteration start: temp=48.3202
Iteration start: temp=45.9042
Iteration start: temp=43.609
Iteration start: temp=41.4286
Iteration start: temp=39.3571
Iteration start: temp=37.3893
Iteration start: temp=35.5198
Iteration start: temp=33.7438
Iteration start: temp=32.0566
Iteration start: temp=30.4538
Iteration start: temp=28.9311
Iteration start: temp=27.4846
Iteration start: temp=26.1103
Iteration start: temp=24.8048
Iteration start: temp=23.5646
Iteration start: temp=22.3863
Iteration start: temp=21.267
Iteration start: temp=20.2037
Iteration start: temp=19.1935
Iteration start: temp=18.2338
Iteration start: temp=17.3221
Iteration start: temp=16.456
Iteration start: temp=15.6332
Iteration start: temp=14.8516
Iteration start: temp=14.109
Iteration start: temp=13.4035
Iteration start: temp=12.7334
Iteration start: temp=12.0967
Iteration start: temp=11.4919
Iteration start: temp=10.9173
Iteration start: temp=10.3714
Iteration start: temp=9.85283
Iteration start: temp=9.36019
Iteration start: temp=8.89218
Iteration start: temp=8.44757
Iteration start: temp=8.02519
Iteration start: temp=7.62393
Iteration start: temp=7.24273
Iteration start: temp=6.8806
Iteration start: temp=6.53657
Iteration start: temp=6.20974
Iteration start: temp=5.89925
Iteration start: temp=5.60429
Iteration start: temp=5.32407
Iteration start: temp=5.05787
Iteration start: temp=4.80498
Iteration start: temp=4.56473
Iteration start: temp=4.33649
Iteration start: temp=4.11967
Iteration start: temp=3.91368
Iteration start: temp=3.718
Iteration start: temp=3.5321
Iteration start: temp=3.3555
Iteration start: temp=3.18772
Iteration start: temp=2.55018
Iteration start: temp=2.04014
Iteration start: temp=1.63211
Iteration start: temp=1.30569
Iteration start: temp=1.04455
Iteration start: temp=0.835642
Iteration start: temp=0.668514
Iteration start: temp=0.534811
Iteration start: temp=0.427849
Iteration start: temp=0.342279
Iteration start: temp=0.273823
Iteration start: temp=0.219059
Iteration start: temp=0.175247
Iteration start: temp=0.140197
Iteration start: temp=0.112158
Iteration start: temp=0.0897264
Operation Mapping Result:
Const_30(const):   0:pe_c1_r0.Imm_2.const

Const_31(const):   0:pe_c1_r2.Imm_2.const

Const_32(const):   0:pe_c5_r2.Imm_2.const

Const_33(const):   0:pe_c4_r0.Imm_2.const

Const_34(const):   0:pe_c0_r3.Imm_2.const

Const_35(const):   0:pe_c3_r0.Imm_2.const

Const_36(const):   0:pe_c0_r0.Imm_2.const

Const_37(const):   0:pe_c5_r3.Imm_2.const

Const_38(const):   0:pe_c0_r5.Imm_2.const

Const_39(const):   0:pe_c5_r0.Imm_2.const

FADD_20(fadd):   0:pe_c1_r2.FuncUnit.FuncUnit_FPALU.fpunit

FADD_21(fadd):   0:pe_c0_r3.FuncUnit.FuncUnit_FPALU.fpunit

FADD_22(fadd):   0:pe_c5_r2.FuncUnit.FuncUnit_FPALU.fpunit

FADD_23(fadd):   0:pe_c0_r2.FuncUnit.FuncUnit_FPALU.fpunit

FADD_24(fadd):   0:pe_c3_r0.FuncUnit.FuncUnit_FPALU.fpunit

FADD_25(fadd):   0:pe_c1_r0.FuncUnit.FuncUnit_FPALU.fpunit

FADD_26(fadd):   0:pe_c4_r0.FuncUnit.FuncUnit_FPALU.fpunit

FADD_27(fadd):   0:pe_c2_r0.FuncUnit.FuncUnit_FPALU.fpunit

FMUL_10(fmul):   0:pe_c0_r5.FuncUnit_2.FuncUnit_2_FPALU.fpunit

FMUL_11(fmul):   0:pe_c0_r3.FuncUnit_2.FuncUnit_2_FPALU.fpunit

FMUL_12(fmul):   0:pe_c5_r3.FuncUnit_2.FuncUnit_2_FPALU.fpunit

FMUL_13(fmul):   0:pe_c1_r2.FuncUnit_2.FuncUnit_2_FPALU.fpunit

FMUL_14(fmul):   0:pe_c5_r2.FuncUnit_2.FuncUnit_2_FPALU.fpunit

FMUL_15(fmul):   0:pe_c0_r0.FuncUnit_2.FuncUnit_2_FPALU.fpunit

FMUL_16(fmul):   0:pe_c1_r0.FuncUnit_2.FuncUnit_2_FPALU.fpunit

FMUL_17(fmul):   0:pe_c4_r0.FuncUnit_2.FuncUnit_2_FPALU.fpunit

FMUL_18(fmul):   0:pe_c3_r0.FuncUnit_2.FuncUnit_2_FPALU.fpunit

FMUL_19(fmul):   0:pe_c5_r0.FuncUnit_2.FuncUnit_2_FPALU.fpunit

Load_0(input):   0:io_left_5.IOPin.io

Load_1(input):   0:io_left_3.IOPin.io

Load_2(input):   0:io_right_3.IOPin.io

Load_3(input):   0:io_left_1.IOPin.io

Load_4(input):   0:io_right_2.IOPin.io

Load_5(input):   0:io_left_0.IOPin.io

Load_6(input):   0:io_top_1.IOPin.io

Load_7(input):   0:io_right_1.IOPin.io

Load_8(input):   0:io_top_3.IOPin.io

Load_9(input):   0:io_right_0.IOPin.io

Store_28(output):   0:io_left_2.IOPin.io

Store_29(output):   0:io_top_2.IOPin.io


Connection Mapping Result:
Const_30_out:
__NOT_MAPPED__
Const_31_out:
__NOT_MAPPED__
Const_32_out:
__NOT_MAPPED__
Const_33_out:
__NOT_MAPPED__
Const_34_out:
__NOT_MAPPED__
Const_35_out:
__NOT_MAPPED__
Const_36_out:
__NOT_MAPPED__
Const_37_out:
__NOT_MAPPED__
Const_38_out:
__NOT_MAPPED__
Const_39_out:
__NOT_MAPPED__
FADD_20_out:
__NOT_MAPPED__
FADD_21_out:
__NOT_MAPPED__
FADD_22_out:
__NOT_MAPPED__
FADD_23_out:
__NOT_MAPPED__
FADD_24_out:
__NOT_MAPPED__
FADD_25_out:
__NOT_MAPPED__
FADD_26_out:
__NOT_MAPPED__
FADD_27_out:
__NOT_MAPPED__
FMUL_10_out:
__NOT_MAPPED__
FMUL_11_out:
__NOT_MAPPED__
FMUL_12_out:
__NOT_MAPPED__
FMUL_13_out:
__NOT_MAPPED__
FMUL_14_out:
__NOT_MAPPED__
FMUL_15_out:
__NOT_MAPPED__
FMUL_16_out:
__NOT_MAPPED__
FMUL_17_out:
__NOT_MAPPED__
FMUL_18_out:
__NOT_MAPPED__
FMUL_19_out:
__NOT_MAPPED__
Load_0_out:
__NOT_MAPPED__
Load_1_out:
__NOT_MAPPED__
Load_2_out:
__NOT_MAPPED__
Load_3_out:
__NOT_MAPPED__
Load_4_out:
__NOT_MAPPED__
Load_5_out:
__NOT_MAPPED__
Load_6_out:
__NOT_MAPPED__
Load_7_out:
__NOT_MAPPED__
Load_8_out:
__NOT_MAPPED__
Load_9_out:
__NOT_MAPPED__
MAPPING From: Const_30 FMUL_16 1  1
0:pe_c1_r0.FuncUnit_2.FuncUnit_2_FPALU.fpunit
Const_30 FMUL_16   -1any2input
cost 3.03
0:pe_c1_r0.Imm_2.out
0:pe_c1_r0.Imm_2.out
0:pe_c1_r0.Imm_fork_2.out0
0:pe_c1_r0.muxA_2.mux
MAPPING From: Const_31 FMUL_13 1  1
0:pe_c1_r2.FuncUnit_2.FuncUnit_2_FPALU.fpunit
Const_31 FMUL_13   -1any2input
cost 3.03
0:pe_c1_r2.Imm_2.out
0:pe_c1_r2.Imm_2.out
0:pe_c1_r2.Imm_fork_2.out0
0:pe_c1_r2.muxA_2.mux
MAPPING From: Const_32 FMUL_14 1  1
0:pe_c5_r2.FuncUnit_2.FuncUnit_2_FPALU.fpunit
Const_32 FMUL_14   -1any2input
cost 3.03
0:pe_c5_r2.Imm_2.out
0:pe_c5_r2.Imm_2.out
0:pe_c5_r2.Imm_fork_2.out0
0:pe_c5_r2.muxA_2.mux
MAPPING From: Const_33 FMUL_17 1  1
0:pe_c4_r0.FuncUnit_2.FuncUnit_2_FPALU.fpunit
Const_33 FMUL_17   -1any2input
cost 3.03
0:pe_c4_r0.Imm_2.out
0:pe_c4_r0.Imm_2.out
0:pe_c4_r0.Imm_fork_2.out0
0:pe_c4_r0.muxA_2.mux
MAPPING From: Const_34 FMUL_11 1  1
0:pe_c0_r3.FuncUnit_2.FuncUnit_2_FPALU.fpunit
Const_34 FMUL_11   -1any2input
cost 3.03
0:pe_c0_r3.Imm_2.out
0:pe_c0_r3.Imm_2.out
0:pe_c0_r3.Imm_fork_2.out0
0:pe_c0_r3.muxA_2.mux
MAPPING From: Const_35 FMUL_18 1  1
0:pe_c3_r0.FuncUnit_2.FuncUnit_2_FPALU.fpunit
Const_35 FMUL_18   -1any2input
cost 3.03
0:pe_c3_r0.Imm_2.out
0:pe_c3_r0.Imm_2.out
0:pe_c3_r0.Imm_fork_2.out0
0:pe_c3_r0.muxA_2.mux
MAPPING From: Const_36 FMUL_15 1  1
0:pe_c0_r0.FuncUnit_2.FuncUnit_2_FPALU.fpunit
Const_36 FMUL_15   -1any2input
cost 3.03
0:pe_c0_r0.Imm_2.out
0:pe_c0_r0.Imm_2.out
0:pe_c0_r0.Imm_fork_2.out0
0:pe_c0_r0.muxA_2.mux
MAPPING From: Const_37 FMUL_12 1  1
0:pe_c5_r3.FuncUnit_2.FuncUnit_2_FPALU.fpunit
Const_37 FMUL_12   -1any2input
cost 3.03
0:pe_c5_r3.Imm_2.out
0:pe_c5_r3.Imm_2.out
0:pe_c5_r3.Imm_fork_2.out0
0:pe_c5_r3.muxA_2.mux
MAPPING From: Const_38 FMUL_10 1  1
0:pe_c0_r5.FuncUnit_2.FuncUnit_2_FPALU.fpunit
Const_38 FMUL_10   -1any2input
cost 3.03
0:pe_c0_r5.Imm_2.out
0:pe_c0_r5.Imm_2.out
0:pe_c0_r5.Imm_fork_2.out0
0:pe_c0_r5.muxA_2.mux
MAPPING From: Const_39 FMUL_19 1  1
0:pe_c5_r0.FuncUnit_2.FuncUnit_2_FPALU.fpunit
Const_39 FMUL_19   -1any2input
cost 3.03
0:pe_c5_r0.Imm_2.out
0:pe_c5_r0.Imm_2.out
0:pe_c5_r0.Imm_fork_2.out0
0:pe_c5_r0.muxA_2.mux
MAPPING From: FADD_20 FADD_23 1  1
0:pe_c0_r2.FuncUnit.FuncUnit_FPALU.fpunit
FADD_20 FADD_23   -1any2input
cost 8.08
0:pe_c1_r2.FuncUnit.FuncUnit_FPALU.out
0:pe_c1_r2.FuncUnit.FuncUnit_FPALU.out
0:pe_c1_r2.crossbar.fork_crossbar8.out3
0:pe_c1_r2.crossbar.mux_3.mux
0:pe_c0_r2.reg1.reg
0:pe_c0_r2.crossbar.in1
0:pe_c0_r2.crossbar.fork_crossbar1.out7
0:pe_c0_r2.crossbar.mux_7.mux
0:pe_c0_r2.muxB.mux
MAPPING From: FADD_21 FADD_23 1  1
0:pe_c0_r2.FuncUnit.FuncUnit_FPALU.fpunit
FADD_21 FADD_23   -1any2input
cost 8.08
0:pe_c0_r3.FuncUnit.FuncUnit_FPALU.out
0:pe_c0_r3.FuncUnit.FuncUnit_FPALU.out
0:pe_c0_r3.crossbar.fork_crossbar6.out0
0:pe_c0_r3.crossbar.mux_0.mux
0:pe_c0_r2.reg2.reg
0:pe_c0_r2.crossbar.in2
0:pe_c0_r2.crossbar.fork_crossbar2.out6
0:pe_c0_r2.crossbar.mux_6.mux
0:pe_c0_r2.muxA.mux
MAPPING From: FADD_22 FADD_20 1  1
0:pe_c1_r2.FuncUnit.FuncUnit_FPALU.fpunit
FADD_22 FADD_20   -1any2input
cost 20.2
0:pe_c5_r2.FuncUnit.FuncUnit_FPALU.out
0:pe_c5_r2.FuncUnit.FuncUnit_FPALU.out
0:pe_c5_r2.crossbar.fork_crossbar6.out5
0:pe_c5_r2.crossbar.mux_5.mux
0:pe_c4_r3.reg5.reg
0:pe_c4_r3.crossbar.in5
0:pe_c4_r3.crossbar.fork_crossbar5.out7
0:pe_c4_r3.crossbar.mux_7.mux
0:pe_c3_r4.reg5.reg
0:pe_c3_r4.crossbar.in5
0:pe_c3_r4.crossbar.fork_crossbar5.out4
0:pe_c3_r4.crossbar.mux_4.mux
0:pe_c2_r3.reg6.reg
0:pe_c2_r3.crossbar.in6
0:pe_c2_r3.crossbar.fork_crossbar6.out4
0:pe_c2_r3.crossbar.mux_4.mux
0:pe_c1_r2.reg6.reg
0:pe_c1_r2.crossbar.in6
0:pe_c1_r2.crossbar.fork_crossbar6.out8
0:pe_c1_r2.crossbar.mux_8.mux
0:pe_c1_r2.muxA.mux
MAPPING From: FADD_23 Store_28 1  1
0:io_left_2.IOPin.io
FADD_23 Store_28   -1
cost 5.05
0:pe_c0_r2.FuncUnit.FuncUnit_FPALU.out
0:pe_c0_r2.FuncUnit.FuncUnit_FPALU.out
0:pe_c0_r2.crossbar.fork_crossbar6.out3
0:pe_c0_r2.crossbar.mux_3.mux
0:io_left_2.reg_in.reg
0:io_left_2.IOPin.in
MAPPING From: FADD_24 FADD_27 1  1
0:pe_c2_r0.FuncUnit.FuncUnit_FPALU.fpunit
FADD_24 FADD_27   -1any2input
cost 8.08
0:pe_c3_r0.FuncUnit.FuncUnit_FPALU.out
0:pe_c3_r0.FuncUnit.FuncUnit_FPALU.out
0:pe_c3_r0.crossbar.fork_crossbar6.out3
0:pe_c3_r0.crossbar.mux_3.mux
0:pe_c2_r0.reg1.reg
0:pe_c2_r0.crossbar.in1
0:pe_c2_r0.crossbar.fork_crossbar1.out7
0:pe_c2_r0.crossbar.mux_7.mux
0:pe_c2_r0.muxB.mux
MAPPING From: FADD_25 FADD_27 1  1
0:pe_c2_r0.FuncUnit.FuncUnit_FPALU.fpunit
FADD_25 FADD_27   -1any2input
cost 8.08
0:pe_c1_r0.FuncUnit.FuncUnit_FPALU.out
0:pe_c1_r0.FuncUnit.FuncUnit_FPALU.out
0:pe_c1_r0.crossbar.fork_crossbar6.out1
0:pe_c1_r0.crossbar.mux_1.mux
0:pe_c2_r0.reg3.reg
0:pe_c2_r0.crossbar.in3
0:pe_c2_r0.crossbar.fork_crossbar3.out6
0:pe_c2_r0.crossbar.mux_6.mux
0:pe_c2_r0.muxA.mux
MAPPING From: FADD_26 FADD_24 1  1
0:pe_c3_r0.FuncUnit.FuncUnit_FPALU.fpunit
FADD_26 FADD_24   -1any2input
cost 8.08
0:pe_c4_r0.FuncUnit.FuncUnit_FPALU.out
0:pe_c4_r0.FuncUnit.FuncUnit_FPALU.out
0:pe_c4_r0.crossbar.fork_crossbar6.out3
0:pe_c4_r0.crossbar.mux_3.mux
0:pe_c3_r0.reg1.reg
0:pe_c3_r0.crossbar.in1
0:pe_c3_r0.crossbar.fork_crossbar1.out6
0:pe_c3_r0.crossbar.mux_6.mux
0:pe_c3_r0.muxA.mux
MAPPING From: FADD_27 Store_29 1  1
0:io_top_2.IOPin.io
FADD_27 Store_29   -1
cost 5.05
0:pe_c2_r0.FuncUnit.FuncUnit_FPALU.out
0:pe_c2_r0.FuncUnit.FuncUnit_FPALU.out
0:pe_c2_r0.crossbar.fork_crossbar6.out0
0:pe_c2_r0.crossbar.mux_0.mux
0:io_top_2.reg_in.reg
0:io_top_2.IOPin.in
MAPPING From: FMUL_10 FADD_21 1  1
0:pe_c0_r3.FuncUnit.FuncUnit_FPALU.fpunit
FMUL_10 FADD_21   -1any2input
cost 12.12
0:pe_c0_r5.FuncUnit_2.FuncUnit_2_FPALU.out
0:pe_c0_r5.FuncUnit_2.FuncUnit_2_FPALU.out
0:pe_c0_r5.crossbar.fork_crossbar6.out4
0:pe_c0_r5.crossbar.mux_4.mux
0:pe_c1_r4.reg7.reg
0:pe_c1_r4.crossbar.in7
0:pe_c1_r4.crossbar.fork_crossbar7.out4
0:pe_c1_r4.crossbar.mux_4.mux
0:pe_c0_r3.reg6.reg
0:pe_c0_r3.crossbar.in5
0:pe_c0_r3.crossbar.fork_crossbar5.out7
0:pe_c0_r3.crossbar.mux_7.mux
0:pe_c0_r3.muxB.mux
MAPPING From: FMUL_11 FADD_21 1  1
0:pe_c0_r3.FuncUnit.FuncUnit_FPALU.fpunit
FMUL_11 FADD_21   -1any2input
cost 4.04
0:pe_c0_r3.FuncUnit_2.FuncUnit_2_FPALU.out
0:pe_c0_r3.FuncUnit_2.FuncUnit_2_FPALU.out
0:pe_c0_r3.crossbar.fork_crossbar7.out6
0:pe_c0_r3.crossbar.mux_6.mux
0:pe_c0_r3.muxA.mux
MAPPING From: FMUL_12 FADD_22 1  1
0:pe_c5_r2.FuncUnit.FuncUnit_FPALU.fpunit
FMUL_12 FADD_22   -1any2input
cost 8.08
0:pe_c5_r3.FuncUnit_2.FuncUnit_2_FPALU.out
0:pe_c5_r3.FuncUnit_2.FuncUnit_2_FPALU.out
0:pe_c5_r3.crossbar.fork_crossbar7.out0
0:pe_c5_r3.crossbar.mux_0.mux
0:pe_c5_r2.reg2.reg
0:pe_c5_r2.crossbar.in2
0:pe_c5_r2.crossbar.fork_crossbar2.out6
0:pe_c5_r2.crossbar.mux_6.mux
0:pe_c5_r2.muxA.mux
MAPPING From: FMUL_13 FADD_20 1  1
0:pe_c1_r2.FuncUnit.FuncUnit_FPALU.fpunit
FMUL_13 FADD_20   -1any2input
cost 4.04
0:pe_c1_r2.FuncUnit_2.FuncUnit_2_FPALU.out
0:pe_c1_r2.FuncUnit_2.FuncUnit_2_FPALU.out
0:pe_c1_r2.crossbar.fork_crossbar9.out9
0:pe_c1_r2.crossbar.mux_9.mux
0:pe_c1_r2.muxB.mux
MAPPING From: FMUL_14 FADD_22 1  1
0:pe_c5_r2.FuncUnit.FuncUnit_FPALU.fpunit
FMUL_14 FADD_22   -1any2input
cost 4.04
0:pe_c5_r2.FuncUnit_2.FuncUnit_2_FPALU.out
0:pe_c5_r2.FuncUnit_2.FuncUnit_2_FPALU.out
0:pe_c5_r2.crossbar.fork_crossbar7.out7
0:pe_c5_r2.crossbar.mux_7.mux
0:pe_c5_r2.muxB.mux
MAPPING From: FMUL_15 FADD_25 1  1
0:pe_c1_r0.FuncUnit.FuncUnit_FPALU.fpunit
FMUL_15 FADD_25   -1any2input
cost 8.08
0:pe_c0_r0.FuncUnit_2.FuncUnit_2_FPALU.out
0:pe_c0_r0.FuncUnit_2.FuncUnit_2_FPALU.out
0:pe_c0_r0.crossbar.fork_crossbar6.out1
0:pe_c0_r0.crossbar.mux_1.mux
0:pe_c1_r0.reg3.reg
0:pe_c1_r0.crossbar.in3
0:pe_c1_r0.crossbar.fork_crossbar3.out6
0:pe_c1_r0.crossbar.mux_6.mux
0:pe_c1_r0.muxA.mux
MAPPING From: FMUL_16 FADD_25 1  1
0:pe_c1_r0.FuncUnit.FuncUnit_FPALU.fpunit
FMUL_16 FADD_25   -1any2input
cost 4.04
0:pe_c1_r0.FuncUnit_2.FuncUnit_2_FPALU.out
0:pe_c1_r0.FuncUnit_2.FuncUnit_2_FPALU.out
0:pe_c1_r0.crossbar.fork_crossbar7.out7
0:pe_c1_r0.crossbar.mux_7.mux
0:pe_c1_r0.muxB.mux
MAPPING From: FMUL_17 FADD_26 1  1
0:pe_c4_r0.FuncUnit.FuncUnit_FPALU.fpunit
FMUL_17 FADD_26   -1any2input
cost 4.04
0:pe_c4_r0.FuncUnit_2.FuncUnit_2_FPALU.out
0:pe_c4_r0.FuncUnit_2.FuncUnit_2_FPALU.out
0:pe_c4_r0.crossbar.fork_crossbar7.out7
0:pe_c4_r0.crossbar.mux_7.mux
0:pe_c4_r0.muxB.mux
MAPPING From: FMUL_18 FADD_24 1  1
0:pe_c3_r0.FuncUnit.FuncUnit_FPALU.fpunit
FMUL_18 FADD_24   -1any2input
cost 4.04
0:pe_c3_r0.FuncUnit_2.FuncUnit_2_FPALU.out
0:pe_c3_r0.FuncUnit_2.FuncUnit_2_FPALU.out
0:pe_c3_r0.crossbar.fork_crossbar7.out7
0:pe_c3_r0.crossbar.mux_7.mux
0:pe_c3_r0.muxB.mux
MAPPING From: FMUL_19 FADD_26 1  1
0:pe_c4_r0.FuncUnit.FuncUnit_FPALU.fpunit
FMUL_19 FADD_26   -1any2input
cost 8.08
0:pe_c5_r0.FuncUnit_2.FuncUnit_2_FPALU.out
0:pe_c5_r0.FuncUnit_2.FuncUnit_2_FPALU.out
0:pe_c5_r0.crossbar.fork_crossbar6.out3
0:pe_c5_r0.crossbar.mux_3.mux
0:pe_c4_r0.reg1.reg
0:pe_c4_r0.crossbar.in1
0:pe_c4_r0.crossbar.fork_crossbar1.out6
0:pe_c4_r0.crossbar.mux_6.mux
0:pe_c4_r0.muxA.mux
MAPPING From: Load_0 FMUL_10 1  1
0:pe_c0_r5.FuncUnit_2.FuncUnit_2_FPALU.fpunit
Load_0 FMUL_10   -1any2input
cost 8.08
0:io_left_5.IOPin.out
0:io_left_5.IOPin.out
0:io_left_5.reg_out.reg
0:io_left_5.out
0:pe_c0_r5.reg3.reg
0:pe_c0_r5.crossbar.in3
0:pe_c0_r5.crossbar.fork_crossbar3.out8
0:pe_c0_r5.crossbar.mux_8.mux
0:pe_c0_r5.muxB_2.mux
MAPPING From: Load_1 FMUL_11 1  1
0:pe_c0_r3.FuncUnit_2.FuncUnit_2_FPALU.fpunit
Load_1 FMUL_11   -1any2input
cost 8.08
0:io_left_3.IOPin.out
0:io_left_3.IOPin.out
0:io_left_3.reg_out.reg
0:io_left_3.out
0:pe_c0_r3.reg3.reg
0:pe_c0_r3.crossbar.in3
0:pe_c0_r3.crossbar.fork_crossbar3.out9
0:pe_c0_r3.crossbar.mux_9.mux
0:pe_c0_r3.muxB_2.mux
MAPPING From: Load_2 FMUL_12 1  1
0:pe_c5_r3.FuncUnit_2.FuncUnit_2_FPALU.fpunit
Load_2 FMUL_12   -1any2input
cost 8.08
0:io_right_3.IOPin.out
0:io_right_3.IOPin.out
0:io_right_3.reg_out.reg
0:io_right_3.out
0:pe_c5_r3.reg1.reg
0:pe_c5_r3.crossbar.in1
0:pe_c5_r3.crossbar.fork_crossbar1.out9
0:pe_c5_r3.crossbar.mux_9.mux
0:pe_c5_r3.muxB_2.mux
MAPPING From: Load_3 FMUL_13 1  1
0:pe_c1_r2.FuncUnit_2.FuncUnit_2_FPALU.fpunit
Load_3 FMUL_13   -1any2input
cost 12.12
0:io_left_1.IOPin.out
0:io_left_1.IOPin.out
0:io_left_1.reg_out.reg
0:io_left_1.out
0:pe_c0_r1.reg3.reg
0:pe_c0_r1.crossbar.in3
0:pe_c0_r1.crossbar.fork_crossbar3.out5
0:pe_c0_r1.crossbar.mux_5.mux
0:pe_c1_r2.reg4.reg
0:pe_c1_r2.crossbar.in4
0:pe_c1_r2.crossbar.fork_crossbar4.out11
0:pe_c1_r2.crossbar.mux_11.mux
0:pe_c1_r2.muxB_2.mux
MAPPING From: Load_4 FMUL_14 1  1
0:pe_c5_r2.FuncUnit_2.FuncUnit_2_FPALU.fpunit
Load_4 FMUL_14   -1any2input
cost 8.08
0:io_right_2.IOPin.out
0:io_right_2.IOPin.out
0:io_right_2.reg_out.reg
0:io_right_2.out
0:pe_c5_r2.reg1.reg
0:pe_c5_r2.crossbar.in1
0:pe_c5_r2.crossbar.fork_crossbar1.out9
0:pe_c5_r2.crossbar.mux_9.mux
0:pe_c5_r2.muxB_2.mux
MAPPING From: Load_5 FMUL_15 1  1
0:pe_c0_r0.FuncUnit_2.FuncUnit_2_FPALU.fpunit
Load_5 FMUL_15   -1any2input
cost 8.08
0:io_left_0.IOPin.out
0:io_left_0.IOPin.out
0:io_left_0.reg_out.reg
0:io_left_0.out
0:pe_c0_r0.reg3.reg
0:pe_c0_r0.crossbar.in3
0:pe_c0_r0.crossbar.fork_crossbar3.out8
0:pe_c0_r0.crossbar.mux_8.mux
0:pe_c0_r0.muxB_2.mux
MAPPING From: Load_6 FMUL_16 1  1
0:pe_c1_r0.FuncUnit_2.FuncUnit_2_FPALU.fpunit
Load_6 FMUL_16   -1any2input
cost 8.08
0:io_top_1.IOPin.out
0:io_top_1.IOPin.out
0:io_top_1.reg_out.reg
0:io_top_1.out
0:pe_c1_r0.reg0.reg
0:pe_c1_r0.crossbar.in0
0:pe_c1_r0.crossbar.fork_crossbar0.out9
0:pe_c1_r0.crossbar.mux_9.mux
0:pe_c1_r0.muxB_2.mux
MAPPING From: Load_7 FMUL_17 1  1
0:pe_c4_r0.FuncUnit_2.FuncUnit_2_FPALU.fpunit
Load_7 FMUL_17   -1any2input
cost 12.12
0:io_right_1.IOPin.out
0:io_right_1.IOPin.out
0:io_right_1.reg_out.reg
0:io_right_1.out
0:pe_c5_r1.reg1.reg
0:pe_c5_r1.crossbar.in1
0:pe_c5_r1.crossbar.fork_crossbar1.out4
0:pe_c5_r1.crossbar.mux_4.mux
0:pe_c4_r0.reg6.reg
0:pe_c4_r0.crossbar.in4
0:pe_c4_r0.crossbar.fork_crossbar4.out9
0:pe_c4_r0.crossbar.mux_9.mux
0:pe_c4_r0.muxB_2.mux
MAPPING From: Load_8 FMUL_18 1  1
0:pe_c3_r0.FuncUnit_2.FuncUnit_2_FPALU.fpunit
Load_8 FMUL_18   -1any2input
cost 8.08
0:io_top_3.IOPin.out
0:io_top_3.IOPin.out
0:io_top_3.reg_out.reg
0:io_top_3.out
0:pe_c3_r0.reg0.reg
0:pe_c3_r0.crossbar.in0
0:pe_c3_r0.crossbar.fork_crossbar0.out9
0:pe_c3_r0.crossbar.mux_9.mux
0:pe_c3_r0.muxB_2.mux
MAPPING From: Load_9 FMUL_19 1  1
0:pe_c5_r0.FuncUnit_2.FuncUnit_2_FPALU.fpunit
Load_9 FMUL_19   -1any2input
cost 8.08
0:io_right_0.IOPin.out
0:io_right_0.IOPin.out
0:io_right_0.reg_out.reg
0:io_right_0.out
0:pe_c5_r0.reg1.reg
0:pe_c5_r0.crossbar.in1
0:pe_c5_r0.crossbar.fork_crossbar1.out8
0:pe_c5_r0.crossbar.mux_8.mux
0:pe_c5_r0.muxB_2.mux
GRAPH COVERED: 1   1
Number of routing resoucres used: 248
Finding delta Costs:
Total Cost: 43.95
start of PCKM:Packing Mapper +0.000000 @0.000000
  end of PCKM:Packing Mapper +0.339798 @0.339798
start of PCKM:Packing Mapper +0.000000 @0.000000
  end of PCKM:Packing Mapper +0.339810 @0.339810
[INFO] Mapping Success: 1
[INFO] Mapping Time: 0.339804
[INFO] Mapping Timeout: 0
Operation Mapping Result:
Const_30(const):   0:pe_c1_r0.Imm_2.const

Const_31(const):   0:pe_c1_r2.Imm_2.const

Const_32(const):   0:pe_c5_r2.Imm_2.const

Const_33(const):   0:pe_c4_r0.Imm_2.const

Const_34(const):   0:pe_c0_r3.Imm_2.const

Const_35(const):   0:pe_c3_r0.Imm_2.const

Const_36(const):   0:pe_c0_r0.Imm_2.const

Const_37(const):   0:pe_c5_r3.Imm_2.const

Const_38(const):   0:pe_c0_r5.Imm_2.const

Const_39(const):   0:pe_c5_r0.Imm_2.const

FADD_20(fadd):   0:pe_c1_r2.FuncUnit.FuncUnit_FPALU.fpunit

FADD_21(fadd):   0:pe_c0_r3.FuncUnit.FuncUnit_FPALU.fpunit

FADD_22(fadd):   0:pe_c5_r2.FuncUnit.FuncUnit_FPALU.fpunit

FADD_23(fadd):   0:pe_c0_r2.FuncUnit.FuncUnit_FPALU.fpunit

FADD_24(fadd):   0:pe_c3_r0.FuncUnit.FuncUnit_FPALU.fpunit

FADD_25(fadd):   0:pe_c1_r0.FuncUnit.FuncUnit_FPALU.fpunit

FADD_26(fadd):   0:pe_c4_r0.FuncUnit.FuncUnit_FPALU.fpunit

FADD_27(fadd):   0:pe_c2_r0.FuncUnit.FuncUnit_FPALU.fpunit

FMUL_10(fmul):   0:pe_c0_r5.FuncUnit_2.FuncUnit_2_FPALU.fpunit

FMUL_11(fmul):   0:pe_c0_r3.FuncUnit_2.FuncUnit_2_FPALU.fpunit

FMUL_12(fmul):   0:pe_c5_r3.FuncUnit_2.FuncUnit_2_FPALU.fpunit

FMUL_13(fmul):   0:pe_c1_r2.FuncUnit_2.FuncUnit_2_FPALU.fpunit

FMUL_14(fmul):   0:pe_c5_r2.FuncUnit_2.FuncUnit_2_FPALU.fpunit

FMUL_15(fmul):   0:pe_c0_r0.FuncUnit_2.FuncUnit_2_FPALU.fpunit

FMUL_16(fmul):   0:pe_c1_r0.FuncUnit_2.FuncUnit_2_FPALU.fpunit

FMUL_17(fmul):   0:pe_c4_r0.FuncUnit_2.FuncUnit_2_FPALU.fpunit

FMUL_18(fmul):   0:pe_c3_r0.FuncUnit_2.FuncUnit_2_FPALU.fpunit

FMUL_19(fmul):   0:pe_c5_r0.FuncUnit_2.FuncUnit_2_FPALU.fpunit

Load_0(input):   0:io_left_5.IOPin.io

Load_1(input):   0:io_left_3.IOPin.io

Load_2(input):   0:io_right_3.IOPin.io

Load_3(input):   0:io_left_1.IOPin.io

Load_4(input):   0:io_right_2.IOPin.io

Load_5(input):   0:io_left_0.IOPin.io

Load_6(input):   0:io_top_1.IOPin.io

Load_7(input):   0:io_right_1.IOPin.io

Load_8(input):   0:io_top_3.IOPin.io

Load_9(input):   0:io_right_0.IOPin.io

Store_28(output):   0:io_left_2.IOPin.io

Store_29(output):   0:io_top_2.IOPin.io


Connection Mapping Result:
Const_30_out:
  0:pe_c1_r0.Imm_2.out
  0:pe_c1_r0.Imm_fork_2.in
  0:pe_c1_r0.Imm_fork_2.fork
  0:pe_c1_r0.Imm_fork_2.out0
  0:pe_c1_r0.muxA_2.in1
  0:pe_c1_r0.muxA_2.mux
  0:pe_c1_r0.muxA_2.out
  0:pe_c1_r0.FuncUnit_2.FuncUnit_2_join.out0
  0:pe_c1_r0.FuncUnit_2.FuncUnit_2_FPALU.in_a
  0:pe_c1_r0.FuncUnit_2.FuncUnit_2_join.in0
  0:pe_c1_r0.FuncUnit_2.in_a

Const_31_out:
  0:pe_c1_r2.Imm_2.out
  0:pe_c1_r2.Imm_fork_2.in
  0:pe_c1_r2.Imm_fork_2.fork
  0:pe_c1_r2.muxA_2.mux
  0:pe_c1_r2.muxA_2.out
  0:pe_c1_r2.FuncUnit_2.FuncUnit_2_join.out0
  0:pe_c1_r2.FuncUnit_2.FuncUnit_2_FPALU.in_a
  0:pe_c1_r2.FuncUnit_2.FuncUnit_2_join.in0
  0:pe_c1_r2.FuncUnit_2.in_a
  0:pe_c1_r2.Imm_fork_2.out0
  0:pe_c1_r2.muxA_2.in1

Const_32_out:
  0:pe_c5_r2.Imm_2.out
  0:pe_c5_r2.Imm_fork_2.in
  0:pe_c5_r2.Imm_fork_2.fork
  0:pe_c5_r2.Imm_fork_2.out0
  0:pe_c5_r2.muxA_2.in1
  0:pe_c5_r2.muxA_2.mux
  0:pe_c5_r2.muxA_2.out
  0:pe_c5_r2.FuncUnit_2.FuncUnit_2_FPALU.in_a
  0:pe_c5_r2.FuncUnit_2.FuncUnit_2_join.out0
  0:pe_c5_r2.FuncUnit_2.FuncUnit_2_join.in0
  0:pe_c5_r2.FuncUnit_2.in_a

Const_33_out:
  0:pe_c4_r0.Imm_2.out
  0:pe_c4_r0.Imm_fork_2.in
  0:pe_c4_r0.Imm_fork_2.fork
  0:pe_c4_r0.Imm_fork_2.out0
  0:pe_c4_r0.muxA_2.in1
  0:pe_c4_r0.muxA_2.mux
  0:pe_c4_r0.muxA_2.out
  0:pe_c4_r0.FuncUnit_2.FuncUnit_2_FPALU.in_a
  0:pe_c4_r0.FuncUnit_2.FuncUnit_2_join.out0
  0:pe_c4_r0.FuncUnit_2.FuncUnit_2_join.in0
  0:pe_c4_r0.FuncUnit_2.in_a

Const_34_out:
  0:pe_c0_r3.FuncUnit_2.FuncUnit_2_join.out0
  0:pe_c0_r3.FuncUnit_2.FuncUnit_2_FPALU.in_a
  0:pe_c0_r3.muxA_2.mux
  0:pe_c0_r3.muxA_2.out
  0:pe_c0_r3.FuncUnit_2.FuncUnit_2_join.in0
  0:pe_c0_r3.FuncUnit_2.in_a
  0:pe_c0_r3.Imm_fork_2.out0
  0:pe_c0_r3.muxA_2.in1
  0:pe_c0_r3.Imm_2.out
  0:pe_c0_r3.Imm_fork_2.in
  0:pe_c0_r3.Imm_fork_2.fork

Const_35_out:
  0:pe_c3_r0.Imm_2.out
  0:pe_c3_r0.Imm_fork_2.in
  0:pe_c3_r0.Imm_fork_2.fork
  0:pe_c3_r0.Imm_fork_2.out0
  0:pe_c3_r0.muxA_2.in1
  0:pe_c3_r0.muxA_2.mux
  0:pe_c3_r0.muxA_2.out
  0:pe_c3_r0.FuncUnit_2.FuncUnit_2_FPALU.in_a
  0:pe_c3_r0.FuncUnit_2.FuncUnit_2_join.out0
  0:pe_c3_r0.FuncUnit_2.FuncUnit_2_join.in0
  0:pe_c3_r0.FuncUnit_2.in_a

Const_36_out:
  0:pe_c0_r0.muxA_2.mux
  0:pe_c0_r0.muxA_2.out
  0:pe_c0_r0.FuncUnit_2.FuncUnit_2_join.out0
  0:pe_c0_r0.FuncUnit_2.FuncUnit_2_FPALU.in_a
  0:pe_c0_r0.FuncUnit_2.FuncUnit_2_join.in0
  0:pe_c0_r0.FuncUnit_2.in_a
  0:pe_c0_r0.Imm_fork_2.out0
  0:pe_c0_r0.muxA_2.in1
  0:pe_c0_r0.Imm_2.out
  0:pe_c0_r0.Imm_fork_2.in
  0:pe_c0_r0.Imm_fork_2.fork

Const_37_out:
  0:pe_c5_r3.Imm_2.out
  0:pe_c5_r3.Imm_fork_2.in
  0:pe_c5_r3.Imm_fork_2.fork
  0:pe_c5_r3.Imm_fork_2.out0
  0:pe_c5_r3.muxA_2.in1
  0:pe_c5_r3.muxA_2.mux
  0:pe_c5_r3.muxA_2.out
  0:pe_c5_r3.FuncUnit_2.FuncUnit_2_FPALU.in_a
  0:pe_c5_r3.FuncUnit_2.FuncUnit_2_join.out0
  0:pe_c5_r3.FuncUnit_2.FuncUnit_2_join.in0
  0:pe_c5_r3.FuncUnit_2.in_a

Const_38_out:
  0:pe_c0_r5.Imm_2.out
  0:pe_c0_r5.Imm_fork_2.in
  0:pe_c0_r5.Imm_fork_2.fork
  0:pe_c0_r5.Imm_fork_2.out0
  0:pe_c0_r5.muxA_2.in1
  0:pe_c0_r5.muxA_2.mux
  0:pe_c0_r5.muxA_2.out
  0:pe_c0_r5.FuncUnit_2.FuncUnit_2_join.out0
  0:pe_c0_r5.FuncUnit_2.FuncUnit_2_FPALU.in_a
  0:pe_c0_r5.FuncUnit_2.FuncUnit_2_join.in0
  0:pe_c0_r5.FuncUnit_2.in_a

Const_39_out:
  0:pe_c5_r0.Imm_2.out
  0:pe_c5_r0.Imm_fork_2.in
  0:pe_c5_r0.Imm_fork_2.fork
  0:pe_c5_r0.Imm_fork_2.out0
  0:pe_c5_r0.muxA_2.in1
  0:pe_c5_r0.muxA_2.mux
  0:pe_c5_r0.muxA_2.out
  0:pe_c5_r0.FuncUnit_2.FuncUnit_2_FPALU.in_a
  0:pe_c5_r0.FuncUnit_2.FuncUnit_2_join.out0
  0:pe_c5_r0.FuncUnit_2.FuncUnit_2_join.in0
  0:pe_c5_r0.FuncUnit_2.in_a

FADD_20_out:
  0:pe_c0_r2.reg1.reg
  0:pe_c0_r2.reg1.out
  0:pe_c0_r2.reg1.m_out
  0:pe_c0_r2.muxB.out
  0:pe_c0_r2.FuncUnit.FuncUnit_join.out1
  0:pe_c0_r2.FuncUnit.FuncUnit_FPALU.in_b
  0:pe_c0_r2.FuncUnit.FuncUnit_join.in1
  0:pe_c0_r2.muxB.mux
  0:pe_c0_r2.FuncUnit.in_b
  0:pe_c0_r2.crossbar.out7
  0:pe_c0_r2.buffB.buffer
  0:pe_c0_r2.crossbar.mux_7.mux
  0:pe_c0_r2.muxB.in0
  0:pe_c0_r2.buffB.data_in
  0:pe_c0_r2.buffB.data_out
  0:pe_c0_r2.crossbar.mux_7.out
  0:pe_c0_r2.crossbar.in1
  0:pe_c0_r2.crossbar.fork_crossbar1.in
  0:pe_c0_r2.crossbar.fork_crossbar1.fork
  0:pe_c0_r2.crossbar.fork_crossbar1.out7
  0:pe_c0_r2.crossbar.mux_7.in1
  0:pe_c1_r2.crossbar.fork_crossbar8.out3
  0:pe_c1_r2.crossbar.mux_3.in8
  0:pe_c0_r2.in1
  0:pe_c0_r2.reg1.m_in
  0:pe_c1_r2.crossbar.mux_3.mux
  0:pe_c1_r2.out3
  0:pe_c0_r2.reg1.in
  0:pe_c1_r2.crossbar.out3
  0:pe_c1_r2.crossbar.mux_3.out
  0:pe_c1_r2.FuncUnit.FuncUnit_FPALU.out
  0:pe_c1_r2.crossbar.in8
  0:pe_c1_r2.crossbar.fork_crossbar8.fork
  0:pe_c1_r2.crossbar.fork_crossbar8.in
  0:pe_c1_r2.buffOut.data_out
  0:pe_c1_r2.buffOut.data_in
  0:pe_c1_r2.buffOut.buffer
  0:pe_c1_r2.FuncUnit.out
  0:pe_c1_r2.FuncUnit.FuncUnit_token_inducer.data_out
  0:pe_c1_r2.FuncUnit.FuncUnit_token_inducer.data_in

FADD_21_out:
  0:pe_c0_r2.in2
  0:pe_c0_r2.reg2.in
  0:pe_c0_r2.reg2.m_in
  0:pe_c0_r3.crossbar.mux_0.mux
  0:pe_c0_r3.out0
  0:pe_c0_r3.crossbar.out0
  0:pe_c0_r3.crossbar.mux_0.out
  0:pe_c0_r3.crossbar.fork_crossbar6.out0
  0:pe_c0_r3.crossbar.mux_0.in6
  0:pe_c0_r3.FuncUnit.FuncUnit_FPALU.out
  0:pe_c0_r3.crossbar.in6
  0:pe_c0_r3.crossbar.fork_crossbar6.fork
  0:pe_c0_r3.crossbar.fork_crossbar6.in
  0:pe_c0_r3.buffOut.data_in
  0:pe_c0_r3.buffOut.data_out
  0:pe_c0_r3.FuncUnit.out
  0:pe_c0_r3.FuncUnit.FuncUnit_token_inducer.data_out
  0:pe_c0_r3.buffOut.buffer
  0:pe_c0_r3.FuncUnit.FuncUnit_token_inducer.data_in
  0:pe_c0_r2.reg2.reg
  0:pe_c0_r2.reg2.out
  0:pe_c0_r2.reg2.m_out
  0:pe_c0_r2.muxA.mux
  0:pe_c0_r2.muxA.out
  0:pe_c0_r2.FuncUnit.FuncUnit_join.out0
  0:pe_c0_r2.FuncUnit.FuncUnit_FPALU.in_a
  0:pe_c0_r2.FuncUnit.FuncUnit_join.in0
  0:pe_c0_r2.FuncUnit.in_a
  0:pe_c0_r2.crossbar.out6
  0:pe_c0_r2.crossbar.mux_6.mux
  0:pe_c0_r2.buffA.buffer
  0:pe_c0_r2.buffA.data_in
  0:pe_c0_r2.buffA.data_out
  0:pe_c0_r2.muxA.in0
  0:pe_c0_r2.crossbar.mux_6.out
  0:pe_c0_r2.crossbar.in2
  0:pe_c0_r2.crossbar.fork_crossbar2.in
  0:pe_c0_r2.crossbar.fork_crossbar2.fork
  0:pe_c0_r2.crossbar.fork_crossbar2.out6
  0:pe_c0_r2.crossbar.mux_6.in2

FADD_22_out:
  0:pe_c3_r4.crossbar.mux_4.mux
  0:pe_c3_r4.out4
  0:pe_c2_r3.in6
  0:pe_c2_r3.reg6.in
  0:pe_c2_r3.reg6.m_in
  0:pe_c3_r4.crossbar.out4
  0:pe_c3_r4.crossbar.mux_4.out
  0:pe_c3_r4.crossbar.fork_crossbar5.out4
  0:pe_c3_r4.crossbar.mux_4.in5
  0:pe_c1_r2.crossbar.in6
  0:pe_c1_r2.crossbar.fork_crossbar6.in
  0:pe_c1_r2.crossbar.fork_crossbar6.fork
  0:pe_c2_r3.reg6.reg
  0:pe_c2_r3.reg6.out
  0:pe_c2_r3.reg6.m_out
  0:pe_c3_r4.reg5.reg
  0:pe_c3_r4.reg5.out
  0:pe_c3_r4.reg5.m_out
  0:pe_c2_r3.crossbar.mux_4.mux
  0:pe_c2_r3.out4
  0:pe_c1_r2.in6
  0:pe_c1_r2.reg6.in
  0:pe_c1_r2.reg6.m_in
  0:pe_c2_r3.crossbar.out4
  0:pe_c2_r3.crossbar.mux_4.out
  0:pe_c1_r2.muxA.mux
  0:pe_c1_r2.muxA.out
  0:pe_c1_r2.FuncUnit.FuncUnit_join.out0
  0:pe_c1_r2.FuncUnit.FuncUnit_FPALU.in_a
  0:pe_c1_r2.FuncUnit.FuncUnit_join.in0
  0:pe_c1_r2.FuncUnit.in_a
  0:pe_c1_r2.crossbar.fork_crossbar6.out8
  0:pe_c1_r2.crossbar.mux_8.in6
  0:pe_c1_r2.reg6.reg
  0:pe_c1_r2.reg6.out
  0:pe_c1_r2.reg6.m_out
  0:pe_c3_r4.crossbar.in5
  0:pe_c3_r4.crossbar.fork_crossbar5.in
  0:pe_c3_r4.crossbar.fork_crossbar5.fork
  0:pe_c2_r3.crossbar.in6
  0:pe_c2_r3.crossbar.fork_crossbar6.in
  0:pe_c2_r3.crossbar.fork_crossbar6.fork
  0:pe_c1_r2.crossbar.mux_8.mux
  0:pe_c1_r2.muxA.in0
  0:pe_c1_r2.crossbar.out8
  0:pe_c1_r2.buffA.buffer
  0:pe_c1_r2.buffA.data_in
  0:pe_c1_r2.buffA.data_out
  0:pe_c1_r2.crossbar.mux_8.out
  0:pe_c2_r3.crossbar.fork_crossbar6.out4
  0:pe_c2_r3.crossbar.mux_4.in6
  0:pe_c4_r3.crossbar.fork_crossbar5.out7
  0:pe_c4_r3.crossbar.mux_7.in5
  0:pe_c4_r3.crossbar.in5
  0:pe_c4_r3.crossbar.fork_crossbar5.in
  0:pe_c4_r3.crossbar.fork_crossbar5.fork
  0:pe_c4_r3.crossbar.mux_7.mux
  0:pe_c4_r3.out7
  0:pe_c3_r4.in5
  0:pe_c3_r4.reg5.in
  0:pe_c3_r4.reg5.m_in
  0:pe_c4_r3.crossbar.out7
  0:pe_c4_r3.crossbar.mux_7.out
  0:pe_c4_r3.reg5.reg
  0:pe_c4_r3.reg5.out
  0:pe_c4_r3.reg5.m_out
  0:pe_c5_r2.crossbar.fork_crossbar6.fork
  0:pe_c5_r2.FuncUnit.FuncUnit_FPALU.out
  0:pe_c5_r2.buffOut.data_out
  0:pe_c5_r2.buffOut.data_in
  0:pe_c5_r2.buffOut.buffer
  0:pe_c5_r2.crossbar.in6
  0:pe_c5_r2.FuncUnit.out
  0:pe_c5_r2.FuncUnit.FuncUnit_token_inducer.data_out
  0:pe_c5_r2.crossbar.fork_crossbar6.in
  0:pe_c5_r2.FuncUnit.FuncUnit_token_inducer.data_in
  0:pe_c5_r2.crossbar.fork_crossbar6.out5
  0:pe_c5_r2.crossbar.mux_5.in6
  0:pe_c5_r2.crossbar.mux_5.mux
  0:pe_c5_r2.out7
  0:pe_c4_r3.reg5.in
  0:pe_c4_r3.reg5.m_in
  0:pe_c5_r2.crossbar.out5
  0:pe_c4_r3.in5
  0:pe_c5_r2.crossbar.mux_5.out

FADD_23_out:
  0:pe_c0_r2.crossbar.mux_3.mux
  0:pe_c0_r2.out3
  0:io_left_2.in
  0:io_left_2.reg_in.in
  0:io_left_2.reg_in.m_in
  0:pe_c0_r2.crossbar.out3
  0:pe_c0_r2.crossbar.mux_3.out
  0:pe_c0_r2.crossbar.fork_crossbar6.out3
  0:pe_c0_r2.crossbar.mux_3.in6
  0:pe_c0_r2.FuncUnit.FuncUnit_FPALU.out
  0:pe_c0_r2.crossbar.fork_crossbar6.in
  0:pe_c0_r2.buffOut.data_out
  0:pe_c0_r2.buffOut.data_in
  0:pe_c0_r2.buffOut.buffer
  0:pe_c0_r2.crossbar.in6
  0:pe_c0_r2.crossbar.fork_crossbar6.fork
  0:pe_c0_r2.FuncUnit.out
  0:pe_c0_r2.FuncUnit.FuncUnit_token_inducer.data_out
  0:pe_c0_r2.FuncUnit.FuncUnit_token_inducer.data_in
  0:io_left_2.reg_in.reg
  0:io_left_2.reg_in.out
  0:io_left_2.reg_in.m_out
  0:io_left_2.IOPin.in

FADD_24_out:
  0:pe_c3_r0.crossbar.fork_crossbar6.out3
  0:pe_c3_r0.crossbar.mux_3.in6
  0:pe_c2_r0.crossbar.fork_crossbar1.out7
  0:pe_c2_r0.crossbar.mux_7.in1
  0:pe_c2_r0.muxB.mux
  0:pe_c2_r0.muxB.out
  0:pe_c2_r0.FuncUnit.FuncUnit_join.out1
  0:pe_c2_r0.FuncUnit.FuncUnit_FPALU.in_b
  0:pe_c2_r0.FuncUnit.FuncUnit_join.in1
  0:pe_c2_r0.FuncUnit.in_b
  0:pe_c3_r0.crossbar.mux_3.mux
  0:pe_c2_r0.in1
  0:pe_c2_r0.reg1.in
  0:pe_c2_r0.reg1.m_in
  0:pe_c3_r0.out3
  0:pe_c3_r0.crossbar.out3
  0:pe_c3_r0.crossbar.mux_3.out
  0:pe_c2_r0.crossbar.mux_7.mux
  0:pe_c2_r0.muxB.in0
  0:pe_c2_r0.buffB.buffer
  0:pe_c2_r0.buffB.data_in
  0:pe_c2_r0.crossbar.out7
  0:pe_c2_r0.buffB.data_out
  0:pe_c2_r0.crossbar.mux_7.out
  0:pe_c2_r0.crossbar.in1
  0:pe_c2_r0.crossbar.fork_crossbar1.in
  0:pe_c2_r0.crossbar.fork_crossbar1.fork
  0:pe_c2_r0.reg1.reg
  0:pe_c2_r0.reg1.out
  0:pe_c2_r0.reg1.m_out
  0:pe_c3_r0.crossbar.fork_crossbar6.fork
  0:pe_c3_r0.FuncUnit.FuncUnit_FPALU.out
  0:pe_c3_r0.buffOut.data_out
  0:pe_c3_r0.buffOut.data_in
  0:pe_c3_r0.buffOut.buffer
  0:pe_c3_r0.crossbar.in6
  0:pe_c3_r0.FuncUnit.out
  0:pe_c3_r0.FuncUnit.FuncUnit_token_inducer.data_out
  0:pe_c3_r0.crossbar.fork_crossbar6.in
  0:pe_c3_r0.FuncUnit.FuncUnit_token_inducer.data_in

FADD_25_out:
  0:pe_c2_r0.reg3.reg
  0:pe_c2_r0.reg3.out
  0:pe_c2_r0.reg3.m_out
  0:pe_c2_r0.muxA.mux
  0:pe_c2_r0.muxA.out
  0:pe_c2_r0.FuncUnit.FuncUnit_join.out0
  0:pe_c2_r0.FuncUnit.FuncUnit_FPALU.in_a
  0:pe_c2_r0.FuncUnit.FuncUnit_join.in0
  0:pe_c2_r0.FuncUnit.in_a
  0:pe_c1_r0.FuncUnit.FuncUnit_FPALU.out
  0:pe_c1_r0.crossbar.in6
  0:pe_c1_r0.crossbar.fork_crossbar6.fork
  0:pe_c1_r0.crossbar.fork_crossbar6.in
  0:pe_c1_r0.buffOut.data_out
  0:pe_c1_r0.buffOut.data_in
  0:pe_c1_r0.buffOut.buffer
  0:pe_c1_r0.FuncUnit.out
  0:pe_c1_r0.FuncUnit.FuncUnit_token_inducer.data_out
  0:pe_c1_r0.FuncUnit.FuncUnit_token_inducer.data_in
  0:pe_c2_r0.muxA.in0
  0:pe_c2_r0.crossbar.out6
  0:pe_c2_r0.crossbar.mux_6.mux
  0:pe_c2_r0.buffA.buffer
  0:pe_c2_r0.buffA.data_in
  0:pe_c2_r0.buffA.data_out
  0:pe_c2_r0.crossbar.mux_6.out
  0:pe_c1_r0.crossbar.fork_crossbar6.out1
  0:pe_c1_r0.crossbar.mux_1.in6
  0:pe_c2_r0.crossbar.fork_crossbar3.out6
  0:pe_c2_r0.crossbar.mux_6.in3
  0:pe_c2_r0.reg3.in
  0:pe_c2_r0.in3
  0:pe_c1_r0.crossbar.mux_1.mux
  0:pe_c2_r0.reg3.m_in
  0:pe_c1_r0.out1
  0:pe_c1_r0.crossbar.out1
  0:pe_c1_r0.crossbar.mux_1.out
  0:pe_c2_r0.crossbar.in3
  0:pe_c2_r0.crossbar.fork_crossbar3.in
  0:pe_c2_r0.crossbar.fork_crossbar3.fork

FADD_26_out:
  0:pe_c3_r0.muxA.mux
  0:pe_c3_r0.muxA.out
  0:pe_c3_r0.FuncUnit.FuncUnit_join.out0
  0:pe_c3_r0.FuncUnit.FuncUnit_FPALU.in_a
  0:pe_c3_r0.FuncUnit.FuncUnit_join.in0
  0:pe_c3_r0.FuncUnit.in_a
  0:pe_c4_r0.crossbar.fork_crossbar6.out3
  0:pe_c4_r0.crossbar.mux_3.in6
  0:pe_c3_r0.muxA.in0
  0:pe_c3_r0.crossbar.out6
  0:pe_c3_r0.crossbar.mux_6.mux
  0:pe_c3_r0.buffA.buffer
  0:pe_c3_r0.buffA.data_in
  0:pe_c3_r0.buffA.data_out
  0:pe_c3_r0.crossbar.mux_6.out
  0:pe_c3_r0.crossbar.fork_crossbar1.out6
  0:pe_c3_r0.crossbar.mux_6.in1
  0:pe_c3_r0.reg1.reg
  0:pe_c3_r0.reg1.out
  0:pe_c3_r0.reg1.m_out
  0:pe_c4_r0.crossbar.fork_crossbar6.fork
  0:pe_c4_r0.FuncUnit.FuncUnit_FPALU.out
  0:pe_c4_r0.buffOut.data_out
  0:pe_c4_r0.buffOut.data_in
  0:pe_c4_r0.buffOut.buffer
  0:pe_c4_r0.crossbar.in6
  0:pe_c4_r0.FuncUnit.out
  0:pe_c4_r0.FuncUnit.FuncUnit_token_inducer.data_out
  0:pe_c4_r0.crossbar.fork_crossbar6.in
  0:pe_c4_r0.FuncUnit.FuncUnit_token_inducer.data_in
  0:pe_c4_r0.crossbar.mux_3.mux
  0:pe_c3_r0.in1
  0:pe_c3_r0.reg1.m_in
  0:pe_c4_r0.out3
  0:pe_c4_r0.crossbar.out3
  0:pe_c3_r0.reg1.in
  0:pe_c4_r0.crossbar.mux_3.out
  0:pe_c3_r0.crossbar.in1
  0:pe_c3_r0.crossbar.fork_crossbar1.in
  0:pe_c3_r0.crossbar.fork_crossbar1.fork

FADD_27_out:
  0:pe_c2_r0.crossbar.mux_0.mux
  0:pe_c2_r0.out0
  0:io_top_2.in
  0:io_top_2.reg_in.in
  0:io_top_2.reg_in.m_in
  0:pe_c2_r0.crossbar.out0
  0:pe_c2_r0.crossbar.mux_0.out
  0:io_top_2.reg_in.reg
  0:io_top_2.reg_in.out
  0:io_top_2.reg_in.m_out
  0:io_top_2.IOPin.in
  0:pe_c2_r0.crossbar.fork_crossbar6.out0
  0:pe_c2_r0.crossbar.mux_0.in6
  0:pe_c2_r0.crossbar.fork_crossbar6.fork
  0:pe_c2_r0.FuncUnit.FuncUnit_FPALU.out
  0:pe_c2_r0.buffOut.data_out
  0:pe_c2_r0.buffOut.data_in
  0:pe_c2_r0.buffOut.buffer
  0:pe_c2_r0.crossbar.in6
  0:pe_c2_r0.FuncUnit.out
  0:pe_c2_r0.FuncUnit.FuncUnit_token_inducer.data_out
  0:pe_c2_r0.crossbar.fork_crossbar6.in
  0:pe_c2_r0.FuncUnit.FuncUnit_token_inducer.data_in

FMUL_10_out:
  0:pe_c1_r4.crossbar.fork_crossbar7.out4
  0:pe_c1_r4.crossbar.mux_4.in7
  0:pe_c0_r3.reg6.reg
  0:pe_c0_r3.reg6.out
  0:pe_c0_r3.reg6.m_out
  0:pe_c0_r3.muxB.mux
  0:pe_c0_r3.muxB.out
  0:pe_c0_r3.FuncUnit.FuncUnit_join.out1
  0:pe_c0_r3.FuncUnit.FuncUnit_FPALU.in_b
  0:pe_c0_r3.FuncUnit.FuncUnit_join.in1
  0:pe_c0_r3.FuncUnit.in_b
  0:pe_c0_r3.buffB.buffer
  0:pe_c0_r3.buffB.data_in
  0:pe_c0_r3.buffB.data_out
  0:pe_c0_r3.crossbar.mux_7.mux
  0:pe_c0_r3.muxB.in0
  0:pe_c0_r3.crossbar.out7
  0:pe_c0_r3.crossbar.mux_7.out
  0:pe_c0_r3.crossbar.in5
  0:pe_c0_r3.crossbar.fork_crossbar5.in
  0:pe_c0_r3.crossbar.fork_crossbar5.fork
  0:pe_c0_r3.crossbar.fork_crossbar5.out7
  0:pe_c0_r3.crossbar.mux_7.in5
  0:pe_c0_r3.in6
  0:pe_c0_r3.reg6.in
  0:pe_c0_r3.reg6.m_in
  0:pe_c1_r4.crossbar.mux_4.mux
  0:pe_c1_r4.out4
  0:pe_c1_r4.crossbar.out4
  0:pe_c1_r4.crossbar.mux_4.out
  0:pe_c0_r5.FuncUnit_2.FuncUnit_2_FPALU.out
  0:pe_c0_r5.crossbar.in6
  0:pe_c0_r5.crossbar.fork_crossbar6.fork
  0:pe_c0_r5.crossbar.fork_crossbar6.in
  0:pe_c0_r5.buffOut_2.data_out
  0:pe_c0_r5.buffOut_2.data_in
  0:pe_c0_r5.buffOut_2.buffer
  0:pe_c0_r5.FuncUnit_2.out
  0:pe_c0_r5.FuncUnit_2.FuncUnit_2_token_inducer.data_out
  0:pe_c0_r5.FuncUnit_2.FuncUnit_2_token_inducer.data_in
  0:pe_c0_r5.crossbar.fork_crossbar6.out4
  0:pe_c0_r5.crossbar.mux_4.in6
  0:pe_c1_r4.reg7.m_in
  0:pe_c1_r4.reg7.in
  0:pe_c1_r4.in7
  0:pe_c0_r5.crossbar.mux_4.mux
  0:pe_c0_r5.out5
  0:pe_c0_r5.crossbar.out4
  0:pe_c0_r5.crossbar.mux_4.out
  0:pe_c1_r4.reg7.reg
  0:pe_c1_r4.reg7.out
  0:pe_c1_r4.reg7.m_out
  0:pe_c1_r4.crossbar.in7
  0:pe_c1_r4.crossbar.fork_crossbar7.in
  0:pe_c1_r4.crossbar.fork_crossbar7.fork

FMUL_11_out:
  0:pe_c0_r3.muxA.mux
  0:pe_c0_r3.muxA.out
  0:pe_c0_r3.FuncUnit.FuncUnit_join.out0
  0:pe_c0_r3.FuncUnit.FuncUnit_FPALU.in_a
  0:pe_c0_r3.FuncUnit.FuncUnit_join.in0
  0:pe_c0_r3.FuncUnit.in_a
  0:pe_c0_r3.buffA.data_in
  0:pe_c0_r3.buffA.data_out
  0:pe_c0_r3.crossbar.mux_6.mux
  0:pe_c0_r3.muxA.in0
  0:pe_c0_r3.crossbar.out6
  0:pe_c0_r3.buffA.buffer
  0:pe_c0_r3.crossbar.mux_6.out
  0:pe_c0_r3.crossbar.fork_crossbar7.out6
  0:pe_c0_r3.crossbar.mux_6.in7
  0:pe_c0_r3.crossbar.in7
  0:pe_c0_r3.crossbar.fork_crossbar7.fork
  0:pe_c0_r3.crossbar.fork_crossbar7.in
  0:pe_c0_r3.buffOut_2.data_out
  0:pe_c0_r3.buffOut_2.data_in
  0:pe_c0_r3.buffOut_2.buffer
  0:pe_c0_r3.FuncUnit_2.out
  0:pe_c0_r3.FuncUnit_2.FuncUnit_2_FPALU.out
  0:pe_c0_r3.FuncUnit_2.FuncUnit_2_token_inducer.data_out
  0:pe_c0_r3.FuncUnit_2.FuncUnit_2_token_inducer.data_in

FMUL_12_out:
  0:pe_c5_r2.crossbar.fork_crossbar2.out6
  0:pe_c5_r2.crossbar.mux_6.in2
  0:pe_c5_r2.crossbar.in2
  0:pe_c5_r2.crossbar.fork_crossbar2.in
  0:pe_c5_r2.crossbar.fork_crossbar2.fork
  0:pe_c5_r2.muxA.in0
  0:pe_c5_r2.crossbar.out6
  0:pe_c5_r2.crossbar.mux_6.mux
  0:pe_c5_r2.buffA.buffer
  0:pe_c5_r2.buffA.data_in
  0:pe_c5_r2.buffA.data_out
  0:pe_c5_r2.crossbar.mux_6.out
  0:pe_c5_r2.muxA.mux
  0:pe_c5_r2.muxA.out
  0:pe_c5_r2.FuncUnit.FuncUnit_join.out0
  0:pe_c5_r2.FuncUnit.FuncUnit_FPALU.in_a
  0:pe_c5_r2.FuncUnit.FuncUnit_join.in0
  0:pe_c5_r2.FuncUnit.in_a
  0:pe_c5_r2.reg2.reg
  0:pe_c5_r2.reg2.out
  0:pe_c5_r2.reg2.m_out
  0:pe_c5_r3.FuncUnit_2.FuncUnit_2_FPALU.out
  0:pe_c5_r3.crossbar.in7
  0:pe_c5_r3.crossbar.fork_crossbar7.fork
  0:pe_c5_r3.crossbar.fork_crossbar7.in
  0:pe_c5_r3.buffOut_2.data_out
  0:pe_c5_r3.buffOut_2.data_in
  0:pe_c5_r3.buffOut_2.buffer
  0:pe_c5_r3.FuncUnit_2.out
  0:pe_c5_r3.FuncUnit_2.FuncUnit_2_token_inducer.data_out
  0:pe_c5_r3.FuncUnit_2.FuncUnit_2_token_inducer.data_in
  0:pe_c5_r3.crossbar.fork_crossbar7.out0
  0:pe_c5_r3.crossbar.mux_0.in7
  0:pe_c5_r3.crossbar.mux_0.mux
  0:pe_c5_r3.out0
  0:pe_c5_r2.in2
  0:pe_c5_r2.reg2.in
  0:pe_c5_r2.reg2.m_in
  0:pe_c5_r3.crossbar.out0
  0:pe_c5_r3.crossbar.mux_0.out

FMUL_13_out:
  0:pe_c1_r2.FuncUnit_2.FuncUnit_2_FPALU.out
  0:pe_c1_r2.crossbar.in9
  0:pe_c1_r2.crossbar.fork_crossbar9.fork
  0:pe_c1_r2.crossbar.fork_crossbar9.in
  0:pe_c1_r2.buffOut_2.data_out
  0:pe_c1_r2.buffOut_2.data_in
  0:pe_c1_r2.buffOut_2.buffer
  0:pe_c1_r2.FuncUnit_2.out
  0:pe_c1_r2.FuncUnit_2.FuncUnit_2_token_inducer.data_out
  0:pe_c1_r2.FuncUnit_2.FuncUnit_2_token_inducer.data_in
  0:pe_c1_r2.crossbar.fork_crossbar9.out9
  0:pe_c1_r2.crossbar.mux_9.in9
  0:pe_c1_r2.muxB.mux
  0:pe_c1_r2.muxB.out
  0:pe_c1_r2.FuncUnit.FuncUnit_join.out1
  0:pe_c1_r2.FuncUnit.FuncUnit_FPALU.in_b
  0:pe_c1_r2.FuncUnit.FuncUnit_join.in1
  0:pe_c1_r2.FuncUnit.in_b
  0:pe_c1_r2.crossbar.mux_9.mux
  0:pe_c1_r2.muxB.in0
  0:pe_c1_r2.crossbar.out9
  0:pe_c1_r2.buffB.buffer
  0:pe_c1_r2.buffB.data_in
  0:pe_c1_r2.buffB.data_out
  0:pe_c1_r2.crossbar.mux_9.out

FMUL_14_out:
  0:pe_c5_r2.FuncUnit_2.FuncUnit_2_FPALU.out
  0:pe_c5_r2.crossbar.in7
  0:pe_c5_r2.crossbar.fork_crossbar7.fork
  0:pe_c5_r2.crossbar.fork_crossbar7.in
  0:pe_c5_r2.buffOut_2.data_out
  0:pe_c5_r2.buffOut_2.data_in
  0:pe_c5_r2.buffOut_2.buffer
  0:pe_c5_r2.FuncUnit_2.out
  0:pe_c5_r2.FuncUnit_2.FuncUnit_2_token_inducer.data_out
  0:pe_c5_r2.FuncUnit_2.FuncUnit_2_token_inducer.data_in
  0:pe_c5_r2.crossbar.fork_crossbar7.out7
  0:pe_c5_r2.crossbar.mux_7.in7
  0:pe_c5_r2.crossbar.mux_7.mux
  0:pe_c5_r2.muxB.in0
  0:pe_c5_r2.buffB.buffer
  0:pe_c5_r2.buffB.data_in
  0:pe_c5_r2.crossbar.out7
  0:pe_c5_r2.buffB.data_out
  0:pe_c5_r2.crossbar.mux_7.out
  0:pe_c5_r2.muxB.mux
  0:pe_c5_r2.muxB.out
  0:pe_c5_r2.FuncUnit.FuncUnit_join.out1
  0:pe_c5_r2.FuncUnit.FuncUnit_FPALU.in_b
  0:pe_c5_r2.FuncUnit.FuncUnit_join.in1
  0:pe_c5_r2.FuncUnit.in_b

FMUL_15_out:
  0:pe_c1_r0.crossbar.fork_crossbar3.out6
  0:pe_c1_r0.crossbar.mux_6.in3
  0:pe_c1_r0.crossbar.in3
  0:pe_c1_r0.crossbar.fork_crossbar3.in
  0:pe_c1_r0.crossbar.fork_crossbar3.fork
  0:pe_c1_r0.reg3.m_in
  0:pe_c1_r0.reg3.in
  0:pe_c1_r0.in3
  0:pe_c0_r0.crossbar.mux_1.mux
  0:pe_c0_r0.out1
  0:pe_c0_r0.crossbar.out1
  0:pe_c0_r0.crossbar.mux_1.out
  0:pe_c1_r0.crossbar.mux_6.mux
  0:pe_c1_r0.muxA.in0
  0:pe_c1_r0.crossbar.out6
  0:pe_c1_r0.buffA.buffer
  0:pe_c1_r0.buffA.data_in
  0:pe_c1_r0.buffA.data_out
  0:pe_c1_r0.crossbar.mux_6.out
  0:pe_c0_r0.crossbar.fork_crossbar6.out1
  0:pe_c0_r0.crossbar.mux_1.in6
  0:pe_c0_r0.FuncUnit_2.FuncUnit_2_FPALU.out
  0:pe_c0_r0.crossbar.in6
  0:pe_c0_r0.crossbar.fork_crossbar6.fork
  0:pe_c0_r0.buffOut_2.data_out
  0:pe_c0_r0.buffOut_2.data_in
  0:pe_c0_r0.buffOut_2.buffer
  0:pe_c0_r0.FuncUnit_2.out
  0:pe_c0_r0.crossbar.fork_crossbar6.in
  0:pe_c0_r0.FuncUnit_2.FuncUnit_2_token_inducer.data_out
  0:pe_c0_r0.FuncUnit_2.FuncUnit_2_token_inducer.data_in
  0:pe_c1_r0.muxA.mux
  0:pe_c1_r0.muxA.out
  0:pe_c1_r0.FuncUnit.FuncUnit_join.out0
  0:pe_c1_r0.FuncUnit.FuncUnit_FPALU.in_a
  0:pe_c1_r0.FuncUnit.FuncUnit_join.in0
  0:pe_c1_r0.FuncUnit.in_a
  0:pe_c1_r0.reg3.reg
  0:pe_c1_r0.reg3.out
  0:pe_c1_r0.reg3.m_out

FMUL_16_out:
  0:pe_c1_r0.FuncUnit_2.FuncUnit_2_FPALU.out
  0:pe_c1_r0.crossbar.in7
  0:pe_c1_r0.crossbar.fork_crossbar7.fork
  0:pe_c1_r0.crossbar.fork_crossbar7.in
  0:pe_c1_r0.buffOut_2.data_out
  0:pe_c1_r0.buffOut_2.data_in
  0:pe_c1_r0.buffOut_2.buffer
  0:pe_c1_r0.FuncUnit_2.out
  0:pe_c1_r0.FuncUnit_2.FuncUnit_2_token_inducer.data_out
  0:pe_c1_r0.FuncUnit_2.FuncUnit_2_token_inducer.data_in
  0:pe_c1_r0.crossbar.fork_crossbar7.out7
  0:pe_c1_r0.crossbar.mux_7.in7
  0:pe_c1_r0.crossbar.mux_7.mux
  0:pe_c1_r0.muxB.in0
  0:pe_c1_r0.crossbar.out7
  0:pe_c1_r0.buffB.buffer
  0:pe_c1_r0.buffB.data_in
  0:pe_c1_r0.buffB.data_out
  0:pe_c1_r0.crossbar.mux_7.out
  0:pe_c1_r0.muxB.mux
  0:pe_c1_r0.muxB.out
  0:pe_c1_r0.FuncUnit.FuncUnit_join.out1
  0:pe_c1_r0.FuncUnit.FuncUnit_FPALU.in_b
  0:pe_c1_r0.FuncUnit.FuncUnit_join.in1
  0:pe_c1_r0.FuncUnit.in_b

FMUL_17_out:
  0:pe_c4_r0.crossbar.mux_7.mux
  0:pe_c4_r0.muxB.in0
  0:pe_c4_r0.buffB.buffer
  0:pe_c4_r0.buffB.data_in
  0:pe_c4_r0.crossbar.out7
  0:pe_c4_r0.buffB.data_out
  0:pe_c4_r0.crossbar.mux_7.out
  0:pe_c4_r0.FuncUnit_2.FuncUnit_2_FPALU.out
  0:pe_c4_r0.crossbar.in7
  0:pe_c4_r0.crossbar.fork_crossbar7.fork
  0:pe_c4_r0.crossbar.fork_crossbar7.in
  0:pe_c4_r0.buffOut_2.data_out
  0:pe_c4_r0.buffOut_2.data_in
  0:pe_c4_r0.buffOut_2.buffer
  0:pe_c4_r0.FuncUnit_2.out
  0:pe_c4_r0.FuncUnit_2.FuncUnit_2_token_inducer.data_out
  0:pe_c4_r0.FuncUnit_2.FuncUnit_2_token_inducer.data_in
  0:pe_c4_r0.crossbar.fork_crossbar7.out7
  0:pe_c4_r0.crossbar.mux_7.in7
  0:pe_c4_r0.muxB.mux
  0:pe_c4_r0.muxB.out
  0:pe_c4_r0.FuncUnit.FuncUnit_join.out1
  0:pe_c4_r0.FuncUnit.FuncUnit_FPALU.in_b
  0:pe_c4_r0.FuncUnit.FuncUnit_join.in1
  0:pe_c4_r0.FuncUnit.in_b

FMUL_18_out:
  0:pe_c3_r0.FuncUnit_2.FuncUnit_2_FPALU.out
  0:pe_c3_r0.crossbar.in7
  0:pe_c3_r0.crossbar.fork_crossbar7.fork
  0:pe_c3_r0.crossbar.fork_crossbar7.in
  0:pe_c3_r0.buffOut_2.data_out
  0:pe_c3_r0.buffOut_2.data_in
  0:pe_c3_r0.buffOut_2.buffer
  0:pe_c3_r0.FuncUnit_2.out
  0:pe_c3_r0.FuncUnit_2.FuncUnit_2_token_inducer.data_out
  0:pe_c3_r0.FuncUnit_2.FuncUnit_2_token_inducer.data_in
  0:pe_c3_r0.muxB.mux
  0:pe_c3_r0.muxB.out
  0:pe_c3_r0.FuncUnit.FuncUnit_join.out1
  0:pe_c3_r0.FuncUnit.FuncUnit_FPALU.in_b
  0:pe_c3_r0.FuncUnit.FuncUnit_join.in1
  0:pe_c3_r0.FuncUnit.in_b
  0:pe_c3_r0.crossbar.mux_7.mux
  0:pe_c3_r0.muxB.in0
  0:pe_c3_r0.buffB.buffer
  0:pe_c3_r0.buffB.data_in
  0:pe_c3_r0.crossbar.out7
  0:pe_c3_r0.buffB.data_out
  0:pe_c3_r0.crossbar.mux_7.out
  0:pe_c3_r0.crossbar.fork_crossbar7.out7
  0:pe_c3_r0.crossbar.mux_7.in7

FMUL_19_out:
  0:pe_c4_r0.crossbar.fork_crossbar1.out6
  0:pe_c4_r0.crossbar.mux_6.in1
  0:pe_c4_r0.muxA.in0
  0:pe_c4_r0.crossbar.out6
  0:pe_c4_r0.crossbar.mux_6.mux
  0:pe_c4_r0.buffA.buffer
  0:pe_c4_r0.buffA.data_in
  0:pe_c4_r0.buffA.data_out
  0:pe_c4_r0.crossbar.mux_6.out
  0:pe_c4_r0.crossbar.in1
  0:pe_c4_r0.crossbar.fork_crossbar1.in
  0:pe_c4_r0.crossbar.fork_crossbar1.fork
  0:pe_c5_r0.FuncUnit_2.FuncUnit_2_FPALU.out
  0:pe_c5_r0.crossbar.fork_crossbar6.in
  0:pe_c5_r0.buffOut_2.data_out
  0:pe_c5_r0.buffOut_2.data_in
  0:pe_c5_r0.buffOut_2.buffer
  0:pe_c5_r0.crossbar.in6
  0:pe_c5_r0.FuncUnit_2.out
  0:pe_c5_r0.crossbar.fork_crossbar6.fork
  0:pe_c5_r0.FuncUnit_2.FuncUnit_2_token_inducer.data_out
  0:pe_c5_r0.FuncUnit_2.FuncUnit_2_token_inducer.data_in
  0:pe_c5_r0.crossbar.fork_crossbar6.out3
  0:pe_c5_r0.crossbar.mux_3.in6
  0:pe_c5_r0.crossbar.mux_3.mux
  0:pe_c4_r0.in1
  0:pe_c4_r0.reg1.in
  0:pe_c4_r0.reg1.m_in
  0:pe_c5_r0.out3
  0:pe_c5_r0.crossbar.out3
  0:pe_c5_r0.crossbar.mux_3.out
  0:pe_c4_r0.muxA.mux
  0:pe_c4_r0.muxA.out
  0:pe_c4_r0.FuncUnit.FuncUnit_join.out0
  0:pe_c4_r0.FuncUnit.FuncUnit_FPALU.in_a
  0:pe_c4_r0.FuncUnit.FuncUnit_join.in0
  0:pe_c4_r0.FuncUnit.in_a
  0:pe_c4_r0.reg1.reg
  0:pe_c4_r0.reg1.out
  0:pe_c4_r0.reg1.m_out

Load_0_out:
  0:pe_c0_r5.crossbar.fork_crossbar3.out8
  0:pe_c0_r5.crossbar.mux_8.in3
  0:pe_c0_r5.crossbar.in3
  0:pe_c0_r5.crossbar.fork_crossbar3.in
  0:pe_c0_r5.crossbar.fork_crossbar3.fork
  0:pe_c0_r5.crossbar.mux_8.mux
  0:pe_c0_r5.muxB_2.in0
  0:pe_c0_r5.crossbar.out8
  0:pe_c0_r5.buffB_2.buffer
  0:pe_c0_r5.buffB_2.data_in
  0:pe_c0_r5.buffB_2.data_out
  0:pe_c0_r5.crossbar.mux_8.out
  0:pe_c0_r5.muxB_2.mux
  0:pe_c0_r5.muxB_2.out
  0:pe_c0_r5.FuncUnit_2.FuncUnit_2_join.out1
  0:pe_c0_r5.FuncUnit_2.FuncUnit_2_FPALU.in_b
  0:pe_c0_r5.FuncUnit_2.FuncUnit_2_join.in1
  0:pe_c0_r5.FuncUnit_2.in_b
  0:pe_c0_r5.reg3.reg
  0:pe_c0_r5.reg3.out
  0:pe_c0_r5.reg3.m_out
  0:io_left_5.reg_out.reg
  0:io_left_5.reg_out.out
  0:io_left_5.reg_out.m_out
  0:io_left_5.IOPin.out
  0:io_left_5.reg_out.m_in
  0:io_left_5.reg_out.in
  0:io_left_5.out
  0:pe_c0_r5.reg3.m_in
  0:pe_c0_r5.reg3.in
  0:pe_c0_r5.in3

Load_1_out:
  0:pe_c0_r3.reg3.reg
  0:pe_c0_r3.reg3.out
  0:pe_c0_r3.reg3.m_out
  0:pe_c0_r3.muxB_2.mux
  0:pe_c0_r3.muxB_2.out
  0:pe_c0_r3.FuncUnit_2.FuncUnit_2_join.out1
  0:pe_c0_r3.FuncUnit_2.FuncUnit_2_FPALU.in_b
  0:pe_c0_r3.FuncUnit_2.FuncUnit_2_join.in1
  0:pe_c0_r3.FuncUnit_2.in_b
  0:pe_c0_r3.buffB_2.buffer
  0:pe_c0_r3.buffB_2.data_in
  0:pe_c0_r3.buffB_2.data_out
  0:pe_c0_r3.crossbar.mux_9.mux
  0:pe_c0_r3.muxB_2.in0
  0:pe_c0_r3.crossbar.out9
  0:pe_c0_r3.crossbar.mux_9.out
  0:pe_c0_r3.crossbar.in3
  0:pe_c0_r3.crossbar.fork_crossbar3.in
  0:pe_c0_r3.crossbar.fork_crossbar3.fork
  0:pe_c0_r3.crossbar.fork_crossbar3.out9
  0:pe_c0_r3.crossbar.mux_9.in3
  0:io_left_3.reg_out.reg
  0:io_left_3.reg_out.out
  0:io_left_3.reg_out.m_out
  0:io_left_3.IOPin.out
  0:io_left_3.reg_out.m_in
  0:io_left_3.reg_out.in
  0:io_left_3.out
  0:pe_c0_r3.reg3.m_in
  0:pe_c0_r3.reg3.in
  0:pe_c0_r3.in3

Load_2_out:
  0:io_right_3.reg_out.reg
  0:io_right_3.reg_out.out
  0:io_right_3.reg_out.m_out
  0:io_right_3.out
  0:pe_c5_r3.reg1.m_in
  0:pe_c5_r3.reg1.in
  0:pe_c5_r3.in1
  0:io_right_3.IOPin.out
  0:io_right_3.reg_out.m_in
  0:io_right_3.reg_out.in
  0:pe_c5_r3.crossbar.fork_crossbar1.out9
  0:pe_c5_r3.crossbar.mux_9.in1
  0:pe_c5_r3.crossbar.in1
  0:pe_c5_r3.crossbar.fork_crossbar1.in
  0:pe_c5_r3.crossbar.fork_crossbar1.fork
  0:pe_c5_r3.crossbar.out9
  0:pe_c5_r3.buffB_2.buffer
  0:pe_c5_r3.crossbar.mux_9.mux
  0:pe_c5_r3.muxB_2.in0
  0:pe_c5_r3.buffB_2.data_in
  0:pe_c5_r3.buffB_2.data_out
  0:pe_c5_r3.crossbar.mux_9.out
  0:pe_c5_r3.muxB_2.mux
  0:pe_c5_r3.muxB_2.out
  0:pe_c5_r3.FuncUnit_2.FuncUnit_2_join.out1
  0:pe_c5_r3.FuncUnit_2.FuncUnit_2_FPALU.in_b
  0:pe_c5_r3.FuncUnit_2.FuncUnit_2_join.in1
  0:pe_c5_r3.FuncUnit_2.in_b
  0:pe_c5_r3.reg1.reg
  0:pe_c5_r3.reg1.out
  0:pe_c5_r3.reg1.m_out

Load_3_out:
  0:pe_c1_r2.crossbar.in4
  0:pe_c1_r2.crossbar.fork_crossbar4.in
  0:pe_c1_r2.crossbar.fork_crossbar4.fork
  0:pe_c0_r1.reg3.reg
  0:pe_c0_r1.reg3.out
  0:pe_c0_r1.reg3.m_out
  0:pe_c1_r2.muxB_2.mux
  0:pe_c1_r2.muxB_2.out
  0:pe_c1_r2.FuncUnit_2.FuncUnit_2_join.out1
  0:pe_c1_r2.FuncUnit_2.FuncUnit_2_FPALU.in_b
  0:pe_c1_r2.FuncUnit_2.FuncUnit_2_join.in1
  0:pe_c1_r2.FuncUnit_2.in_b
  0:pe_c1_r2.reg4.m_in
  0:pe_c1_r2.reg4.in
  0:pe_c1_r2.in4
  0:pe_c0_r1.crossbar.mux_5.mux
  0:pe_c0_r1.out6
  0:pe_c0_r1.crossbar.out5
  0:pe_c0_r1.crossbar.mux_5.out
  0:pe_c0_r1.crossbar.in3
  0:pe_c0_r1.crossbar.fork_crossbar3.in
  0:pe_c0_r1.crossbar.fork_crossbar3.fork
  0:pe_c0_r1.crossbar.fork_crossbar3.out5
  0:pe_c0_r1.crossbar.mux_5.in3
  0:pe_c1_r2.reg4.reg
  0:pe_c1_r2.reg4.out
  0:pe_c1_r2.reg4.m_out
  0:pe_c1_r2.crossbar.mux_11.mux
  0:pe_c1_r2.muxB_2.in0
  0:pe_c1_r2.crossbar.out11
  0:pe_c1_r2.buffB_2.buffer
  0:pe_c1_r2.buffB_2.data_in
  0:pe_c1_r2.buffB_2.data_out
  0:pe_c1_r2.crossbar.mux_11.out
  0:pe_c1_r2.crossbar.fork_crossbar4.out11
  0:pe_c1_r2.crossbar.mux_11.in4
  0:io_left_1.reg_out.reg
  0:io_left_1.reg_out.out
  0:io_left_1.reg_out.m_out
  0:io_left_1.out
  0:pe_c0_r1.reg3.m_in
  0:pe_c0_r1.reg3.in
  0:pe_c0_r1.in3
  0:io_left_1.reg_out.m_in
  0:io_left_1.IOPin.out
  0:io_left_1.reg_out.in

Load_4_out:
  0:io_right_2.reg_out.reg
  0:io_right_2.reg_out.out
  0:io_right_2.reg_out.m_out
  0:io_right_2.reg_out.m_in
  0:io_right_2.IOPin.out
  0:io_right_2.reg_out.in
  0:io_right_2.out
  0:pe_c5_r2.reg1.m_in
  0:pe_c5_r2.reg1.in
  0:pe_c5_r2.in1
  0:pe_c5_r2.crossbar.fork_crossbar1.out9
  0:pe_c5_r2.crossbar.mux_9.in1
  0:pe_c5_r2.crossbar.in1
  0:pe_c5_r2.crossbar.fork_crossbar1.in
  0:pe_c5_r2.crossbar.fork_crossbar1.fork
  0:pe_c5_r2.crossbar.out9
  0:pe_c5_r2.buffB_2.buffer
  0:pe_c5_r2.crossbar.mux_9.mux
  0:pe_c5_r2.muxB_2.in0
  0:pe_c5_r2.buffB_2.data_in
  0:pe_c5_r2.buffB_2.data_out
  0:pe_c5_r2.crossbar.mux_9.out
  0:pe_c5_r2.muxB_2.mux
  0:pe_c5_r2.muxB_2.out
  0:pe_c5_r2.FuncUnit_2.FuncUnit_2_join.out1
  0:pe_c5_r2.FuncUnit_2.FuncUnit_2_FPALU.in_b
  0:pe_c5_r2.FuncUnit_2.FuncUnit_2_join.in1
  0:pe_c5_r2.FuncUnit_2.in_b
  0:pe_c5_r2.reg1.reg
  0:pe_c5_r2.reg1.out
  0:pe_c5_r2.reg1.m_out

Load_5_out:
  0:pe_c0_r0.reg3.reg
  0:pe_c0_r0.reg3.out
  0:pe_c0_r0.reg3.m_out
  0:pe_c0_r0.muxB_2.out
  0:pe_c0_r0.FuncUnit_2.FuncUnit_2_join.out1
  0:pe_c0_r0.FuncUnit_2.FuncUnit_2_FPALU.in_b
  0:pe_c0_r0.muxB_2.mux
  0:pe_c0_r0.FuncUnit_2.FuncUnit_2_join.in1
  0:pe_c0_r0.FuncUnit_2.in_b
  0:pe_c0_r0.crossbar.mux_8.mux
  0:pe_c0_r0.muxB_2.in0
  0:pe_c0_r0.crossbar.out8
  0:pe_c0_r0.buffB_2.buffer
  0:pe_c0_r0.buffB_2.data_in
  0:pe_c0_r0.buffB_2.data_out
  0:pe_c0_r0.crossbar.mux_8.out
  0:pe_c0_r0.crossbar.in3
  0:pe_c0_r0.crossbar.fork_crossbar3.in
  0:pe_c0_r0.crossbar.fork_crossbar3.fork
  0:pe_c0_r0.crossbar.fork_crossbar3.out8
  0:pe_c0_r0.crossbar.mux_8.in3
  0:io_left_0.reg_out.reg
  0:io_left_0.reg_out.out
  0:io_left_0.reg_out.m_out
  0:io_left_0.IOPin.out
  0:io_left_0.reg_out.m_in
  0:io_left_0.reg_out.in
  0:io_left_0.out
  0:pe_c0_r0.reg3.m_in
  0:pe_c0_r0.reg3.in
  0:pe_c0_r0.in3

Load_6_out:
  0:pe_c1_r0.crossbar.fork_crossbar0.out9
  0:pe_c1_r0.crossbar.mux_9.in0
  0:pe_c1_r0.crossbar.in0
  0:pe_c1_r0.crossbar.fork_crossbar0.in
  0:pe_c1_r0.crossbar.fork_crossbar0.fork
  0:pe_c1_r0.crossbar.mux_9.mux
  0:pe_c1_r0.muxB_2.in0
  0:pe_c1_r0.crossbar.out9
  0:pe_c1_r0.buffB_2.buffer
  0:pe_c1_r0.buffB_2.data_in
  0:pe_c1_r0.buffB_2.data_out
  0:pe_c1_r0.crossbar.mux_9.out
  0:pe_c1_r0.muxB_2.mux
  0:pe_c1_r0.muxB_2.out
  0:pe_c1_r0.FuncUnit_2.FuncUnit_2_join.out1
  0:pe_c1_r0.FuncUnit_2.FuncUnit_2_FPALU.in_b
  0:pe_c1_r0.FuncUnit_2.FuncUnit_2_join.in1
  0:pe_c1_r0.FuncUnit_2.in_b
  0:pe_c1_r0.reg0.reg
  0:pe_c1_r0.reg0.out
  0:pe_c1_r0.reg0.m_out
  0:io_top_1.reg_out.reg
  0:io_top_1.reg_out.out
  0:io_top_1.reg_out.m_out
  0:io_top_1.IOPin.out
  0:io_top_1.reg_out.m_in
  0:io_top_1.reg_out.in
  0:io_top_1.out
  0:pe_c1_r0.reg0.m_in
  0:pe_c1_r0.reg0.in
  0:pe_c1_r0.in0

Load_7_out:
  0:pe_c4_r0.crossbar.fork_crossbar4.out9
  0:pe_c4_r0.crossbar.mux_9.in4
  0:pe_c4_r0.crossbar.out9
  0:pe_c4_r0.buffB_2.buffer
  0:pe_c4_r0.crossbar.mux_9.mux
  0:pe_c4_r0.muxB_2.in0
  0:pe_c4_r0.buffB_2.data_in
  0:pe_c4_r0.buffB_2.data_out
  0:pe_c4_r0.crossbar.mux_9.out
  0:pe_c4_r0.crossbar.in4
  0:pe_c4_r0.crossbar.fork_crossbar4.in
  0:pe_c4_r0.crossbar.fork_crossbar4.fork
  0:io_right_1.reg_out.reg
  0:io_right_1.reg_out.out
  0:io_right_1.reg_out.m_out
  0:io_right_1.out
  0:pe_c5_r1.reg1.m_in
  0:pe_c5_r1.reg1.in
  0:pe_c5_r1.in1
  0:io_right_1.IOPin.out
  0:io_right_1.reg_out.m_in
  0:io_right_1.reg_out.in
  0:pe_c5_r1.crossbar.fork_crossbar1.out4
  0:pe_c5_r1.crossbar.mux_4.in1
  0:pe_c5_r1.crossbar.in1
  0:pe_c5_r1.crossbar.fork_crossbar1.in
  0:pe_c5_r1.crossbar.fork_crossbar1.fork
  0:pe_c5_r1.crossbar.mux_4.mux
  0:pe_c5_r1.out4
  0:pe_c4_r0.reg6.in
  0:pe_c4_r0.reg6.m_in
  0:pe_c5_r1.crossbar.out4
  0:pe_c4_r0.in6
  0:pe_c5_r1.crossbar.mux_4.out
  0:pe_c5_r1.reg1.reg
  0:pe_c5_r1.reg1.out
  0:pe_c5_r1.reg1.m_out
  0:pe_c4_r0.muxB_2.mux
  0:pe_c4_r0.muxB_2.out
  0:pe_c4_r0.FuncUnit_2.FuncUnit_2_join.out1
  0:pe_c4_r0.FuncUnit_2.FuncUnit_2_FPALU.in_b
  0:pe_c4_r0.FuncUnit_2.FuncUnit_2_join.in1
  0:pe_c4_r0.FuncUnit_2.in_b
  0:pe_c4_r0.reg6.reg
  0:pe_c4_r0.reg6.out
  0:pe_c4_r0.reg6.m_out

Load_8_out:
  0:pe_c3_r0.muxB_2.mux
  0:pe_c3_r0.muxB_2.out
  0:pe_c3_r0.FuncUnit_2.FuncUnit_2_join.out1
  0:pe_c3_r0.FuncUnit_2.FuncUnit_2_FPALU.in_b
  0:pe_c3_r0.FuncUnit_2.FuncUnit_2_join.in1
  0:pe_c3_r0.FuncUnit_2.in_b
  0:pe_c3_r0.reg0.reg
  0:pe_c3_r0.reg0.out
  0:pe_c3_r0.reg0.m_out
  0:pe_c3_r0.crossbar.fork_crossbar0.out9
  0:pe_c3_r0.crossbar.mux_9.in0
  0:pe_c3_r0.crossbar.out9
  0:pe_c3_r0.buffB_2.buffer
  0:pe_c3_r0.crossbar.mux_9.mux
  0:pe_c3_r0.muxB_2.in0
  0:pe_c3_r0.buffB_2.data_in
  0:pe_c3_r0.buffB_2.data_out
  0:pe_c3_r0.crossbar.mux_9.out
  0:io_top_3.reg_out.reg
  0:io_top_3.reg_out.out
  0:io_top_3.reg_out.m_out
  0:io_top_3.out
  0:pe_c3_r0.reg0.m_in
  0:pe_c3_r0.reg0.in
  0:pe_c3_r0.in0
  0:io_top_3.IOPin.out
  0:io_top_3.reg_out.m_in
  0:io_top_3.reg_out.in
  0:pe_c3_r0.crossbar.in0
  0:pe_c3_r0.crossbar.fork_crossbar0.in
  0:pe_c3_r0.crossbar.fork_crossbar0.fork

Load_9_out:
  0:io_right_0.reg_out.reg
  0:io_right_0.reg_out.out
  0:io_right_0.reg_out.m_out
  0:pe_c5_r0.reg1.m_in
  0:pe_c5_r0.reg1.in
  0:io_right_0.out
  0:pe_c5_r0.in1
  0:io_right_0.IOPin.out
  0:io_right_0.reg_out.m_in
  0:io_right_0.reg_out.in
  0:pe_c5_r0.crossbar.fork_crossbar1.out8
  0:pe_c5_r0.crossbar.mux_8.in1
  0:pe_c5_r0.crossbar.in1
  0:pe_c5_r0.crossbar.fork_crossbar1.in
  0:pe_c5_r0.crossbar.fork_crossbar1.fork
  0:pe_c5_r0.crossbar.mux_8.mux
  0:pe_c5_r0.muxB_2.in0
  0:pe_c5_r0.crossbar.out8
  0:pe_c5_r0.buffB_2.buffer
  0:pe_c5_r0.buffB_2.data_in
  0:pe_c5_r0.buffB_2.data_out
  0:pe_c5_r0.crossbar.mux_8.out
  0:pe_c5_r0.muxB_2.mux
  0:pe_c5_r0.FuncUnit_2.FuncUnit_2_join.out1
  0:pe_c5_r0.FuncUnit_2.FuncUnit_2_FPALU.in_b
  0:pe_c5_r0.muxB_2.out
  0:pe_c5_r0.FuncUnit_2.FuncUnit_2_join.in1
  0:pe_c5_r0.FuncUnit_2.in_b
  0:pe_c5_r0.reg1.reg
  0:pe_c5_r0.reg1.out
  0:pe_c5_r0.reg1.m_out

No isolated found
                  start of CGRA-ME +0.000000 @0.000000
               create architecture +0.103921 @0.103921
                       create MRRG +0.061188 @0.165109
                       reduce MRRG +1.114881 @1.279990
                           mapping +0.339897 @1.619887
post mapping checks and transforms +0.036260 @1.656147
                    end of CGRA-ME +0.011865 @1.668012
